Log file open, 11/01/16 11:06:47
LogInit:Display: Running engine for game: Project_lonesome
LogPlatformFile: Not using cached read wrapper
LogInit:Display: RandInit(-1633289086) SRandInit(-1633289086).
LogTaskGraph: Started task graph with 5 named threads and 8 total threads with 1 sets of task threads.
LogStats: Stats thread started at 0.076943
LogPluginManager: Loaded Plugin Paper2D, From D:/Program Files (x86)/Epic Games/4.13/Engine/Plugins/2D/Paper2D/Paper2D.uplugin
LogPluginManager: Loaded Plugin LightPropagationVolume, From D:/Program Files (x86)/Epic Games/4.13/Engine/Plugins/Blendables/LightPropagationVolume/LightPropagationVolume.uplugin
LogPluginManager: Loaded Plugin BlankPlugin, From D:/Program Files (x86)/Epic Games/4.13/Engine/Plugins/Developer/BlankPlugin/BlankPlugin.uplugin
LogPluginManager: Loaded Plugin CodeLiteSourceCodeAccess, From D:/Program Files (x86)/Epic Games/4.13/Engine/Plugins/Developer/CodeLiteSourceCodeAccess/CodeLiteSourceCodeAccess.uplugin
LogPluginManager: Loaded Plugin GitSourceControl, From D:/Program Files (x86)/Epic Games/4.13/Engine/Plugins/Developer/GitSourceControl/GitSourceControl.uplugin
LogPluginManager: Loaded Plugin KDevelopSourceCodeAccess, From D:/Program Files (x86)/Epic Games/4.13/Engine/Plugins/Developer/KDevelopSourceCodeAccess/KDevelopSourceCodeAccess.uplugin
LogPluginManager: Loaded Plugin NullSourceCodeAccess, From D:/Program Files (x86)/Epic Games/4.13/Engine/Plugins/Developer/NullSourceCodeAccess/NullSourceCodeAccess.uplugin
LogPluginManager: Loaded Plugin OneSkyLocalizationService, From D:/Program Files (x86)/Epic Games/4.13/Engine/Plugins/Developer/OneSkyLocalizationService/OneSkyLocalizationService.uplugin
LogPluginManager: Loaded Plugin PerforceSourceControl, From D:/Program Files (x86)/Epic Games/4.13/Engine/Plugins/Developer/PerforceSourceControl/PerforceSourceControl.uplugin
LogPluginManager: Loaded Plugin SubversionSourceControl, From D:/Program Files (x86)/Epic Games/4.13/Engine/Plugins/Developer/SubversionSourceControl/SubversionSourceControl.uplugin
LogPluginManager: Loaded Plugin UObjectPlugin, From D:/Program Files (x86)/Epic Games/4.13/Engine/Plugins/Developer/UObjectPlugin/UObjectPlugin.uplugin
LogPluginManager: Loaded Plugin VisualStudioSourceCodeAccess, From D:/Program Files (x86)/Epic Games/4.13/Engine/Plugins/Developer/VisualStudioSourceCodeAccess/VisualStudioSourceCodeAccess.uplugin
LogPluginManager: Loaded Plugin XCodeSourceCodeAccess, From D:/Program Files (x86)/Epic Games/4.13/Engine/Plugins/Developer/XCodeSourceCodeAccess/XCodeSourceCodeAccess.uplugin
LogPluginManager: Loaded Plugin EpicSurvey, From D:/Program Files (x86)/Epic Games/4.13/Engine/Plugins/Editor/EpicSurvey/EpicSurvey.uplugin
LogPluginManager: Loaded Plugin MacGraphicsSwitching, From D:/Program Files (x86)/Epic Games/4.13/Engine/Plugins/Editor/MacGraphicsSwitching/MacGraphicsSwitching.uplugin
LogPluginManager: Loaded Plugin MobileLauncherProfileWizard, From D:/Program Files (x86)/Epic Games/4.13/Engine/Plugins/Editor/MobileLauncherProfileWizard/MobileLauncherProfileWizard.uplugin
LogPluginManager: Loaded Plugin PluginBrowser, From D:/Program Files (x86)/Epic Games/4.13/Engine/Plugins/Editor/PluginBrowser/PluginBrowser.uplugin
LogPluginManager: Loaded Plugin SpeedTreeImporter, From D:/Program Files (x86)/Epic Games/4.13/Engine/Plugins/Editor/SpeedTreeImporter/SpeedTreeImporter.uplugin
LogPluginManager: Loaded Plugin SuperSearchEditor, From D:/Program Files (x86)/Epic Games/4.13/Engine/Plugins/Editor/SuperSearchEditor/SuperSearchEditor.uplugin
LogPluginManager: Loaded Plugin AlembicImporter, From D:/Program Files (x86)/Epic Games/4.13/Engine/Plugins/Experimental/AlembicImporter/AlembicImporter.uplugin
LogPluginManager: Loaded Plugin BlueprintStats, From D:/Program Files (x86)/Epic Games/4.13/Engine/Plugins/Experimental/BlueprintStats/BlueprintStats.uplugin
LogPluginManager: Loaded Plugin CharacterAI, From D:/Program Files (x86)/Epic Games/4.13/Engine/Plugins/Experimental/CharacterAI/CharacterAI.uplugin
LogPluginManager: Loaded Plugin CodeEditor, From D:/Program Files (x86)/Epic Games/4.13/Engine/Plugins/Experimental/CodeEditor/CodeEditor.uplugin
LogPluginManager: Loaded Plugin CodeView, From D:/Program Files (x86)/Epic Games/4.13/Engine/Plugins/Experimental/CodeView/CodeView.uplugin
LogPluginManager: Loaded Plugin HTML5Networking, From D:/Program Files (x86)/Epic Games/4.13/Engine/Plugins/Experimental/HTML5Networking/HTML5Networking.uplugin
LogPluginManager: Loaded Plugin LiveEditor, From D:/Program Files (x86)/Epic Games/4.13/Engine/Plugins/Experimental/LiveEditor/LiveEditor.uplugin
LogPluginManager: Loaded Plugin OSVR, From D:/Program Files (x86)/Epic Games/4.13/Engine/Plugins/Experimental/OSVR/OSVR.uplugin
LogPluginManager: Loaded Plugin Phya, From D:/Program Files (x86)/Epic Games/4.13/Engine/Plugins/Experimental/Phya/Phya.uplugin
LogPluginManager: Loaded Plugin SignificanceManager, From D:/Program Files (x86)/Epic Games/4.13/Engine/Plugins/Experimental/SignificanceManager/SignificanceManager.uplugin
LogPluginManager: Loaded Plugin SimpleHMD, From D:/Program Files (x86)/Epic Games/4.13/Engine/Plugins/Experimental/SimpleHMD/SimpleHMD.uplugin
LogPluginManager: Loaded Plugin StereoPanorama, From D:/Program Files (x86)/Epic Games/4.13/Engine/Plugins/Experimental/StereoPanorama/StereoPanorama.uplugin
LogPluginManager: Loaded Plugin StructBox, From D:/Program Files (x86)/Epic Games/4.13/Engine/Plugins/Experimental/StructBox/StructBox.uplugin
LogPluginManager: Loaded Plugin AndroidMedia, From D:/Program Files (x86)/Epic Games/4.13/Engine/Plugins/Media/AndroidMedia/AndroidMedia.uplugin
LogPluginManager: Loaded Plugin AvfMedia, From D:/Program Files (x86)/Epic Games/4.13/Engine/Plugins/Media/AvfMedia/AvfMedia.uplugin
LogPluginManager: Loaded Plugin MediaPlayerEditor, From D:/Program Files (x86)/Epic Games/4.13/Engine/Plugins/Media/MediaPlayerEditor/MediaPlayerEditor.uplugin
LogPluginManager: Loaded Plugin WmfMedia, From D:/Program Files (x86)/Epic Games/4.13/Engine/Plugins/Media/WmfMedia/WmfMedia.uplugin
LogPluginManager: Loaded Plugin MessagingDebugger, From D:/Program Files (x86)/Epic Games/4.13/Engine/Plugins/Messaging/MessagingDebugger/MessagingDebugger.uplugin
LogPluginManager: Loaded Plugin TcpMessaging, From D:/Program Files (x86)/Epic Games/4.13/Engine/Plugins/Messaging/TcpMessaging/TcpMessaging.uplugin
LogPluginManager: Loaded Plugin UdpMessaging, From D:/Program Files (x86)/Epic Games/4.13/Engine/Plugins/Messaging/UdpMessaging/UdpMessaging.uplugin
LogPluginManager: Loaded Plugin LevelSequenceEditor, From D:/Program Files (x86)/Epic Games/4.13/Engine/Plugins/MovieScene/LevelSequenceEditor/LevelSequenceEditor.uplugin
LogPluginManager: Loaded Plugin MatineeToLevelSequence, From D:/Program Files (x86)/Epic Games/4.13/Engine/Plugins/MovieScene/MatineeToLevelSequence/MatineeToLevelSequence.uplugin
LogPluginManager: Loaded Plugin NetcodeUnitTest, From D:/Program Files (x86)/Epic Games/4.13/Engine/Plugins/NetcodeUnitTest/NetcodeUnitTest/NetcodeUnitTest.uplugin
LogPluginManager: Loaded Plugin NUTUnrealEngine4, From D:/Program Files (x86)/Epic Games/4.13/Engine/Plugins/NetcodeUnitTest/NUTUnrealEngine4/NUTUnrealEngine4.uplugin
LogPluginManager: Loaded Plugin OnlineSubsystemGooglePlay, From D:/Program Files (x86)/Epic Games/4.13/Engine/Plugins/Online/Android/OnlineSubsystemGooglePlay/OnlineSubsystemGooglePlay.uplugin
LogPluginManager: Loaded Plugin OnlineSubsystemIOS, From D:/Program Files (x86)/Epic Games/4.13/Engine/Plugins/Online/IOS/OnlineSubsystemIOS/OnlineSubsystemIOS.uplugin
LogPluginManager: Loaded Plugin OnlineFramework, From D:/Program Files (x86)/Epic Games/4.13/Engine/Plugins/Online/OnlineFramework/OnlineFramework.uplugin
LogPluginManager: Loaded Plugin OnlineSubsystem, From D:/Program Files (x86)/Epic Games/4.13/Engine/Plugins/Online/OnlineSubsystem/OnlineSubsystem.uplugin
LogPluginManager: Loaded Plugin OnlineSubsystemAmazon, From D:/Program Files (x86)/Epic Games/4.13/Engine/Plugins/Online/OnlineSubsystemAmazon/OnlineSubsystemAmazon.uplugin
LogPluginManager: Loaded Plugin OnlineSubsystemFacebook, From D:/Program Files (x86)/Epic Games/4.13/Engine/Plugins/Online/OnlineSubsystemFacebook/OnlineSubsystemFacebook.uplugin
LogPluginManager: Loaded Plugin OnlineSubsystemNull, From D:/Program Files (x86)/Epic Games/4.13/Engine/Plugins/Online/OnlineSubsystemNull/OnlineSubsystemNull.uplugin
LogPluginManager: Loaded Plugin OnlineSubsystemOculus, From D:/Program Files (x86)/Epic Games/4.13/Engine/Plugins/Online/OnlineSubsystemOculus/OnlineSubsystemOculus.uplugin
LogPluginManager: Loaded Plugin OnlineSubsystemSteam, From D:/Program Files (x86)/Epic Games/4.13/Engine/Plugins/Online/OnlineSubsystemSteam/OnlineSubsystemSteam.uplugin
LogPluginManager: Loaded Plugin OnlineSubsystemUtils, From D:/Program Files (x86)/Epic Games/4.13/Engine/Plugins/Online/OnlineSubsystemUtils/OnlineSubsystemUtils.uplugin
LogPluginManager: Loaded Plugin IOSTapJoy, From D:/Program Files (x86)/Epic Games/4.13/Engine/Plugins/Runtime/Advertising/IOSTapJoy/IOSTapJoy.uplugin
LogPluginManager: Loaded Plugin AnalyticsBlueprintLibrary, From D:/Program Files (x86)/Epic Games/4.13/Engine/Plugins/Runtime/Analytics/AnalyticsBlueprintLibrary/AnalyticsBlueprintLibrary.uplugin
LogPluginManager: Loaded Plugin AnalyticsMulticast, From D:/Program Files (x86)/Epic Games/4.13/Engine/Plugins/Runtime/Analytics/AnalyticsMulticast/AnalyticsMulticast.uplugin
LogPluginManager: Loaded Plugin Apsalar, From D:/Program Files (x86)/Epic Games/4.13/Engine/Plugins/Runtime/Analytics/Apsalar/Apsalar.uplugin
LogPluginManager: Loaded Plugin FileLogging, From D:/Program Files (x86)/Epic Games/4.13/Engine/Plugins/Runtime/Analytics/FileLogging/FileLogging.uplugin
LogPluginManager: Loaded Plugin Flurry, From D:/Program Files (x86)/Epic Games/4.13/Engine/Plugins/Runtime/Analytics/Flurry/Flurry.uplugin
LogPluginManager: Loaded Plugin AndroidDeviceProfileSelector, From D:/Program Files (x86)/Epic Games/4.13/Engine/Plugins/Runtime/AndroidDeviceProfileSelector/AndroidDeviceProfileSelector.uplugin
LogPluginManager: Loaded Plugin AndroidMoviePlayer, From D:/Program Files (x86)/Epic Games/4.13/Engine/Plugins/Runtime/AndroidMoviePlayer/AndroidMoviePlayer.uplugin
LogPluginManager: Loaded Plugin AppleMoviePlayer, From D:/Program Files (x86)/Epic Games/4.13/Engine/Plugins/Runtime/AppleMoviePlayer/AppleMoviePlayer.uplugin
LogPluginManager: Loaded Plugin ArchVisCharacter, From D:/Program Files (x86)/Epic Games/4.13/Engine/Plugins/Runtime/ArchVisCharacter/ArchVisCharacter.uplugin
LogPluginManager: Loaded Plugin CableComponent, From D:/Program Files (x86)/Epic Games/4.13/Engine/Plugins/Runtime/CableComponent/CableComponent.uplugin
LogPluginManager: Loaded Plugin CustomMeshComponent, From D:/Program Files (x86)/Epic Games/4.13/Engine/Plugins/Runtime/CustomMeshComponent/CustomMeshComponent.uplugin
LogPluginManager: Loaded Plugin ExampleDeviceProfileSelector, From D:/Program Files (x86)/Epic Games/4.13/Engine/Plugins/Runtime/ExampleDeviceProfileSelector/ExampleDeviceProfileSelector.uplugin
LogPluginManager: Loaded Plugin GearVR, From D:/Program Files (x86)/Epic Games/4.13/Engine/Plugins/Runtime/GearVR/GearVR.uplugin
LogPluginManager: Loaded Plugin GoogleVRController, From D:/Program Files (x86)/Epic Games/4.13/Engine/Plugins/Runtime/GoogleVR/GoogleVRController/GoogleVRController.uplugin
LogPluginManager: Loaded Plugin GoogleVRHMD, From D:/Program Files (x86)/Epic Games/4.13/Engine/Plugins/Runtime/GoogleVR/GoogleVRHMD/GoogleVRHMD.uplugin
LogPluginManager: Loaded Plugin IOSDeviceProfileSelector, From D:/Program Files (x86)/Epic Games/4.13/Engine/Plugins/Runtime/IOSDeviceProfileSelector/IOSDeviceProfileSelector.uplugin
LogPluginManager: Loaded Plugin LeapMotion, From D:/Program Files (x86)/Epic Games/4.13/Engine/Plugins/Runtime/LeapMotion/LeapMotion.uplugin
LogPluginManager: Loaded Plugin LinuxDeviceProfileSelector, From D:/Program Files (x86)/Epic Games/4.13/Engine/Plugins/Runtime/LinuxDeviceProfileSelector/LinuxDeviceProfileSelector.uplugin
LogPluginManager: Loaded Plugin LiveEditorListenServer, From D:/Program Files (x86)/Epic Games/4.13/Engine/Plugins/Runtime/LiveEditorListenServer/LiveEditorListenServer.uplugin
LogPluginManager: Loaded Plugin OculusAudio, From D:/Program Files (x86)/Epic Games/4.13/Engine/Plugins/Runtime/OculusAudio/OculusAudio.uplugin
LogPluginManager: Loaded Plugin OculusInput, From D:/Program Files (x86)/Epic Games/4.13/Engine/Plugins/Runtime/OculusInput/OculusInput.uplugin
LogPluginManager: Loaded Plugin OculusLibrary, From D:/Program Files (x86)/Epic Games/4.13/Engine/Plugins/Runtime/OculusLibrary/OculusLibrary.uplugin
LogPluginManager: Loaded Plugin OculusRift, From D:/Program Files (x86)/Epic Games/4.13/Engine/Plugins/Runtime/OculusRift/OculusRift.uplugin
LogPluginManager: Loaded Plugin Oodle, From D:/Program Files (x86)/Epic Games/4.13/Engine/Plugins/Runtime/PacketHandlers/CompressionComponents/Oodle/Oodle.uplugin
LogPluginManager: Loaded Plugin ProceduralMeshComponent, From D:/Program Files (x86)/Epic Games/4.13/Engine/Plugins/Runtime/ProceduralMeshComponent/ProceduralMeshComponent.uplugin
LogPluginManager: Loaded Plugin SoundMod, From D:/Program Files (x86)/Epic Games/4.13/Engine/Plugins/Runtime/SoundMod/SoundMod.uplugin
LogPluginManager: Loaded Plugin SoundVisualizations, From D:/Program Files (x86)/Epic Games/4.13/Engine/Plugins/Runtime/SoundVisualizations/SoundVisualizations.uplugin
LogPluginManager: Loaded Plugin SteamController, From D:/Program Files (x86)/Epic Games/4.13/Engine/Plugins/Runtime/Steam/SteamController/SteamController.uplugin
LogPluginManager: Loaded Plugin SteamVR, From D:/Program Files (x86)/Epic Games/4.13/Engine/Plugins/Runtime/Steam/SteamVR/SteamVR.uplugin
LogPluginManager: Loaded Plugin WebBrowserWidget, From D:/Program Files (x86)/Epic Games/4.13/Engine/Plugins/Runtime/WebBrowserWidget/WebBrowserWidget.uplugin
LogPluginManager: Loaded Plugin WindowsDeviceProfileSelector, From D:/Program Files (x86)/Epic Games/4.13/Engine/Plugins/Runtime/WindowsDeviceProfileSelector/WindowsDeviceProfileSelector.uplugin
LogPluginManager: Loaded Plugin WindowsMoviePlayer, From D:/Program Files (x86)/Epic Games/4.13/Engine/Plugins/Runtime/WindowsMoviePlayer/WindowsMoviePlayer.uplugin
LogPluginManager: Loaded Plugin ScriptPlugin, From D:/Program Files (x86)/Epic Games/4.13/Engine/Plugins/ScriptPlugin/ScriptPlugin.uplugin
LogPluginManager: Loaded Plugin SlateRemote, From D:/Program Files (x86)/Epic Games/4.13/Engine/Plugins/Slate/SlateRemote/SlateRemote.uplugin
LogInit: Using libcurl 7.47.1
LogInit:  - built for x86_64-pc-win32
LogInit:  - supports SSL with WinSSL
LogInit:  - other features:
LogInit:      CURL_VERSION_SSL
LogInit:      CURL_VERSION_IPV6
LogInit:      CURL_VERSION_ASYNCHDNS
LogInit:      CURL_VERSION_LARGEFILE
LogInit:      CURL_VERSION_IDN
LogInit:  CurlRequestOptions (configurable via config and command line):
LogInit:  - bVerifyPeer = false  - Libcurl will NOT verify peer certificate
LogInit:  - bUseHttpProxy = false  - Libcurl will NOT use HTTP proxy
LogInit:  - bDontReuseConnections = false  - Libcurl will reuse connections
LogInit:  - CertBundlePath = nullptr  - Libcurl will use whatever was configured at build time.
LogInit: Build: ++UE4+Release-4.13-CL-3142249
LogInit: Engine Version: 4.13.1-3142249+++UE4+Release-4.13
LogInit: Compatible Engine Version: 4.13.0-3106830+++UE4+Release-4.13
LogInit: Net CL: 3142249
LogDevObjectVersion: Number of dev versions registered: 13
LogDevObjectVersion:   Dev-Blueprints (B0D832E4-1F89-4F0D-ACCF-7EB736FD4AA2): 5
LogDevObjectVersion:   Dev-Build (E1C64328-A22C-4D53-A36C-8E866417BD8C): 0
LogDevObjectVersion:   Dev-Core (375EC13C-06E4-48FB-B500-84F0262A717E): 1
LogDevObjectVersion:   Dev-Editor (E4B068ED-F494-42E9-A231-DA0B2E46BB41): 6
LogDevObjectVersion:   Dev-Framework (CFFC743F-43B0-4480-9391-14DF171D2073): 12
LogDevObjectVersion:   Dev-Mobile (B02B49B5-BB20-44E9-A304-32B752E40360): 0
LogDevObjectVersion:   Dev-Networking (A4E4105C-59A1-49B5-A7C5-40C4547EDFEE): 0
LogDevObjectVersion:   Dev-Online (39C831C9-5AE6-47DC-9A44-9C173E1C8E7C): 0
LogDevObjectVersion:   Dev-Physics (78F01B33-EBEA-4F98-B9B4-84EACCB95AA2): 0
LogDevObjectVersion:   Dev-Platform (6631380F-2D4D-43E0-8009-CF276956A95A): 0
LogDevObjectVersion:   Dev-Rendering (12F88B9F-8875-4AFC-A67C-D90C383ABD29): 4
LogDevObjectVersion:   Dev-Sequencer (7B5AE74C-D270-4C10-A958-57980B212A5A): 0
LogDevObjectVersion:   Dev-VR (D7296918-1DD6-4BDD-9DE2-64A83CC13884): 0
LogInit: Compiled (64-bit): Sep 28 2016 02:12:12
LogInit: Compiled with Visual C++: 19.00.23026.00
LogInit: Build Configuration: Development
LogInit: Branch Name: ++UE4+Release-4.13
LogInit: Command line: -EpicPortal 
LogInit: Base directory: D:/Program Files (x86)/Epic Games/4.13/Engine/Binaries/Win64/
LogInit: Installed Engine Build: 1
LogInit: Presizing for max 8388607 objects, including 0 objects not considered by GC, pre-allocating 0 bytes for permanent pool.
LogInit: Object subsystem initialized
[2016.11.01-18.06.47:764][  0]LogInit: Selected Device Profile: [Windows]
[2016.11.01-18.06.47:764][  0]LogInit: Applying CVar settings loaded from the selected device profile: [Windows]
[2016.11.01-18.06.47:774][  0]LogInit: Computer: JEREMY-PC
[2016.11.01-18.06.47:774][  0]LogInit: User: Jeremy
[2016.11.01-18.06.47:774][  0]LogInit: CPU Page size=65536, Cores=4
[2016.11.01-18.06.47:774][  0]LogInit: High frequency timer resolution =3.312787 MHz
[2016.11.01-18.06.47:774][  0]LogMemory: Memory total: Physical=15.9GB (16GB approx)
[2016.11.01-18.06.47:774][  0]LogMemory: Platform Memory Stats for Windows
[2016.11.01-18.06.47:774][  0]LogMemory: Process Physical Memory: 255.92 MB used, 255.92 MB peak
[2016.11.01-18.06.47:774][  0]LogMemory: Process Virtual Memory: 260.01 MB used, 260.01 MB peak
[2016.11.01-18.06.47:774][  0]LogMemory: Physical Memory: 6072.26 MB used, 16301.11 MB total
[2016.11.01-18.06.47:774][  0]LogMemory: Virtual Memory: 622.96 MB used, 134217728.00 MB total
[2016.11.01-18.06.47:808][  0]LogTextLocalizationManager: No specific translations for ('en-US') exist, so ('en') translations will be used.
[2016.11.01-18.06.48:534][  0]LogD3D11RHI: D3D11 adapters:
[2016.11.01-18.06.48:558][  0]LogD3D11RHI:    0. 'NVIDIA GeForce GTX 770' (Feature Level 11_0)
[2016.11.01-18.06.48:558][  0]LogD3D11RHI:       2017/0/8150 MB DedicatedVideo/DedicatedSystem/SharedSystem, Outputs:2, VendorId:0x10de
[2016.11.01-18.06.48:561][  0]LogD3D11RHI:    1. 'Intel(R) HD Graphics 3000' (Feature Level 10_0)
[2016.11.01-18.06.48:561][  0]LogD3D11RHI:       32/0/1632 MB DedicatedVideo/DedicatedSystem/SharedSystem, Outputs:0, VendorId:0x8086
[2016.11.01-18.06.48:562][  0]LogD3D11RHI:    2. 'Microsoft Basic Render Driver' (Feature Level 11_0)
[2016.11.01-18.06.48:562][  0]LogD3D11RHI:       0/0/8150 MB DedicatedVideo/DedicatedSystem/SharedSystem, Outputs:0, VendorId:0x1414
[2016.11.01-18.06.48:562][  0]LogD3D11RHI: Chosen D3D11 Adapter: 0
[2016.11.01-18.06.48:566][  0]LogD3D11RHI: Creating new Direct3DDevice
[2016.11.01-18.06.48:566][  0]LogD3D11RHI:     GPU DeviceId: 0x1184 (for the marketing name, search the web for "GPU Device Id")
[2016.11.01-18.06.48:566][  0]LogWindows: EnumDisplayDevices:
[2016.11.01-18.06.48:566][  0]LogWindows:    0. 'NVIDIA GeForce GTX 770' (P:1 D:1)
[2016.11.01-18.06.48:567][  0]LogWindows:    1. 'NVIDIA GeForce GTX 770' (P:0 D:1)
[2016.11.01-18.06.48:567][  0]LogWindows:    2. 'NVIDIA GeForce GTX 770' (P:0 D:0)
[2016.11.01-18.06.48:567][  0]LogWindows:    3. 'NVIDIA GeForce GTX 770' (P:0 D:0)
[2016.11.01-18.06.48:568][  0]LogWindows:    4. 'Intel(R) HD Graphics 3000' (P:0 D:0)
[2016.11.01-18.06.48:568][  0]LogWindows:    5. 'Intel(R) HD Graphics 3000' (P:0 D:0)
[2016.11.01-18.06.48:568][  0]LogWindows: DebugString: PrimaryIsNotTheChoosenAdapter PrimaryIsNotTheChoosenAdapter FoundDriverCount:4 
[2016.11.01-18.06.48:568][  0]LogD3D11RHI:     Adapter Name: NVIDIA GeForce GTX 770
[2016.11.01-18.06.48:568][  0]LogD3D11RHI:   Driver Version: 369.09 (internal:21.21.13.6909, unified:369.09)
[2016.11.01-18.06.48:568][  0]LogD3D11RHI:      Driver Date: 8-1-2016
[2016.11.01-18.06.48:568][  0]LogRHI: Texture pool is 1361 MB (70% of 1945 MB)
[2016.11.01-18.06.48:582][  0]LogD3D11RHI: Async texture creation enabled
[2016.11.01-18.06.48:598][  0]LogD3D11RHI: GPU Timing Frequency: 1000.000000 (Debug: 2 2)
[2016.11.01-18.06.48:598][  0]LogShaderCompilers: Guid format shader working directory is -19 characters bigger than the processId version (C:/Users/Jeremy/Documents/GitHub/Project-lonesome/Project_lonesome/Intermediate/Shaders/WorkingDirectory/9352/).
[2016.11.01-18.06.48:598][  0]LogShaderCompilers: Cleaned the shader compiler working directory 'C:/Users/Jeremy/AppData/Local/Temp/UnrealShaderWorkingDir/3E3445244B5C2724B5282EB931265E3A/'.
[2016.11.01-18.06.48:598][  0]LogShaderCompilers:Display: Using Local Shader Compiler.
[2016.11.01-18.06.49:656][  0]LogTemp:Display: Loaded TP AllDesktopTargetPlatform
[2016.11.01-18.06.49:667][  0]LogTemp:Display: Loaded TP WindowsClientTargetPlatform
[2016.11.01-18.06.49:678][  0]LogTemp:Display: Loaded TP WindowsNoEditorTargetPlatform
[2016.11.01-18.06.49:690][  0]LogTemp:Display: Loaded TP WindowsServerTargetPlatform
[2016.11.01-18.06.49:698][  0]LogTemp:Display: Loaded TP WindowsTargetPlatform
[2016.11.01-18.06.49:705][  0]LogTemp:Display: Loaded TP AndroidTargetPlatform
[2016.11.01-18.06.49:713][  0]LogTemp:Display: Loaded TP Android_ASTCTargetPlatform
[2016.11.01-18.06.49:720][  0]LogTemp:Display: Loaded TP Android_ATCTargetPlatform
[2016.11.01-18.06.49:727][  0]LogTemp:Display: Loaded TP Android_DXTTargetPlatform
[2016.11.01-18.06.49:735][  0]LogTemp:Display: Loaded TP Android_ETC1TargetPlatform
[2016.11.01-18.06.49:742][  0]LogTemp:Display: Loaded TP Android_ETC2TargetPlatform
[2016.11.01-18.06.49:756][  0]LogTemp:Display: Loaded TP Android_MultiTargetPlatform
[2016.11.01-18.06.49:756][  0]LogTemp:Display: Loaded TP Android_PVRTCTargetPlatform
[2016.11.01-18.06.49:757][  0]LogTemp:Display: Loaded TP HTML5TargetPlatform
[2016.11.01-18.06.49:778][  0]LogTemp:Display: Loaded TP IOSTargetPlatform
[2016.11.01-18.06.49:785][  0]LogTemp:Display: Loaded TP TVOSTargetPlatform
[2016.11.01-18.06.49:792][  0]LogTemp:Display: Loaded TP LinuxClientTargetPlatform
[2016.11.01-18.06.49:798][  0]LogTemp:Display: Loaded TP LinuxNoEditorTargetPlatform
[2016.11.01-18.06.49:805][  0]LogTemp:Display: Loaded TP LinuxServerTargetPlatform
[2016.11.01-18.06.49:812][  0]LogTemp:Display: Loaded TP LinuxTargetPlatform
[2016.11.01-18.06.49:812][  0]LogTargetPlatformManager:Display: Building Assets For Windows
[2016.11.01-18.06.49:890][  0]LogDerivedDataCache:Display: Max Cache Size: 512 MB
[2016.11.01-18.06.49:957][  0]LogDerivedDataCache: Loaded boot cache 0.07s 62MB C:/Users/Jeremy/AppData/Local/UnrealEngine/4.13/DerivedDataCache/Boot.ddc.
[2016.11.01-18.06.49:957][  0]LogDerivedDataCache:Display: Loaded Boot cache: C:/Users/Jeremy/AppData/Local/UnrealEngine/4.13/DerivedDataCache/Boot.ddc
[2016.11.01-18.06.49:958][  0]LogDerivedDataCache: FDerivedDataBackendGraph:  Pak pak cache file C:/Users/Jeremy/Documents/GitHub/Project-lonesome/Project_lonesome/DerivedDataCache/DDC.ddp not found, will not use a pak cache.
[2016.11.01-18.06.49:958][  0]LogDerivedDataCache: Unable to find inner node Pak for hierarchical cache Hierarchy.
[2016.11.01-18.06.49:958][  0]LogDerivedDataCache: FDerivedDataBackendGraph:  CompressedPak pak cache file C:/Users/Jeremy/Documents/GitHub/Project-lonesome/Project_lonesome/DerivedDataCache/Compressed.ddp not found, will not use a pak cache.
[2016.11.01-18.06.49:958][  0]LogDerivedDataCache: Unable to find inner node CompressedPak for hierarchical cache Hierarchy.
[2016.11.01-18.06.49:976][  0]LogDerivedDataCache:Display: Pak cache opened for reading ../../../Engine/DerivedDataCache/Compressed.ddp.
[2016.11.01-18.06.49:988][  0]LogDerivedDataCache: Using Local data cache path C:/Users/Jeremy/AppData/Local/UnrealEngine/Common/DerivedDataCache: Writable
[2016.11.01-18.06.50:222][  0]LogInit: Selected Device Profile: [Windows]
[2016.11.01-18.06.50:225][  0]LogContentStreaming: Texture pool size is 0.00 MB
[2016.11.01-18.06.50:334][  0]LogMeshUtilities: No automatic mesh reduction module available
[2016.11.01-18.06.50:334][  0]LogMeshUtilities: No automatic mesh merging module available
[2016.11.01-18.06.50:334][  0]LogMeshUtilities: No distributed automatic mesh merging module available
[2016.11.01-18.06.50:410][  0]LogMaterial: Uniform references updated for custom material expression Custom.
[2016.11.01-18.06.50:714][  0]LogNetVersion: GetLocalNetworkVersion: CL: 3106830, ProjectName: project_lonesome, ProjectVersion: , EngineNetworkVersion: 1, GameNetworkVersion: 0, NetworkChecksum: 2318975005
[2016.11.01-18.06.50:753][  0]LogAssetRegistry: FAssetRegistry took 0.0222 seconds to start up
[2016.11.01-18.06.50:784][  0]LogPackageLocalizationCache: Processed 3 localized package path(s) for 2 prioritized culture(s) in 0.027715 seconds
[2016.11.01-18.06.50:790][  0]LogUObjectArray: 29778 objects as part of root set at end of initial load.
[2016.11.01-18.06.50:790][  0]LogUObjectAllocator: 6125448 out of 0 bytes used by permanent object pool.
[2016.11.01-18.06.50:790][  0]LogUObjectArray: CloseDisregardForGC: 0/0 objects in disregard for GC pool
[2016.11.01-18.06.50:796][  0]LogInit: WinSock: version 1.1 (2.2), MaxSocks=32767, MaxUdp=65467
[2016.11.01-18.06.51:012][  0]LogSlate: SlateFontCache - WITH_FREETYPE: 1, WITH_HARFBUZZ: 1
[2016.11.01-18.06.51:012][  0]LogSlate: SlateFontCache - WITH_FREETYPE: 1, WITH_HARFBUZZ: 1
[2016.11.01-18.06.51:943][  0]LogTcpMessaging: Initializing TcpMessaging bridge
[2016.11.01-18.06.51:965][  0]LogUdpMessaging: Initializing bridge on interface 0.0.0.0:0 to multicast group 230.0.0.1:6666.
[2016.11.01-18.06.52:215][  0]SourceControl: Info Source control is disabled
[2016.11.01-18.06.52:217][  0]SourceControl: Info Source control is disabled
[2016.11.01-18.06.52:230][  0]SourceControl: Info Source control is disabled
[2016.11.01-18.06.52:240][  0]SourceControl: Info Source control is disabled
[2016.11.01-18.06.52:557][  0]LogEngine: Initializing Engine...
[2016.11.01-18.06.52:558][  0]LogHMD: Failed to initialize OpenVR with code 110
[2016.11.01-18.06.52:695][  0]LogAIModule: Creating AISystem for world Untitled
[2016.11.01-18.06.52:722][  0]LogInit: XAudio2 using 'Headset Earphone (ASTRO MixAmp Pro           )' : 2 channels at 48 kHz using 16 bits per sample (channel mask 0x3)
[2016.11.01-18.06.52:747][  0]LogInit: FAudioDevice initialized.
[2016.11.01-18.06.52:777][  0]LogDerivedDataCache: Saved boot cache 0.03s 62MB C:/Users/Jeremy/AppData/Local/UnrealEngine/4.13/DerivedDataCache/Boot.ddc.
[2016.11.01-18.06.52:789][  0]LogInit: Texture streaming: Enabled
[2016.11.01-18.06.52:813][  0]LogInit: Transaction tracking system initialized
[2016.11.01-18.06.52:834][  0]BlueprintLog: New page: Editor Load
[2016.11.01-18.06.52:913][  0]LocalizationService: Info Localization service is disabled
[2016.11.01-18.06.52:993][  0]LogConsoleResponse:Display: 
[2016.11.01-18.06.53:106][  0]LogCook:Display: Max memory allowance for cook 16384mb min free memory 0mb
[2016.11.01-18.06.53:106][  0]LogCook:Display: Mobile HDR setting 1
[2016.11.01-18.06.53:281][  0]LogFileCache: Scanning file cache for directory 'C:/Users/Jeremy/Documents/GitHub/Project-lonesome/Project_lonesome/Content/' took 0.02s
[2016.11.01-18.06.53:281][  0]SourceControl: Info Source control is disabled
[2016.11.01-18.06.53:281][  0]Cmd: MAP LOAD FILE="C:/Users/Jeremy/Documents/GitHub/Project-lonesome/Project_lonesome/Content/FirstPersonBP/Maps/FirstPersonExampleMap.umap" TEMPLATE=0 SHOWPROGRESS=1 FEATURELEVEL=3
[2016.11.01-18.06.53:281][  0]LightingResults: New page: Lighting Build
[2016.11.01-18.06.53:284][  0]MapCheck: New page: Map Check
[2016.11.01-18.06.53:284][  0]LightingResults: New page: Lighting Build
[2016.11.01-18.06.53:811][  0]LogAIModule: Creating AISystem for world FirstPersonExampleMap
[2016.11.01-18.06.53:833][  0]LogEditorServer: Finished looking for orphan Actors (0.000 secs)
[2016.11.01-18.06.53:833][  0]Cmd: MAP CHECKDEP NOCLEARLOG
[2016.11.01-18.06.53:911][  0]MapCheck: Info Map check complete: 0 Error(s), 0 Warning(s), took 77.423ms to complete.
[2016.11.01-18.06.53:911][  0]LogFileHelpers: Loading map 'FirstPersonExampleMap' took 0.630
[2016.11.01-18.06.54:051][  0]LogCollectionManager: Loaded 1 collections in 0.002055 seconds
[2016.11.01-18.06.54:094][  0]LogFileCache: Scanning file cache for directory 'C:/Users/Jeremy/Documents/GitHub/Project-lonesome/Project_lonesome/Saved/Collections/' took 0.01s
[2016.11.01-18.06.54:094][  0]LogFileCache: Scanning file cache for directory 'C:/Users/Jeremy/Documents/GitHub/Project-lonesome/Project_lonesome/Content/Developers/Jeremy/Collections/' took 0.01s
[2016.11.01-18.06.54:094][  0]LogFileCache: Scanning file cache for directory 'C:/Users/Jeremy/Documents/GitHub/Project-lonesome/Project_lonesome/Content/Collections/' took 0.01s
[2016.11.01-18.06.54:094][  0]LogCollectionManager: Rebuilt the GUID cache for 1 collections in 0.000005 seconds
[2016.11.01-18.06.54:094][  0]LogCollectionManager: Rebuilt the hierarchy cache for 1 collections in 0.000000 seconds
[2016.11.01-18.06.54:103][  0]LogContentBrowser: Native class hierarchy populated in 0.0091 seconds. Added 2141 classes and 415 folders.
[2016.11.01-18.06.54:107][  0]LogStats: UGameplayTagsManager::ConstructGameplayTagTree: Construct from data asset -  0.000 s
[2016.11.01-18.06.54:107][  0]LogStats: UGameplayTagsManager::ConstructGameplayTagTree: GameplayTagTreeChangedEvent.Broadcast -  0.000 s
[2016.11.01-18.06.54:108][  0]LogContentBrowser: Native class hierarchy updated for 'GameplayTags' in 0.0005 seconds. Added 12 classes and 0 folders.
[2016.11.01-18.06.54:112][  0]LogContentBrowser: Native class hierarchy updated for 'WidgetCarousel' in 0.0005 seconds. Added 0 classes and 0 folders.
[2016.11.01-18.06.54:172][  0]LogContentBrowser: Native class hierarchy updated for 'AddContentDialog' in 0.0005 seconds. Added 0 classes and 0 folders.
[2016.11.01-18.06.54:177][  0]LogContentBrowser: Native class hierarchy updated for 'SceneOutliner' in 0.0005 seconds. Added 1 classes and 2 folders.
[2016.11.01-18.06.54:192][  0]LogCrashTracker: Crashtracker disabled due to settings.
[2016.11.01-18.06.54:197][  0]LogUObjectGlobals:Warning: Failed to find object 'Class None.'
[2016.11.01-18.06.54:224][  0]LogContentBrowser: Native class hierarchy updated for 'HierarchicalLODOutliner' in 0.0006 seconds. Added 1 classes and 2 folders.
[2016.11.01-18.06.54:224][  0]LogLoad: (Engine Initialization) Total time: 7.37 seconds
[2016.11.01-18.06.54:224][  0]LogLoad: (Engine Initialization) Total Blueprint compile time: 0.14 seconds
[2016.11.01-18.06.54:225][  0]LogExternalProfiler: No external profilers were discovered.  External profiling features will not be available.
[2016.11.01-18.06.54:233][  0]LogWindowsTextInputMethodSystem:Display: IME system now deactivated.
[2016.11.01-18.06.54:234][  0]LogOcInput: OculusInput pre-init called
[2016.11.01-18.06.54:252][  0]LogContentStreaming: Texture pool size now 1000 MB
[2016.11.01-18.06.54:432][  0]LogRenderer: Reallocating scene render targets to support 1208x580 (Frame:2).
[2016.11.01-18.06.54:508][  1]LogAssetRegistry: Asset discovery search completed in 3.7772 seconds
[2016.11.01-18.06.54:508][  1]LogCollectionManager: Rebuilt the object cache for 1 collections in 0.000007 seconds (found 0 objects)
[2016.11.01-18.06.54:508][  1]LogCollectionManager: Fixed up redirectors for 1 collections in 0.000025 seconds (updated 0 objects)
[2016.11.01-18.07.00:586][719]LogBlueprintUserMessages: Early PlayInEditor Detection: Level '/Game/FirstPersonBP/Maps/FirstPersonExampleMap.FirstPersonExampleMap:PersistentLevel' has LevelScriptBlueprint '/Game/FirstPersonBP/Maps/FirstPersonExampleMap.FirstPersonExampleMap:PersistentLevel.FirstPersonExampleMap' with GeneratedClass '/Game/FirstPersonBP/Maps/FirstPersonExampleMap.FirstPersonExampleMap_C' with ClassGeneratedBy '/Game/FirstPersonBP/Maps/FirstPersonExampleMap.FirstPersonExampleMap:PersistentLevel.FirstPersonExampleMap'
[2016.11.01-18.07.00:586][719]LogPlayLevel: PlayLevel: No blueprints needed recompiling
[2016.11.01-18.07.00:589][719]PIE: New page: PIE session: FirstPersonExampleMap (Nov 1, 2016, 3:07:00 AM)
[2016.11.01-18.07.00:589][719]LogPlayLevel: Creating play world package: /Game/FirstPersonBP/Maps/UEDPIE_0_FirstPersonExampleMap
[2016.11.01-18.07.00:629][719]LogPlayLevel: PIE: StaticDuplicateObject took: (0.040148s)
[2016.11.01-18.07.00:630][719]LogAIModule: Creating AISystem for world FirstPersonExampleMap
[2016.11.01-18.07.00:630][719]LogPlayLevel: PIE: World Init took: (0.001460s)
[2016.11.01-18.07.00:631][719]LogPlayLevel: PIE: Created PIE world by copying editor world from /Game/FirstPersonBP/Maps/FirstPersonExampleMap.FirstPersonExampleMap to /Game/FirstPersonBP/Maps/UEDPIE_0_FirstPersonExampleMap.FirstPersonExampleMap (0.041951s)
[2016.11.01-18.07.00:666][719]LogInit: XAudio2 using 'Headset Earphone (ASTRO MixAmp Pro           )' : 2 channels at 48 kHz using 16 bits per sample (channel mask 0x3)
[2016.11.01-18.07.00:675][719]LogInit: FAudioDevice initialized.
[2016.11.01-18.07.00:743][719]LogWorld: Game class is 'FirstPersonGameMode_C'
[2016.11.01-18.07.00:773][719]LogWorld: Bringing World /Game/FirstPersonBP/Maps/UEDPIE_0_FirstPersonExampleMap.FirstPersonExampleMap up for play (max tick rate 0) at 2016.11.01-11.07.00
[2016.11.01-18.07.00:774][719]LogWorld: Bringing up level for play took: 0.030166
[2016.11.01-18.07.00:778][719]LogContentBrowser: Native class hierarchy updated for 'MovieSceneCapture' in 0.0006 seconds. Added 11 classes and 0 folders.
[2016.11.01-18.07.00:778][719]LogGameMode:Display: Match State Changed from EnteringMap to WaitingToStart
[2016.11.01-18.07.00:778][719]LogGameState: Match State Changed from EnteringMap to WaitingToStart
[2016.11.01-18.07.00:778][719]LogGameMode:Display: Match State Changed from WaitingToStart to InProgress
[2016.11.01-18.07.00:779][719]LogGameState: Match State Changed from WaitingToStart to InProgress
[2016.11.01-18.07.00:783][719]PIE: Info Play in editor start time for /Game/FirstPersonBP/Maps/UEDPIE_0_FirstPersonExampleMap -0.065
[2016.11.01-18.07.00:783][719]LogBlueprintUserMessages: Late PlayInEditor Detection: Level '/Game/FirstPersonBP/Maps/FirstPersonExampleMap.FirstPersonExampleMap:PersistentLevel' has LevelScriptBlueprint '/Game/FirstPersonBP/Maps/FirstPersonExampleMap.FirstPersonExampleMap:PersistentLevel.FirstPersonExampleMap' with GeneratedClass '/Game/FirstPersonBP/Maps/FirstPersonExampleMap.FirstPersonExampleMap_C' with ClassGeneratedBy '/Game/FirstPersonBP/Maps/FirstPersonExampleMap.FirstPersonExampleMap:PersistentLevel.FirstPersonExampleMap'
[2016.11.01-18.07.00:813][719]LogRenderer: Reallocating scene render targets to support 1292x756 (Frame:557).
[2016.11.01-18.07.11:289][958]LogBlueprintUserMessages: Early EndPlayMap Detection: Level '/Game/FirstPersonBP/Maps/FirstPersonExampleMap.FirstPersonExampleMap:PersistentLevel' has LevelScriptBlueprint '/Game/FirstPersonBP/Maps/FirstPersonExampleMap.FirstPersonExampleMap:PersistentLevel.FirstPersonExampleMap' with GeneratedClass '/Game/FirstPersonBP/Maps/FirstPersonExampleMap.FirstPersonExampleMap_C' with ClassGeneratedBy '/Game/FirstPersonBP/Maps/FirstPersonExampleMap.FirstPersonExampleMap:PersistentLevel.FirstPersonExampleMap'
[2016.11.01-18.07.11:340][958]LogBlueprintUserMessages: Late EndPlayMap Detection: Level '/Game/FirstPersonBP/Maps/FirstPersonExampleMap.FirstPersonExampleMap:PersistentLevel' has LevelScriptBlueprint '/Game/FirstPersonBP/Maps/FirstPersonExampleMap.FirstPersonExampleMap:PersistentLevel.FirstPersonExampleMap' with GeneratedClass '/Game/FirstPersonBP/Maps/FirstPersonExampleMap.FirstPersonExampleMap_C' with ClassGeneratedBy '/Game/FirstPersonBP/Maps/FirstPersonExampleMap.FirstPersonExampleMap:PersistentLevel.FirstPersonExampleMap'
[2016.11.01-18.07.38:369][136]LogContentBrowser: Native class hierarchy updated for 'BlueprintGraph' in 0.0009 seconds. Added 112 classes and 0 folders.
[2016.11.01-18.08.43:035][890]LogBlueprintUserMessages: Early PlayInEditor Detection: Level '/Game/FirstPersonBP/Maps/FirstPersonExampleMap.FirstPersonExampleMap:PersistentLevel' has LevelScriptBlueprint '/Game/FirstPersonBP/Maps/FirstPersonExampleMap.FirstPersonExampleMap:PersistentLevel.FirstPersonExampleMap' with GeneratedClass '/Game/FirstPersonBP/Maps/FirstPersonExampleMap.FirstPersonExampleMap_C' with ClassGeneratedBy '/Game/FirstPersonBP/Maps/FirstPersonExampleMap.FirstPersonExampleMap:PersistentLevel.FirstPersonExampleMap'
[2016.11.01-18.08.43:035][890]LogPlayLevel: PlayLevel: No blueprints needed recompiling
[2016.11.01-18.08.43:035][890]PIE: New page: PIE session: FirstPersonExampleMap (Nov 1, 2016, 3:08:43 AM)
[2016.11.01-18.08.43:035][890]LogPlayLevel: Creating play world package: /Game/FirstPersonBP/Maps/UEDPIE_0_FirstPersonExampleMap
[2016.11.01-18.08.43:072][890]LogPlayLevel: PIE: StaticDuplicateObject took: (0.036861s)
[2016.11.01-18.08.43:073][890]LogAIModule: Creating AISystem for world FirstPersonExampleMap
[2016.11.01-18.08.43:073][890]LogPlayLevel: PIE: World Init took: (0.001285s)
[2016.11.01-18.08.43:073][890]LogPlayLevel: PIE: Created PIE world by copying editor world from /Game/FirstPersonBP/Maps/FirstPersonExampleMap.FirstPersonExampleMap to /Game/FirstPersonBP/Maps/UEDPIE_0_FirstPersonExampleMap.FirstPersonExampleMap (0.038511s)
[2016.11.01-18.08.43:116][890]LogInit: XAudio2 using 'Headset Earphone (ASTRO MixAmp Pro           )' : 2 channels at 48 kHz using 16 bits per sample (channel mask 0x3)
[2016.11.01-18.08.43:124][890]LogInit: FAudioDevice initialized.
[2016.11.01-18.08.43:174][890]LogWorld: Game class is 'FirstPersonGameMode_C'
[2016.11.01-18.08.43:202][890]LogWorld: Bringing World /Game/FirstPersonBP/Maps/UEDPIE_0_FirstPersonExampleMap.FirstPersonExampleMap up for play (max tick rate 0) at 2016.11.01-11.08.43
[2016.11.01-18.08.43:203][890]LogWorld: Bringing up level for play took: 0.027941
[2016.11.01-18.08.43:204][890]LogGameMode:Display: Match State Changed from EnteringMap to WaitingToStart
[2016.11.01-18.08.43:204][890]LogGameState: Match State Changed from EnteringMap to WaitingToStart
[2016.11.01-18.08.43:204][890]LogGameMode:Display: Match State Changed from WaitingToStart to InProgress
[2016.11.01-18.08.43:204][890]LogGameState: Match State Changed from WaitingToStart to InProgress
[2016.11.01-18.08.43:207][890]PIE: Info Play in editor start time for /Game/FirstPersonBP/Maps/UEDPIE_0_FirstPersonExampleMap 0.36
[2016.11.01-18.08.43:208][890]LogBlueprintUserMessages: Late PlayInEditor Detection: Level '/Game/FirstPersonBP/Maps/FirstPersonExampleMap.FirstPersonExampleMap:PersistentLevel' has LevelScriptBlueprint '/Game/FirstPersonBP/Maps/FirstPersonExampleMap.FirstPersonExampleMap:PersistentLevel.FirstPersonExampleMap' with GeneratedClass '/Game/FirstPersonBP/Maps/FirstPersonExampleMap.FirstPersonExampleMap_C' with ClassGeneratedBy '/Game/FirstPersonBP/Maps/FirstPersonExampleMap.FirstPersonExampleMap:PersistentLevel.FirstPersonExampleMap'
[2016.11.01-18.09.07:071][734]LogBlueprintUserMessages: [PauseMenu_C_5] Game Saved (JK)
[2016.11.01-18.09.11:367][248]LogBlueprintUserMessages: Early EndPlayMap Detection: Level '/Game/FirstPersonBP/Maps/FirstPersonExampleMap.FirstPersonExampleMap:PersistentLevel' has LevelScriptBlueprint '/Game/FirstPersonBP/Maps/FirstPersonExampleMap.FirstPersonExampleMap:PersistentLevel.FirstPersonExampleMap' with GeneratedClass '/Game/FirstPersonBP/Maps/FirstPersonExampleMap.FirstPersonExampleMap_C' with ClassGeneratedBy '/Game/FirstPersonBP/Maps/FirstPersonExampleMap.FirstPersonExampleMap:PersistentLevel.FirstPersonExampleMap'
[2016.11.01-18.09.11:419][248]LogBlueprintUserMessages: Late EndPlayMap Detection: Level '/Game/FirstPersonBP/Maps/FirstPersonExampleMap.FirstPersonExampleMap:PersistentLevel' has LevelScriptBlueprint '/Game/FirstPersonBP/Maps/FirstPersonExampleMap.FirstPersonExampleMap:PersistentLevel.FirstPersonExampleMap' with GeneratedClass '/Game/FirstPersonBP/Maps/FirstPersonExampleMap.FirstPersonExampleMap_C' with ClassGeneratedBy '/Game/FirstPersonBP/Maps/FirstPersonExampleMap.FirstPersonExampleMap:PersistentLevel.FirstPersonExampleMap'
[2016.11.01-18.09.20:772][294]LogSavePackage: Save=552.34ms
[2016.11.01-18.09.20:772][294]LogSavePackage: Moving 'C:/Users/Jeremy/Documents/GitHub/Project-lonesome/Project_lonesome/Saved/FirstPersonExampleMap281785F348DE7B6BA82527B73659268B.tmp' to 'C:/Users/Jeremy/Documents/GitHub/Project-lonesome/Project_lonesome/Content/FirstPersonBP/Maps/FirstPersonExampleMap.umap'
[2016.11.01-18.09.20:774][294]LogSavePackage:Display: Finished SavePackage C:/Users/Jeremy/Documents/GitHub/Project-lonesome/Project_lonesome/Content/FirstPersonBP/Maps/FirstPersonExampleMap.umap
[2016.11.01-18.09.26:528][981]LogBlueprintUserMessages: Early PlayInEditor Detection: Level '/Game/FirstPersonBP/Maps/FirstPersonExampleMap.FirstPersonExampleMap:PersistentLevel' has LevelScriptBlueprint '/Game/FirstPersonBP/Maps/FirstPersonExampleMap.FirstPersonExampleMap:PersistentLevel.FirstPersonExampleMap' with GeneratedClass '/Game/FirstPersonBP/Maps/FirstPersonExampleMap.FirstPersonExampleMap_C' with ClassGeneratedBy '/Game/FirstPersonBP/Maps/FirstPersonExampleMap.FirstPersonExampleMap:PersistentLevel.FirstPersonExampleMap'
[2016.11.01-18.09.26:528][981]LogPlayLevel: PlayLevel: No blueprints needed recompiling
[2016.11.01-18.09.26:528][981]PIE: New page: PIE session: FirstPersonExampleMap (Nov 1, 2016, 3:09:26 AM)
[2016.11.01-18.09.26:528][981]LogPlayLevel: Creating play world package: /Game/FirstPersonBP/Maps/UEDPIE_0_FirstPersonExampleMap
[2016.11.01-18.09.26:562][981]LogPlayLevel: PIE: StaticDuplicateObject took: (0.034301s)
[2016.11.01-18.09.26:563][981]LogAIModule: Creating AISystem for world FirstPersonExampleMap
[2016.11.01-18.09.26:564][981]LogPlayLevel: PIE: World Init took: (0.001400s)
[2016.11.01-18.09.26:564][981]LogPlayLevel: PIE: Created PIE world by copying editor world from /Game/FirstPersonBP/Maps/FirstPersonExampleMap.FirstPersonExampleMap to /Game/FirstPersonBP/Maps/UEDPIE_0_FirstPersonExampleMap.FirstPersonExampleMap (0.036073s)
[2016.11.01-18.09.26:598][981]LogInit: XAudio2 using 'Headset Earphone (ASTRO MixAmp Pro           )' : 2 channels at 48 kHz using 16 bits per sample (channel mask 0x3)
[2016.11.01-18.09.26:607][981]LogInit: FAudioDevice initialized.
[2016.11.01-18.09.26:657][981]LogWorld: Game class is 'FirstPersonGameMode_C'
[2016.11.01-18.09.26:686][981]LogWorld: Bringing World /Game/FirstPersonBP/Maps/UEDPIE_0_FirstPersonExampleMap.FirstPersonExampleMap up for play (max tick rate 0) at 2016.11.01-11.09.26
[2016.11.01-18.09.26:686][981]LogWorld: Bringing up level for play took: 0.028805
[2016.11.01-18.09.26:687][981]LogGameMode:Display: Match State Changed from EnteringMap to WaitingToStart
[2016.11.01-18.09.26:687][981]LogGameState: Match State Changed from EnteringMap to WaitingToStart
[2016.11.01-18.09.26:687][981]LogGameMode:Display: Match State Changed from WaitingToStart to InProgress
[2016.11.01-18.09.26:688][981]LogGameState: Match State Changed from WaitingToStart to InProgress
[2016.11.01-18.09.26:691][981]PIE: Info Play in editor start time for /Game/FirstPersonBP/Maps/UEDPIE_0_FirstPersonExampleMap -0.157
[2016.11.01-18.09.26:691][981]LogBlueprintUserMessages: Late PlayInEditor Detection: Level '/Game/FirstPersonBP/Maps/FirstPersonExampleMap.FirstPersonExampleMap:PersistentLevel' has LevelScriptBlueprint '/Game/FirstPersonBP/Maps/FirstPersonExampleMap.FirstPersonExampleMap:PersistentLevel.FirstPersonExampleMap' with GeneratedClass '/Game/FirstPersonBP/Maps/FirstPersonExampleMap.FirstPersonExampleMap_C' with ClassGeneratedBy '/Game/FirstPersonBP/Maps/FirstPersonExampleMap.FirstPersonExampleMap:PersistentLevel.FirstPersonExampleMap'
[2016.11.01-18.09.34:601][916]LogBlueprintUserMessages: Early EndPlayMap Detection: Level '/Game/FirstPersonBP/Maps/FirstPersonExampleMap.FirstPersonExampleMap:PersistentLevel' has LevelScriptBlueprint '/Game/FirstPersonBP/Maps/FirstPersonExampleMap.FirstPersonExampleMap:PersistentLevel.FirstPersonExampleMap' with GeneratedClass '/Game/FirstPersonBP/Maps/FirstPersonExampleMap.FirstPersonExampleMap_C' with ClassGeneratedBy '/Game/FirstPersonBP/Maps/FirstPersonExampleMap.FirstPersonExampleMap:PersistentLevel.FirstPersonExampleMap'
[2016.11.01-18.09.34:653][916]LogBlueprintUserMessages: Late EndPlayMap Detection: Level '/Game/FirstPersonBP/Maps/FirstPersonExampleMap.FirstPersonExampleMap:PersistentLevel' has LevelScriptBlueprint '/Game/FirstPersonBP/Maps/FirstPersonExampleMap.FirstPersonExampleMap:PersistentLevel.FirstPersonExampleMap' with GeneratedClass '/Game/FirstPersonBP/Maps/FirstPersonExampleMap.FirstPersonExampleMap_C' with ClassGeneratedBy '/Game/FirstPersonBP/Maps/FirstPersonExampleMap.FirstPersonExampleMap:PersistentLevel.FirstPersonExampleMap'
[2016.11.01-18.11.52:577][429]LogWindowsTextInputMethodSystem:Display: IME system now deactivated.
[2016.11.01-18.11.52:753][430]Cmd: QUIT_EDITOR
[2016.11.01-18.11.53:134][430]LogExit: Preparing to exit.
[2016.11.01-18.11.54:216][430]LogExit: Editor shut down
[2016.11.01-18.11.54:217][430]LogExit: Transaction tracking system shut down
[2016.11.01-18.11.54:382][430]LogObj: Freed 0b from 0 cluster array pools.
[2016.11.01-18.11.54:382][430]LogExit: Object subsystem successfully closed.
[2016.11.01-18.11.54:394][430]LogD3D11RHI: Shutdown
[2016.11.01-18.11.54:394][430]LogD3D11RHI: CleanupD3DDevice
[2016.11.01-18.11.54:450][430]LogD3D11RHI: ~FD3D11DynamicRHI
[2016.11.01-18.11.54:459][430]LogModuleManager: Shutting down and abandoning module SequencerWidgets (237)
[2016.11.01-18.11.54:459][430]LogModuleManager: Shutting down and abandoning module BlueprintGraph (236)
[2016.11.01-18.11.54:459][430]LogModuleManager: Shutting down and abandoning module BlueprintProfiler (235)
[2016.11.01-18.11.54:459][430]LogModuleManager: Shutting down and abandoning module MovieSceneCapture (234)
[2016.11.01-18.11.54:459][430]LogModuleManager: Shutting down and abandoning module HierarchicalLODOutliner (233)
[2016.11.01-18.11.54:459][430]LogModuleManager: Shutting down and abandoning module CrashTracker (232)
[2016.11.01-18.11.54:459][430]LogModuleManager: Shutting down and abandoning module SceneOutliner (231)
[2016.11.01-18.11.54:459][430]LogModuleManager: Shutting down and abandoning module WidgetCarousel (230)
[2016.11.01-18.11.54:459][430]LogModuleManager: Shutting down and abandoning module AddContentDialog (229)
[2016.11.01-18.11.54:459][430]LogDirectoryWatcher: A directory notification for 'D:/Program Files (x86)/Epic Games/4.13/FeaturePacks/' was aborted.
[2016.11.01-18.11.54:461][430]LogModuleManager: Shutting down and abandoning module GameplayTags (228)
[2016.11.01-18.11.54:461][430]LogModuleManager: Shutting down and abandoning module EditorWidgets (227)
[2016.11.01-18.11.54:461][430]LogModuleManager: Shutting down and abandoning module CollectionManager (226)
[2016.11.01-18.11.54:461][430]LogDirectoryWatcher: A directory notification for 'C:/Users/Jeremy/Documents/GitHub/Project-lonesome/Project_lonesome/Content/Collections/' was aborted.
[2016.11.01-18.11.54:461][430]LogDirectoryWatcher: A directory notification for 'C:/Users/Jeremy/Documents/GitHub/Project-lonesome/Project_lonesome/Content/Developers/Jeremy/Collections/' was aborted.
[2016.11.01-18.11.54:461][430]LogDirectoryWatcher: A directory notification for 'C:/Users/Jeremy/Documents/GitHub/Project-lonesome/Project_lonesome/Saved/Collections/' was aborted.
[2016.11.01-18.11.54:461][430]LogModuleManager: Shutting down and abandoning module StatsViewer (225)
[2016.11.01-18.11.54:461][430]LogModuleManager: Shutting down and abandoning module FoliageEdit (224)
[2016.11.01-18.11.54:461][430]LogModuleManager: Shutting down and abandoning module LandscapeEditor (223)
[2016.11.01-18.11.54:461][430]LogModuleManager: Shutting down and abandoning module SceneDepthPickerMode (222)
[2016.11.01-18.11.54:461][430]LogModuleManager: Shutting down and abandoning module ActorPickerMode (221)
[2016.11.01-18.11.54:461][430]LogModuleManager: Shutting down and abandoning module GeometryMode (220)
[2016.11.01-18.11.54:461][430]LogModuleManager: Shutting down and abandoning module TextureAlignMode (219)
[2016.11.01-18.11.54:461][430]LogModuleManager: Shutting down and abandoning module BspMode (218)
[2016.11.01-18.11.54:461][430]LogModuleManager: Shutting down and abandoning module HardwareSurvey (217)
[2016.11.01-18.11.54:461][430]LogModuleManager: Shutting down and abandoning module SequenceRecorderSections (216)
[2016.11.01-18.11.54:461][430]LogModuleManager: Shutting down and abandoning module SequenceRecorder (215)
[2016.11.01-18.11.54:461][430]LogModuleManager: Shutting down and abandoning module AutomationWorker (214)
[2016.11.01-18.11.54:461][430]LogModuleManager: Shutting down and abandoning module MatineeToLevelSequence (213)
[2016.11.01-18.11.54:461][430]LogModuleManager: Shutting down and abandoning module PlacementMode (212)
[2016.11.01-18.11.54:461][430]LogModuleManager: Shutting down and abandoning module LevelSequenceEditor (211)
[2016.11.01-18.11.54:462][430]LogModuleManager: Shutting down and abandoning module WmfMediaFactory (210)
[2016.11.01-18.11.54:462][430]LogModuleManager: Shutting down and abandoning module WmfMediaEditor (209)
[2016.11.01-18.11.54:462][430]LogModuleManager: Shutting down and abandoning module AvfMediaFactory (208)
[2016.11.01-18.11.54:462][430]LogModuleManager: Shutting down and abandoning module AvfMediaEditor (207)
[2016.11.01-18.11.54:462][430]LogModuleManager: Shutting down and abandoning module Media (206)
[2016.11.01-18.11.54:462][430]LogModuleManager: Shutting down and abandoning module AndroidMediaFactory (205)
[2016.11.01-18.11.54:462][430]LogModuleManager: Shutting down and abandoning module AndroidMediaEditor (204)
[2016.11.01-18.11.54:462][430]LogModuleManager: Shutting down and abandoning module CharacterAI (203)
[2016.11.01-18.11.54:462][430]LogModuleManager: Shutting down and abandoning module SmartSnapping (202)
[2016.11.01-18.11.54:462][430]LogModuleManager: Shutting down and abandoning module SessionServices (201)
[2016.11.01-18.11.54:462][430]LogModuleManager: Shutting down and abandoning module ViewportSnapping (200)
[2016.11.01-18.11.54:462][430]LogModuleManager: Shutting down and abandoning module ViewportInteraction (199)
[2016.11.01-18.11.54:462][430]LogModuleManager: Shutting down and abandoning module LogVisualizer (198)
[2016.11.01-18.11.54:462][430]LogModuleManager: Shutting down and abandoning module GameProjectGeneration (197)
[2016.11.01-18.11.54:462][430]LogModuleManager: Shutting down and abandoning module IntroTutorials (196)
[2016.11.01-18.11.54:462][430]LogModuleManager: Shutting down and abandoning module EditorLiveStreaming (195)
[2016.11.01-18.11.54:462][430]LogModuleManager: Shutting down and abandoning module IOSPlatformEditor (194)
[2016.11.01-18.11.54:462][430]LogModuleManager: Shutting down and abandoning module HTML5PlatformEditor (193)
[2016.11.01-18.11.54:462][430]LogModuleManager: Shutting down and abandoning module AndroidDeviceDetection (192)
[2016.11.01-18.11.55:060][430]LogModuleManager: Shutting down and abandoning module AndroidPlatformEditor (191)
[2016.11.01-18.11.55:060][430]LogModuleManager: Shutting down and abandoning module IOSRuntimeSettings (190)
[2016.11.01-18.11.55:060][430]LogModuleManager: Shutting down and abandoning module AndroidRuntimeSettings (189)
[2016.11.01-18.11.55:060][430]LogModuleManager: Shutting down and abandoning module NiagaraEditor (188)
[2016.11.01-18.11.55:060][430]LogModuleManager: Shutting down and abandoning module MergeActors (187)
[2016.11.01-18.11.55:060][430]LogModuleManager: Shutting down and abandoning module SizeMap (186)
[2016.11.01-18.11.55:060][430]LogModuleManager: Shutting down and abandoning module TreeMap (185)
[2016.11.01-18.11.55:060][430]LogModuleManager: Shutting down and abandoning module ReferenceViewer (184)
[2016.11.01-18.11.55:060][430]LogModuleManager: Shutting down and abandoning module LocalizationService (183)
[2016.11.01-18.11.55:060][430]LogModuleManager: Shutting down and abandoning module LocalizationDashboard (182)
[2016.11.01-18.11.55:060][430]LogModuleManager: Shutting down and abandoning module HardwareTargeting (181)
[2016.11.01-18.11.55:060][430]LogModuleManager: Shutting down and abandoning module DeviceProfileEditor (180)
[2016.11.01-18.11.55:060][430]LogModuleManager: Shutting down and abandoning module UndoHistory (179)
[2016.11.01-18.11.55:060][430]LogModuleManager: Shutting down and abandoning module UserFeedback (178)
[2016.11.01-18.11.55:060][430]LogModuleManager: Shutting down and abandoning module XmlParser (177)
[2016.11.01-18.11.55:060][430]LogModuleManager: Shutting down and abandoning module Blutility (176)
[2016.11.01-18.11.55:060][430]LogModuleManager: Shutting down and abandoning module ProjectTargetPlatformEditor (175)
[2016.11.01-18.11.55:061][430]LogModuleManager: Shutting down and abandoning module ProjectSettingsViewer (174)
[2016.11.01-18.11.55:061][430]LogModuleManager: Shutting down and abandoning module InputBindingEditor (173)
[2016.11.01-18.11.55:061][430]LogModuleManager: Shutting down and abandoning module EditorSettingsViewer (172)
[2016.11.01-18.11.55:061][430]LogModuleManager: Shutting down and abandoning module SettingsEditor (171)
[2016.11.01-18.11.55:061][430]LogModuleManager: Shutting down and abandoning module ProjectLauncher (170)
[2016.11.01-18.11.55:061][430]LogModuleManager: Shutting down and abandoning module SessionFrontend (169)
[2016.11.01-18.11.55:061][430]LogModuleManager: Shutting down and abandoning module ProfilerClient (168)
[2016.11.01-18.11.55:061][430]LogModuleManager: Shutting down and abandoning module TargetDeviceServices (167)
[2016.11.01-18.11.55:061][430]LogModuleManager: Shutting down and abandoning module DeviceManager (166)
[2016.11.01-18.11.55:114][430]LogModuleManager: Shutting down and abandoning module AutomationController (165)
[2016.11.01-18.11.55:114][430]LogModuleManager: Shutting down and abandoning module AutomationWindow (164)
[2016.11.01-18.11.55:114][430]LogModuleManager: Shutting down and abandoning module Layers (163)
[2016.11.01-18.11.55:114][430]LogModuleManager: Shutting down and abandoning module ComponentVisualizers (162)
[2016.11.01-18.11.55:114][430]LogModuleManager: Shutting down and abandoning module DetailCustomizations (161)
[2016.11.01-18.11.55:114][430]LogModuleManager: Shutting down and abandoning module PackagesDialog (160)
[2016.11.01-18.11.55:114][430]LogModuleManager: Shutting down and abandoning module AnimGraph (159)
[2016.11.01-18.11.55:114][430]LogModuleManager: Shutting down and abandoning module Persona (158)
[2016.11.01-18.11.55:114][430]LogModuleManager: Shutting down and abandoning module Kismet (157)
[2016.11.01-18.11.55:119][430]LogModuleManager: Shutting down and abandoning module GraphEditor (156)
[2016.11.01-18.11.55:119][430]LogModuleManager: Shutting down and abandoning module ClassViewer (155)
[2016.11.01-18.11.55:119][430]LogModuleManager: Shutting down and abandoning module Toolbox (154)
[2016.11.01-18.11.55:119][430]LogModuleManager: Shutting down and abandoning module ModuleUI (153)
[2016.11.01-18.11.55:119][430]LogModuleManager: Shutting down and abandoning module MovieSceneTools (152)
[2016.11.01-18.11.55:119][430]LogModuleManager: Shutting down and abandoning module OutputLog (151)
[2016.11.01-18.11.55:119][430]LogModuleManager: Shutting down and abandoning module GammaUI (150)
[2016.11.01-18.11.55:119][430]LogModuleManager: Shutting down and abandoning module Documentation (149)
[2016.11.01-18.11.55:119][430]LogModuleManager: Shutting down and abandoning module Niagara (148)
[2016.11.01-18.11.55:119][430]LogModuleManager: Shutting down and abandoning module StreamingPauseRendering (147)
[2016.11.01-18.11.55:119][430]LogModuleManager: Shutting down and abandoning module AnalyticsET (146)
[2016.11.01-18.11.55:119][430]LogModuleManager: Shutting down and abandoning module PortalServices (145)
[2016.11.01-18.11.55:119][430]LogModuleManager: Shutting down and abandoning module PortalRpc (144)
[2016.11.01-18.11.55:119][430]LogModuleManager: Shutting down and abandoning module MessagingRpc (143)
[2016.11.01-18.11.55:119][430]LogModuleManager: Shutting down and abandoning module GameplayDebugger (142)
[2016.11.01-18.11.55:119][430]LogModuleManager: Shutting down and abandoning module AITestSuite (141)
[2016.11.01-18.11.55:119][430]LogModuleManager: Shutting down and abandoning module AIModule (140)
[2016.11.01-18.11.55:119][430]LogModuleManager: Shutting down and abandoning module ProfilerService (139)
[2016.11.01-18.11.55:364][430]LogModuleManager: Shutting down and abandoning module TaskGraph (138)
[2016.11.01-18.11.55:364][430]LogModuleManager: Shutting down and abandoning module SlateRemote (137)
[2016.11.01-18.11.55:364][430]LogModuleManager: Shutting down and abandoning module SteamVRController (136)
[2016.11.01-18.11.55:364][430]LogModuleManager: Shutting down and abandoning module SteamVR (135)
[2016.11.01-18.11.55:364][430]LogModuleManager: Shutting down and abandoning module ProceduralMeshComponentEditor (134)
[2016.11.01-18.11.55:364][430]LogModuleManager: Shutting down and abandoning module ProceduralMeshComponent (133)
[2016.11.01-18.11.55:364][430]LogModuleManager: Shutting down and abandoning module OculusLibrary (132)
[2016.11.01-18.11.55:364][430]LogModuleManager: Shutting down and abandoning module OculusInput (131)
[2016.11.01-18.11.55:364][430]LogModuleManager: Shutting down and abandoning module CustomMeshComponent (130)
[2016.11.01-18.11.55:364][430]LogModuleManager: Shutting down and abandoning module CableComponent (129)
[2016.11.01-18.11.55:364][430]LogModuleManager: Shutting down and abandoning module ArchVisCharacter (128)
[2016.11.01-18.11.55:364][430]LogModuleManager: Shutting down and abandoning module MediaPlayerEditor (126)
[2016.11.01-18.11.55:364][430]LogModuleManager: Shutting down and abandoning module HTML5Networking (125)
[2016.11.01-18.11.55:364][430]LogModuleManager: Shutting down and abandoning module GeometryCacheEd (124)
[2016.11.01-18.11.55:364][430]LogModuleManager: Shutting down and abandoning module GeometryCache (123)
[2016.11.01-18.11.55:364][430]LogModuleManager: Shutting down and abandoning module AlembicLibrary (122)
[2016.11.01-18.11.55:364][430]LogModuleManager: Shutting down and abandoning module AlembicImporter (121)
[2016.11.01-18.11.55:364][430]LogModuleManager: Shutting down and abandoning module SuperSearch (120)
[2016.11.01-18.11.55:364][430]LogModuleManager: Shutting down and abandoning module SuperSearchEditor (119)
[2016.11.01-18.11.55:364][430]LogModuleManager: Shutting down and abandoning module SpeedTreeImporter (118)
[2016.11.01-18.11.55:364][430]LogModuleManager: Shutting down and abandoning module PluginBrowser (117)
[2016.11.01-18.11.55:364][430]LogModuleManager: Shutting down and abandoning module MobileLauncherProfileWizard (116)
[2016.11.01-18.11.55:364][430]LogModuleManager: Shutting down and abandoning module EpicSurvey (115)
[2016.11.01-18.11.55:364][430]LogModuleManager: Shutting down and abandoning module DesktopPlatform (114)
[2016.11.01-18.11.55:364][430]LogModuleManager: Shutting down and abandoning module VisualStudioSourceCodeAccess (113)
[2016.11.01-18.11.55:364][430]LogModuleManager: Shutting down and abandoning module UObjectPlugin (112)
[2016.11.01-18.11.55:364][430]LogModuleManager: Shutting down and abandoning module SubversionSourceControl (111)
[2016.11.01-18.11.55:364][430]LogModuleManager: Shutting down and abandoning module PerforceSourceControl (110)
[2016.11.01-18.11.55:364][430]LogModuleManager: Shutting down and abandoning module SourceControl (109)
[2016.11.01-18.11.55:364][430]LogModuleManager: Shutting down and abandoning module GitSourceControl (108)
[2016.11.01-18.11.55:364][430]LogModuleManager: Shutting down and abandoning module LightPropagationVolumeEditor (107)
[2016.11.01-18.11.55:364][430]LogModuleManager: Shutting down and abandoning module PaperTiledImporter (106)
[2016.11.01-18.11.55:364][430]LogModuleManager: Shutting down and abandoning module PaperSpriteSheetImporter (105)
[2016.11.01-18.11.55:364][430]LogModuleManager: Shutting down and abandoning module MeshPaint (104)
[2016.11.01-18.11.55:364][430]LogModuleManager: Shutting down and abandoning module FbxAutomationBuilderModule (103)
[2016.11.01-18.11.55:364][430]LogModuleManager: Shutting down and abandoning module PixelInspectorModule (102)
[2016.11.01-18.11.55:364][430]LogModuleManager: Shutting down and abandoning module HotReload (101)
[2016.11.01-18.11.55:365][430]LogModuleManager: Shutting down and abandoning module MainFrame (100)
[2016.11.01-18.11.55:365][430]LogModuleManager: Shutting down and abandoning module LevelEditor (99)
[2016.11.01-18.11.55:365][430]LogModuleManager: Shutting down and abandoning module ContentBrowser (98)
[2016.11.01-18.11.55:366][430]LogModuleManager: Shutting down and abandoning module Paper2DEditor (97)
[2016.11.01-18.11.55:366][430]LogModuleManager: Shutting down and abandoning module UdpMessaging (96)
[2016.11.01-18.11.55:467][430]LogModuleManager: Shutting down and abandoning module TcpMessaging (95)
[2016.11.01-18.11.55:567][430]LogModuleManager: Shutting down and abandoning module LightPropagationVolumeRuntime (94)
[2016.11.01-18.11.55:567][430]LogModuleManager: Shutting down and abandoning module Paper2D (93)
[2016.11.01-18.11.55:567][430]LogModuleManager: Shutting down and abandoning module WindowsMoviePlayer (92)
[2016.11.01-18.11.55:567][430]LogModuleManager: Shutting down and abandoning module WmfMedia (91)
[2016.11.01-18.11.55:567][430]LogModuleManager: Shutting down and abandoning module MediaAssets (90)
[2016.11.01-18.11.55:567][430]LogModuleManager: Shutting down and abandoning module GameLiveStreaming (89)
[2016.11.01-18.11.55:567][430]LogModuleManager: Shutting down and abandoning module GameplayTagsEditor (88)
[2016.11.01-18.11.55:567][430]LogModuleManager: Shutting down and abandoning module VREditor (87)
[2016.11.01-18.11.55:567][430]LogModuleManager: Shutting down and abandoning module GameplayTasksEditor (86)
[2016.11.01-18.11.55:567][430]LogModuleManager: Shutting down and abandoning module PropertyEditor (85)
[2016.11.01-18.11.55:567][430]LogModuleManager: Shutting down and abandoning module BehaviorTreeEditor (84)
[2016.11.01-18.11.55:567][430]LogModuleManager: Shutting down and abandoning module FunctionalTesting (83)
[2016.11.01-18.11.55:567][430]LogModuleManager: Shutting down and abandoning module CollisionAnalyzer (82)
[2016.11.01-18.11.55:567][430]LogModuleManager: Shutting down and abandoning module Sequencer (81)
[2016.11.01-18.11.55:567][430]LogModuleManager: Shutting down and abandoning module WorkspaceMenuStructure (80)
[2016.11.01-18.11.55:567][430]LogModuleManager: Shutting down and abandoning module MessageLog (79)
[2016.11.01-18.11.55:567][430]LogModuleManager: Shutting down and abandoning module AssetTools (78)
[2016.11.01-18.11.55:568][430]LogModuleManager: Shutting down and abandoning module UMGEditor (77)
[2016.11.01-18.11.55:568][430]LogModuleManager: Shutting down and abandoning module UMG (76)
[2016.11.01-18.11.55:568][430]LogModuleManager: Shutting down and abandoning module SlateReflector (75)
[2016.11.01-18.11.55:568][430]LogModuleManager: Shutting down and abandoning module Slate (74)
[2016.11.01-18.11.55:568][430]LogModuleManager: Shutting down and abandoning module EditorStyle (73)
[2016.11.01-18.11.55:569][430]LogModuleManager: Shutting down and abandoning module SourceCodeAccess (72)
[2016.11.01-18.11.55:569][430]LogModuleManager: Shutting down and abandoning module HeadMountedDisplay (71)
[2016.11.01-18.11.55:569][430]LogModuleManager: Shutting down and abandoning module XAudio2 (70)
[2016.11.01-18.11.55:569][430]LogModuleManager: Shutting down and abandoning module Networking (68)
[2016.11.01-18.11.55:569][430]LogModuleManager: Shutting down and abandoning module Core (67)
[2016.11.01-18.11.55:569][430]LogModuleManager: Shutting down and abandoning module DirectoryWatcher (66)
[2016.11.01-18.11.55:570][430]LogDirectoryWatcher: A directory notification for '../../../Engine/Content/' was aborted.
[2016.11.01-18.11.55:570][430]LogDirectoryWatcher: A directory notification for 'C:/Users/Jeremy/Documents/GitHub/Project-lonesome/Project_lonesome/Content/' was aborted.
[2016.11.01-18.11.55:570][430]LogDirectoryWatcher: A directory notification for '../../../Engine/Plugins/2D/Paper2D/Content/' was aborted.
[2016.11.01-18.11.55:570][430]LogModuleManager: Shutting down and abandoning module AssetRegistry (65)
[2016.11.01-18.11.55:705][430]LogModuleManager: Shutting down and abandoning module KismetCompiler (64)
[2016.11.01-18.11.55:705][430]LogModuleManager: Shutting down and abandoning module PhysXFormats (63)
[2016.11.01-18.11.55:705][430]LogModuleManager: Shutting down and abandoning module MeshUtilities (62)
[2016.11.01-18.11.55:705][430]LogModuleManager: Shutting down and abandoning module DerivedDataCache (61)
[2016.11.01-18.11.55:753][430]LogDerivedDataCache: Shutdown
[2016.11.01-18.11.55:753][430]LogModuleManager: Shutting down and abandoning module VulkanShaderFormat (60)
[2016.11.01-18.11.55:753][430]LogModuleManager: Shutting down and abandoning module ShaderFormatOpenGL (59)
[2016.11.01-18.11.55:753][430]LogModuleManager: Shutting down and abandoning module ShaderFormatD3D (58)
[2016.11.01-18.11.55:753][430]LogModuleManager: Shutting down and abandoning module MetalShaderFormat (57)
[2016.11.01-18.11.55:753][430]LogModuleManager: Shutting down and abandoning module TextureFormatUncompressed (56)
[2016.11.01-18.11.55:753][430]LogModuleManager: Shutting down and abandoning module TextureFormatPVR (55)
[2016.11.01-18.11.55:753][430]LogModuleManager: Shutting down and abandoning module TextureFormatDXT (54)
[2016.11.01-18.11.55:753][430]LogModuleManager: Shutting down and abandoning module TextureFormatIntelISPCTexComp (53)
[2016.11.01-18.11.55:753][430]LogModuleManager: Shutting down and abandoning module ImageWrapper (52)
[2016.11.01-18.11.55:753][430]LogModuleManager: Shutting down and abandoning module TextureFormatASTC (51)
[2016.11.01-18.11.55:753][430]LogModuleManager: Shutting down and abandoning module TextureFormatAndroid (50)
[2016.11.01-18.11.55:753][430]LogModuleManager: Shutting down and abandoning module AudioFormatOpus (49)
[2016.11.01-18.11.55:753][430]LogModuleManager: Shutting down and abandoning module AudioFormatOgg (48)
[2016.11.01-18.11.55:753][430]LogModuleManager: Shutting down and abandoning module AudioFormatADPCM (47)
[2016.11.01-18.11.55:753][430]LogModuleManager: Shutting down and abandoning module LinuxTargetPlatform (46)
[2016.11.01-18.11.55:753][430]LogModuleManager: Shutting down and abandoning module LinuxServerTargetPlatform (45)
[2016.11.01-18.11.55:753][430]LogModuleManager: Shutting down and abandoning module LinuxNoEditorTargetPlatform (44)
[2016.11.01-18.11.55:753][430]LogModuleManager: Shutting down and abandoning module LinuxClientTargetPlatform (43)
[2016.11.01-18.11.55:753][430]LogModuleManager: Shutting down and abandoning module TVOSTargetPlatform (42)
[2016.11.01-18.11.55:753][430]LogModuleManager: Shutting down and abandoning module Messaging (41)
[2016.11.01-18.11.55:754][430]LogModuleManager: Shutting down and abandoning module IOSTargetPlatform (40)
[2016.11.01-18.11.55:754][430]LogModuleManager: Shutting down and abandoning module HTML5TargetPlatform (39)
[2016.11.01-18.11.55:754][430]LogModuleManager: Shutting down and abandoning module Android_PVRTCTargetPlatform (38)
[2016.11.01-18.11.55:754][430]LogModuleManager: Shutting down and abandoning module Android_MultiTargetPlatform (37)
[2016.11.01-18.11.55:754][430]LogModuleManager: Shutting down and abandoning module Android_ETC2TargetPlatform (36)
[2016.11.01-18.11.55:754][430]LogModuleManager: Shutting down and abandoning module Android_ETC1TargetPlatform (35)
[2016.11.01-18.11.55:754][430]LogModuleManager: Shutting down and abandoning module Android_DXTTargetPlatform (34)
[2016.11.01-18.11.55:754][430]LogModuleManager: Shutting down and abandoning module Android_ATCTargetPlatform (33)
[2016.11.01-18.11.55:754][430]LogModuleManager: Shutting down and abandoning module Android_ASTCTargetPlatform (32)
[2016.11.01-18.11.55:754][430]LogModuleManager: Shutting down and abandoning module AndroidTargetPlatform (31)
[2016.11.01-18.11.55:754][430]LogModuleManager: Shutting down and abandoning module WindowsTargetPlatform (30)
[2016.11.01-18.11.55:754][430]LogModuleManager: Shutting down and abandoning module WindowsServerTargetPlatform (29)
[2016.11.01-18.11.55:754][430]LogModuleManager: Shutting down and abandoning module WindowsNoEditorTargetPlatform (28)
[2016.11.01-18.11.55:754][430]LogModuleManager: Shutting down and abandoning module WindowsClientTargetPlatform (27)
[2016.11.01-18.11.55:754][430]LogModuleManager: Shutting down and abandoning module AllDesktopTargetPlatform (26)
[2016.11.01-18.11.55:754][430]LogModuleManager: Shutting down and abandoning module TargetPlatform (25)
[2016.11.01-18.11.55:754][430]LogModuleManager: Shutting down and abandoning module InputCore (24)
[2016.11.01-18.11.55:754][430]LogModuleManager: Shutting down and abandoning module Settings (23)
[2016.11.01-18.11.55:754][430]LogModuleManager: Shutting down and abandoning module OculusRift (22)
[2016.11.01-18.11.55:754][430]LogModuleManager: Shutting down and abandoning module GearVR (21)
[2016.11.01-18.11.55:754][430]LogModuleManager: Shutting down and abandoning module ExampleDeviceProfileSelector (20)
[2016.11.01-18.11.55:754][430]LogModuleManager: Shutting down and abandoning module OnlineBlueprintSupport (19)
[2016.11.01-18.11.55:754][430]LogModuleManager: Shutting down and abandoning module OnlineSubsystem (17)
[2016.11.01-18.11.55:754][430]LogOnline:Display: Unloading online subsystem: NULL
[2016.11.01-18.11.55:754][430]LogModuleManager: Shutting down and abandoning module HTTP (16)
[2016.11.01-18.11.55:754][430]LogHttp:Display: Http module shutting down, but needs to wait on 1 outstanding Http requests:
[2016.11.01-18.11.55:754][430]LogHttp:Display: 	verb=[POST] url=[https://datarouter.ol.epicgames.com/datarouter/api/v1/public/data?SessionID=%7BD2A47809-4DDE-9F61-F466-2BAE2EAD365C%7D&AppID=UEEditor.Rocket.Release&AppVersion=4.13.1-3142249%2B%2B%2BUE4%2BRelease-4.13&UserID=c44897874c53e68159c833aad6b4a091%7Ca2f4d8b11bd94ef99664b9abb109ceb7%7C2b738531-6d61-486b-930d-189a825896e7&AppEnvironment=datacollector-binary&UploadType=eteventstream] status=Processing
[2016.11.01-18.11.55:764][430]LogModuleManager: Shutting down and abandoning module XMPP (15)
[2016.11.01-18.11.55:764][430]LogModuleManager: Shutting down and abandoning module TextureCompressor (14)
[2016.11.01-18.11.55:764][430]LogModuleManager: Shutting down and abandoning module ShaderCore (13)
[2016.11.01-18.11.55:764][430]LogModuleManager: Shutting down and abandoning module Landscape (12)
[2016.11.01-18.11.55:764][430]LogModuleManager: Shutting down and abandoning module SlateRHIRenderer (11)
[2016.11.01-18.11.55:767][430]LogModuleManager: Shutting down and abandoning module OpenGLDrv (10)
[2016.11.01-18.11.55:767][430]LogModuleManager: Shutting down and abandoning module D3D11RHI (9)
[2016.11.01-18.11.55:767][430]LogModuleManager: Shutting down and abandoning module AnimGraphRuntime (8)
[2016.11.01-18.11.55:767][430]LogModuleManager: Shutting down and abandoning module Renderer (7)
[2016.11.01-18.11.55:767][430]LogModuleManager: Shutting down and abandoning module Engine (6)
[2016.11.01-18.11.55:767][430]LogModuleManager: Shutting down and abandoning module CoreUObject (5)
[2016.11.01-18.11.55:767][430]LogModuleManager: Shutting down and abandoning module NetworkFile (4)
[2016.11.01-18.11.55:767][430]LogModuleManager: Shutting down and abandoning module StreamingFile (3)
[2016.11.01-18.11.55:767][430]LogModuleManager: Shutting down and abandoning module SandboxFile (2)
[2016.11.01-18.11.55:767][430]LogModuleManager: Shutting down and abandoning module PakFile (1)
[2016.11.01-18.11.55:768][430]LogExit: Exiting.
[2016.11.01-18.11.55:777][430]Log file closed, 11/01/16 11:11:55
