Log file open, 11/26/16 17:47:18
LogInit:Display: Running engine for game: Project_lonesome
LogPlatformFile: Not using cached read wrapper
LogInit:Display: RandInit(-245062324) SRandInit(-245062324).
LogTaskGraph: Started task graph with 5 named threads and 8 total threads with 1 sets of task threads.
LogStats: Stats thread started at 0.087781
LogPluginManager: Loaded Plugin Paper2D, From D:/Program Files (x86)/Epic Games/4.13/Engine/Plugins/2D/Paper2D/Paper2D.uplugin
LogPluginManager: Loaded Plugin LightPropagationVolume, From D:/Program Files (x86)/Epic Games/4.13/Engine/Plugins/Blendables/LightPropagationVolume/LightPropagationVolume.uplugin
LogPluginManager: Loaded Plugin BlankPlugin, From D:/Program Files (x86)/Epic Games/4.13/Engine/Plugins/Developer/BlankPlugin/BlankPlugin.uplugin
LogPluginManager: Loaded Plugin CodeLiteSourceCodeAccess, From D:/Program Files (x86)/Epic Games/4.13/Engine/Plugins/Developer/CodeLiteSourceCodeAccess/CodeLiteSourceCodeAccess.uplugin
LogPluginManager: Loaded Plugin GitSourceControl, From D:/Program Files (x86)/Epic Games/4.13/Engine/Plugins/Developer/GitSourceControl/GitSourceControl.uplugin
LogPluginManager: Loaded Plugin KDevelopSourceCodeAccess, From D:/Program Files (x86)/Epic Games/4.13/Engine/Plugins/Developer/KDevelopSourceCodeAccess/KDevelopSourceCodeAccess.uplugin
LogPluginManager: Loaded Plugin NullSourceCodeAccess, From D:/Program Files (x86)/Epic Games/4.13/Engine/Plugins/Developer/NullSourceCodeAccess/NullSourceCodeAccess.uplugin
LogPluginManager: Loaded Plugin OneSkyLocalizationService, From D:/Program Files (x86)/Epic Games/4.13/Engine/Plugins/Developer/OneSkyLocalizationService/OneSkyLocalizationService.uplugin
LogPluginManager: Loaded Plugin PerforceSourceControl, From D:/Program Files (x86)/Epic Games/4.13/Engine/Plugins/Developer/PerforceSourceControl/PerforceSourceControl.uplugin
LogPluginManager: Loaded Plugin SubversionSourceControl, From D:/Program Files (x86)/Epic Games/4.13/Engine/Plugins/Developer/SubversionSourceControl/SubversionSourceControl.uplugin
LogPluginManager: Loaded Plugin UObjectPlugin, From D:/Program Files (x86)/Epic Games/4.13/Engine/Plugins/Developer/UObjectPlugin/UObjectPlugin.uplugin
LogPluginManager: Loaded Plugin VisualStudioSourceCodeAccess, From D:/Program Files (x86)/Epic Games/4.13/Engine/Plugins/Developer/VisualStudioSourceCodeAccess/VisualStudioSourceCodeAccess.uplugin
LogPluginManager: Loaded Plugin XCodeSourceCodeAccess, From D:/Program Files (x86)/Epic Games/4.13/Engine/Plugins/Developer/XCodeSourceCodeAccess/XCodeSourceCodeAccess.uplugin
LogPluginManager: Loaded Plugin EpicSurvey, From D:/Program Files (x86)/Epic Games/4.13/Engine/Plugins/Editor/EpicSurvey/EpicSurvey.uplugin
LogPluginManager: Loaded Plugin MacGraphicsSwitching, From D:/Program Files (x86)/Epic Games/4.13/Engine/Plugins/Editor/MacGraphicsSwitching/MacGraphicsSwitching.uplugin
LogPluginManager: Loaded Plugin MobileLauncherProfileWizard, From D:/Program Files (x86)/Epic Games/4.13/Engine/Plugins/Editor/MobileLauncherProfileWizard/MobileLauncherProfileWizard.uplugin
LogPluginManager: Loaded Plugin PluginBrowser, From D:/Program Files (x86)/Epic Games/4.13/Engine/Plugins/Editor/PluginBrowser/PluginBrowser.uplugin
LogPluginManager: Loaded Plugin SpeedTreeImporter, From D:/Program Files (x86)/Epic Games/4.13/Engine/Plugins/Editor/SpeedTreeImporter/SpeedTreeImporter.uplugin
LogPluginManager: Loaded Plugin SuperSearchEditor, From D:/Program Files (x86)/Epic Games/4.13/Engine/Plugins/Editor/SuperSearchEditor/SuperSearchEditor.uplugin
LogPluginManager: Loaded Plugin AlembicImporter, From D:/Program Files (x86)/Epic Games/4.13/Engine/Plugins/Experimental/AlembicImporter/AlembicImporter.uplugin
LogPluginManager: Loaded Plugin BlueprintStats, From D:/Program Files (x86)/Epic Games/4.13/Engine/Plugins/Experimental/BlueprintStats/BlueprintStats.uplugin
LogPluginManager: Loaded Plugin CharacterAI, From D:/Program Files (x86)/Epic Games/4.13/Engine/Plugins/Experimental/CharacterAI/CharacterAI.uplugin
LogPluginManager: Loaded Plugin CodeEditor, From D:/Program Files (x86)/Epic Games/4.13/Engine/Plugins/Experimental/CodeEditor/CodeEditor.uplugin
LogPluginManager: Loaded Plugin CodeView, From D:/Program Files (x86)/Epic Games/4.13/Engine/Plugins/Experimental/CodeView/CodeView.uplugin
LogPluginManager: Loaded Plugin HTML5Networking, From D:/Program Files (x86)/Epic Games/4.13/Engine/Plugins/Experimental/HTML5Networking/HTML5Networking.uplugin
LogPluginManager: Loaded Plugin LiveEditor, From D:/Program Files (x86)/Epic Games/4.13/Engine/Plugins/Experimental/LiveEditor/LiveEditor.uplugin
LogPluginManager: Loaded Plugin OSVR, From D:/Program Files (x86)/Epic Games/4.13/Engine/Plugins/Experimental/OSVR/OSVR.uplugin
LogPluginManager: Loaded Plugin Phya, From D:/Program Files (x86)/Epic Games/4.13/Engine/Plugins/Experimental/Phya/Phya.uplugin
LogPluginManager: Loaded Plugin SignificanceManager, From D:/Program Files (x86)/Epic Games/4.13/Engine/Plugins/Experimental/SignificanceManager/SignificanceManager.uplugin
LogPluginManager: Loaded Plugin SimpleHMD, From D:/Program Files (x86)/Epic Games/4.13/Engine/Plugins/Experimental/SimpleHMD/SimpleHMD.uplugin
LogPluginManager: Loaded Plugin StereoPanorama, From D:/Program Files (x86)/Epic Games/4.13/Engine/Plugins/Experimental/StereoPanorama/StereoPanorama.uplugin
LogPluginManager: Loaded Plugin StructBox, From D:/Program Files (x86)/Epic Games/4.13/Engine/Plugins/Experimental/StructBox/StructBox.uplugin
LogPluginManager: Loaded Plugin AndroidMedia, From D:/Program Files (x86)/Epic Games/4.13/Engine/Plugins/Media/AndroidMedia/AndroidMedia.uplugin
LogPluginManager: Loaded Plugin AvfMedia, From D:/Program Files (x86)/Epic Games/4.13/Engine/Plugins/Media/AvfMedia/AvfMedia.uplugin
LogPluginManager: Loaded Plugin MediaPlayerEditor, From D:/Program Files (x86)/Epic Games/4.13/Engine/Plugins/Media/MediaPlayerEditor/MediaPlayerEditor.uplugin
LogPluginManager: Loaded Plugin WmfMedia, From D:/Program Files (x86)/Epic Games/4.13/Engine/Plugins/Media/WmfMedia/WmfMedia.uplugin
LogPluginManager: Loaded Plugin MessagingDebugger, From D:/Program Files (x86)/Epic Games/4.13/Engine/Plugins/Messaging/MessagingDebugger/MessagingDebugger.uplugin
LogPluginManager: Loaded Plugin TcpMessaging, From D:/Program Files (x86)/Epic Games/4.13/Engine/Plugins/Messaging/TcpMessaging/TcpMessaging.uplugin
LogPluginManager: Loaded Plugin UdpMessaging, From D:/Program Files (x86)/Epic Games/4.13/Engine/Plugins/Messaging/UdpMessaging/UdpMessaging.uplugin
LogPluginManager: Loaded Plugin LevelSequenceEditor, From D:/Program Files (x86)/Epic Games/4.13/Engine/Plugins/MovieScene/LevelSequenceEditor/LevelSequenceEditor.uplugin
LogPluginManager: Loaded Plugin MatineeToLevelSequence, From D:/Program Files (x86)/Epic Games/4.13/Engine/Plugins/MovieScene/MatineeToLevelSequence/MatineeToLevelSequence.uplugin
LogPluginManager: Loaded Plugin NetcodeUnitTest, From D:/Program Files (x86)/Epic Games/4.13/Engine/Plugins/NetcodeUnitTest/NetcodeUnitTest/NetcodeUnitTest.uplugin
LogPluginManager: Loaded Plugin NUTUnrealEngine4, From D:/Program Files (x86)/Epic Games/4.13/Engine/Plugins/NetcodeUnitTest/NUTUnrealEngine4/NUTUnrealEngine4.uplugin
LogPluginManager: Loaded Plugin OnlineSubsystemGooglePlay, From D:/Program Files (x86)/Epic Games/4.13/Engine/Plugins/Online/Android/OnlineSubsystemGooglePlay/OnlineSubsystemGooglePlay.uplugin
LogPluginManager: Loaded Plugin OnlineSubsystemIOS, From D:/Program Files (x86)/Epic Games/4.13/Engine/Plugins/Online/IOS/OnlineSubsystemIOS/OnlineSubsystemIOS.uplugin
LogPluginManager: Loaded Plugin OnlineFramework, From D:/Program Files (x86)/Epic Games/4.13/Engine/Plugins/Online/OnlineFramework/OnlineFramework.uplugin
LogPluginManager: Loaded Plugin OnlineSubsystem, From D:/Program Files (x86)/Epic Games/4.13/Engine/Plugins/Online/OnlineSubsystem/OnlineSubsystem.uplugin
LogPluginManager: Loaded Plugin OnlineSubsystemAmazon, From D:/Program Files (x86)/Epic Games/4.13/Engine/Plugins/Online/OnlineSubsystemAmazon/OnlineSubsystemAmazon.uplugin
LogPluginManager: Loaded Plugin OnlineSubsystemFacebook, From D:/Program Files (x86)/Epic Games/4.13/Engine/Plugins/Online/OnlineSubsystemFacebook/OnlineSubsystemFacebook.uplugin
LogPluginManager: Loaded Plugin OnlineSubsystemNull, From D:/Program Files (x86)/Epic Games/4.13/Engine/Plugins/Online/OnlineSubsystemNull/OnlineSubsystemNull.uplugin
LogPluginManager: Loaded Plugin OnlineSubsystemOculus, From D:/Program Files (x86)/Epic Games/4.13/Engine/Plugins/Online/OnlineSubsystemOculus/OnlineSubsystemOculus.uplugin
LogPluginManager: Loaded Plugin OnlineSubsystemSteam, From D:/Program Files (x86)/Epic Games/4.13/Engine/Plugins/Online/OnlineSubsystemSteam/OnlineSubsystemSteam.uplugin
LogPluginManager: Loaded Plugin OnlineSubsystemUtils, From D:/Program Files (x86)/Epic Games/4.13/Engine/Plugins/Online/OnlineSubsystemUtils/OnlineSubsystemUtils.uplugin
LogPluginManager: Loaded Plugin IOSTapJoy, From D:/Program Files (x86)/Epic Games/4.13/Engine/Plugins/Runtime/Advertising/IOSTapJoy/IOSTapJoy.uplugin
LogPluginManager: Loaded Plugin AnalyticsBlueprintLibrary, From D:/Program Files (x86)/Epic Games/4.13/Engine/Plugins/Runtime/Analytics/AnalyticsBlueprintLibrary/AnalyticsBlueprintLibrary.uplugin
LogPluginManager: Loaded Plugin AnalyticsMulticast, From D:/Program Files (x86)/Epic Games/4.13/Engine/Plugins/Runtime/Analytics/AnalyticsMulticast/AnalyticsMulticast.uplugin
LogPluginManager: Loaded Plugin Apsalar, From D:/Program Files (x86)/Epic Games/4.13/Engine/Plugins/Runtime/Analytics/Apsalar/Apsalar.uplugin
LogPluginManager: Loaded Plugin FileLogging, From D:/Program Files (x86)/Epic Games/4.13/Engine/Plugins/Runtime/Analytics/FileLogging/FileLogging.uplugin
LogPluginManager: Loaded Plugin Flurry, From D:/Program Files (x86)/Epic Games/4.13/Engine/Plugins/Runtime/Analytics/Flurry/Flurry.uplugin
LogPluginManager: Loaded Plugin AndroidDeviceProfileSelector, From D:/Program Files (x86)/Epic Games/4.13/Engine/Plugins/Runtime/AndroidDeviceProfileSelector/AndroidDeviceProfileSelector.uplugin
LogPluginManager: Loaded Plugin AndroidMoviePlayer, From D:/Program Files (x86)/Epic Games/4.13/Engine/Plugins/Runtime/AndroidMoviePlayer/AndroidMoviePlayer.uplugin
LogPluginManager: Loaded Plugin AppleMoviePlayer, From D:/Program Files (x86)/Epic Games/4.13/Engine/Plugins/Runtime/AppleMoviePlayer/AppleMoviePlayer.uplugin
LogPluginManager: Loaded Plugin ArchVisCharacter, From D:/Program Files (x86)/Epic Games/4.13/Engine/Plugins/Runtime/ArchVisCharacter/ArchVisCharacter.uplugin
LogPluginManager: Loaded Plugin CableComponent, From D:/Program Files (x86)/Epic Games/4.13/Engine/Plugins/Runtime/CableComponent/CableComponent.uplugin
LogPluginManager: Loaded Plugin CustomMeshComponent, From D:/Program Files (x86)/Epic Games/4.13/Engine/Plugins/Runtime/CustomMeshComponent/CustomMeshComponent.uplugin
LogPluginManager: Loaded Plugin ExampleDeviceProfileSelector, From D:/Program Files (x86)/Epic Games/4.13/Engine/Plugins/Runtime/ExampleDeviceProfileSelector/ExampleDeviceProfileSelector.uplugin
LogPluginManager: Loaded Plugin GearVR, From D:/Program Files (x86)/Epic Games/4.13/Engine/Plugins/Runtime/GearVR/GearVR.uplugin
LogPluginManager: Loaded Plugin GoogleVRController, From D:/Program Files (x86)/Epic Games/4.13/Engine/Plugins/Runtime/GoogleVR/GoogleVRController/GoogleVRController.uplugin
LogPluginManager: Loaded Plugin GoogleVRHMD, From D:/Program Files (x86)/Epic Games/4.13/Engine/Plugins/Runtime/GoogleVR/GoogleVRHMD/GoogleVRHMD.uplugin
LogPluginManager: Loaded Plugin IOSDeviceProfileSelector, From D:/Program Files (x86)/Epic Games/4.13/Engine/Plugins/Runtime/IOSDeviceProfileSelector/IOSDeviceProfileSelector.uplugin
LogPluginManager: Loaded Plugin LeapMotion, From D:/Program Files (x86)/Epic Games/4.13/Engine/Plugins/Runtime/LeapMotion/LeapMotion.uplugin
LogPluginManager: Loaded Plugin LinuxDeviceProfileSelector, From D:/Program Files (x86)/Epic Games/4.13/Engine/Plugins/Runtime/LinuxDeviceProfileSelector/LinuxDeviceProfileSelector.uplugin
LogPluginManager: Loaded Plugin LiveEditorListenServer, From D:/Program Files (x86)/Epic Games/4.13/Engine/Plugins/Runtime/LiveEditorListenServer/LiveEditorListenServer.uplugin
LogPluginManager: Loaded Plugin OculusAudio, From D:/Program Files (x86)/Epic Games/4.13/Engine/Plugins/Runtime/OculusAudio/OculusAudio.uplugin
LogPluginManager: Loaded Plugin OculusInput, From D:/Program Files (x86)/Epic Games/4.13/Engine/Plugins/Runtime/OculusInput/OculusInput.uplugin
LogPluginManager: Loaded Plugin OculusLibrary, From D:/Program Files (x86)/Epic Games/4.13/Engine/Plugins/Runtime/OculusLibrary/OculusLibrary.uplugin
LogPluginManager: Loaded Plugin OculusRift, From D:/Program Files (x86)/Epic Games/4.13/Engine/Plugins/Runtime/OculusRift/OculusRift.uplugin
LogPluginManager: Loaded Plugin Oodle, From D:/Program Files (x86)/Epic Games/4.13/Engine/Plugins/Runtime/PacketHandlers/CompressionComponents/Oodle/Oodle.uplugin
LogPluginManager: Loaded Plugin ProceduralMeshComponent, From D:/Program Files (x86)/Epic Games/4.13/Engine/Plugins/Runtime/ProceduralMeshComponent/ProceduralMeshComponent.uplugin
LogPluginManager: Loaded Plugin SoundMod, From D:/Program Files (x86)/Epic Games/4.13/Engine/Plugins/Runtime/SoundMod/SoundMod.uplugin
LogPluginManager: Loaded Plugin SoundVisualizations, From D:/Program Files (x86)/Epic Games/4.13/Engine/Plugins/Runtime/SoundVisualizations/SoundVisualizations.uplugin
LogPluginManager: Loaded Plugin SteamController, From D:/Program Files (x86)/Epic Games/4.13/Engine/Plugins/Runtime/Steam/SteamController/SteamController.uplugin
LogPluginManager: Loaded Plugin SteamVR, From D:/Program Files (x86)/Epic Games/4.13/Engine/Plugins/Runtime/Steam/SteamVR/SteamVR.uplugin
LogPluginManager: Loaded Plugin WebBrowserWidget, From D:/Program Files (x86)/Epic Games/4.13/Engine/Plugins/Runtime/WebBrowserWidget/WebBrowserWidget.uplugin
LogPluginManager: Loaded Plugin WindowsDeviceProfileSelector, From D:/Program Files (x86)/Epic Games/4.13/Engine/Plugins/Runtime/WindowsDeviceProfileSelector/WindowsDeviceProfileSelector.uplugin
LogPluginManager: Loaded Plugin WindowsMoviePlayer, From D:/Program Files (x86)/Epic Games/4.13/Engine/Plugins/Runtime/WindowsMoviePlayer/WindowsMoviePlayer.uplugin
LogPluginManager: Loaded Plugin ScriptPlugin, From D:/Program Files (x86)/Epic Games/4.13/Engine/Plugins/ScriptPlugin/ScriptPlugin.uplugin
LogPluginManager: Loaded Plugin SlateRemote, From D:/Program Files (x86)/Epic Games/4.13/Engine/Plugins/Slate/SlateRemote/SlateRemote.uplugin
LogInit: Using libcurl 7.47.1
LogInit:  - built for x86_64-pc-win32
LogInit:  - supports SSL with WinSSL
LogInit:  - other features:
LogInit:      CURL_VERSION_SSL
LogInit:      CURL_VERSION_IPV6
LogInit:      CURL_VERSION_ASYNCHDNS
LogInit:      CURL_VERSION_LARGEFILE
LogInit:      CURL_VERSION_IDN
LogInit:  CurlRequestOptions (configurable via config and command line):
LogInit:  - bVerifyPeer = false  - Libcurl will NOT verify peer certificate
LogInit:  - bUseHttpProxy = false  - Libcurl will NOT use HTTP proxy
LogInit:  - bDontReuseConnections = false  - Libcurl will reuse connections
LogInit:  - CertBundlePath = nullptr  - Libcurl will use whatever was configured at build time.
LogInit: Build: ++UE4+Release-4.13-CL-3142249
LogInit: Engine Version: 4.13.1-3142249+++UE4+Release-4.13
LogInit: Compatible Engine Version: 4.13.0-3106830+++UE4+Release-4.13
LogInit: Net CL: 3142249
LogDevObjectVersion: Number of dev versions registered: 13
LogDevObjectVersion:   Dev-Blueprints (B0D832E4-1F89-4F0D-ACCF-7EB736FD4AA2): 5
LogDevObjectVersion:   Dev-Build (E1C64328-A22C-4D53-A36C-8E866417BD8C): 0
LogDevObjectVersion:   Dev-Core (375EC13C-06E4-48FB-B500-84F0262A717E): 1
LogDevObjectVersion:   Dev-Editor (E4B068ED-F494-42E9-A231-DA0B2E46BB41): 6
LogDevObjectVersion:   Dev-Framework (CFFC743F-43B0-4480-9391-14DF171D2073): 12
LogDevObjectVersion:   Dev-Mobile (B02B49B5-BB20-44E9-A304-32B752E40360): 0
LogDevObjectVersion:   Dev-Networking (A4E4105C-59A1-49B5-A7C5-40C4547EDFEE): 0
LogDevObjectVersion:   Dev-Online (39C831C9-5AE6-47DC-9A44-9C173E1C8E7C): 0
LogDevObjectVersion:   Dev-Physics (78F01B33-EBEA-4F98-B9B4-84EACCB95AA2): 0
LogDevObjectVersion:   Dev-Platform (6631380F-2D4D-43E0-8009-CF276956A95A): 0
LogDevObjectVersion:   Dev-Rendering (12F88B9F-8875-4AFC-A67C-D90C383ABD29): 4
LogDevObjectVersion:   Dev-Sequencer (7B5AE74C-D270-4C10-A958-57980B212A5A): 0
LogDevObjectVersion:   Dev-VR (D7296918-1DD6-4BDD-9DE2-64A83CC13884): 0
LogInit: Compiled (64-bit): Sep 28 2016 02:12:12
LogInit: Compiled with Visual C++: 19.00.23026.00
LogInit: Build Configuration: Development
LogInit: Branch Name: ++UE4+Release-4.13
LogInit: Command line: -EpicPortal 
LogInit: Base directory: D:/Program Files (x86)/Epic Games/4.13/Engine/Binaries/Win64/
LogInit: Installed Engine Build: 1
LogInit: Presizing for max 8388607 objects, including 0 objects not considered by GC, pre-allocating 0 bytes for permanent pool.
LogInit: Object subsystem initialized
[2016.11.27-01.47.18:630][  0]LogInit: Selected Device Profile: [Windows]
[2016.11.27-01.47.18:630][  0]LogInit: Applying CVar settings loaded from the selected device profile: [Windows]
[2016.11.27-01.47.18:638][  0]LogInit: Computer: JEREMY-PC
[2016.11.27-01.47.18:638][  0]LogInit: User: Jeremy
[2016.11.27-01.47.18:638][  0]LogInit: CPU Page size=65536, Cores=4
[2016.11.27-01.47.18:638][  0]LogInit: High frequency timer resolution =3.312791 MHz
[2016.11.27-01.47.18:638][  0]LogMemory: Memory total: Physical=15.9GB (16GB approx)
[2016.11.27-01.47.18:638][  0]LogMemory: Platform Memory Stats for Windows
[2016.11.27-01.47.18:638][  0]LogMemory: Process Physical Memory: 256.16 MB used, 256.16 MB peak
[2016.11.27-01.47.18:638][  0]LogMemory: Process Virtual Memory: 259.98 MB used, 259.98 MB peak
[2016.11.27-01.47.18:638][  0]LogMemory: Physical Memory: 5655.60 MB used, 16301.11 MB total
[2016.11.27-01.47.18:638][  0]LogMemory: Virtual Memory: 622.96 MB used, 134217728.00 MB total
[2016.11.27-01.47.18:671][  0]LogTextLocalizationManager: No specific translations for ('en-US') exist, so ('en') translations will be used.
[2016.11.27-01.47.19:459][  0]LogD3D11RHI: D3D11 adapters:
[2016.11.27-01.47.19:493][  0]LogD3D11RHI:    0. 'NVIDIA GeForce GTX 770' (Feature Level 11_0)
[2016.11.27-01.47.19:493][  0]LogD3D11RHI:       2017/0/8150 MB DedicatedVideo/DedicatedSystem/SharedSystem, Outputs:2, VendorId:0x10de
[2016.11.27-01.47.19:497][  0]LogD3D11RHI:    1. 'Intel(R) HD Graphics 3000' (Feature Level 10_0)
[2016.11.27-01.47.19:497][  0]LogD3D11RHI:       32/0/1632 MB DedicatedVideo/DedicatedSystem/SharedSystem, Outputs:0, VendorId:0x8086
[2016.11.27-01.47.19:499][  0]LogD3D11RHI:    2. 'Microsoft Basic Render Driver' (Feature Level 11_0)
[2016.11.27-01.47.19:499][  0]LogD3D11RHI:       0/0/8150 MB DedicatedVideo/DedicatedSystem/SharedSystem, Outputs:0, VendorId:0x1414
[2016.11.27-01.47.19:499][  0]LogD3D11RHI: Chosen D3D11 Adapter: 0
[2016.11.27-01.47.19:505][  0]LogD3D11RHI: Creating new Direct3DDevice
[2016.11.27-01.47.19:505][  0]LogD3D11RHI:     GPU DeviceId: 0x1184 (for the marketing name, search the web for "GPU Device Id")
[2016.11.27-01.47.19:505][  0]LogWindows: EnumDisplayDevices:
[2016.11.27-01.47.19:505][  0]LogWindows:    0. 'NVIDIA GeForce GTX 770' (P:1 D:1)
[2016.11.27-01.47.19:505][  0]LogWindows:    1. 'NVIDIA GeForce GTX 770' (P:0 D:1)
[2016.11.27-01.47.19:505][  0]LogWindows:    2. 'NVIDIA GeForce GTX 770' (P:0 D:0)
[2016.11.27-01.47.19:506][  0]LogWindows:    3. 'NVIDIA GeForce GTX 770' (P:0 D:0)
[2016.11.27-01.47.19:506][  0]LogWindows:    4. 'Intel(R) HD Graphics 3000' (P:0 D:0)
[2016.11.27-01.47.19:507][  0]LogWindows:    5. 'Intel(R) HD Graphics 3000' (P:0 D:0)
[2016.11.27-01.47.19:507][  0]LogWindows: DebugString: PrimaryIsNotTheChoosenAdapter PrimaryIsNotTheChoosenAdapter FoundDriverCount:4 
[2016.11.27-01.47.19:507][  0]LogD3D11RHI:     Adapter Name: NVIDIA GeForce GTX 770
[2016.11.27-01.47.19:507][  0]LogD3D11RHI:   Driver Version: 369.09 (internal:21.21.13.6909, unified:369.09)
[2016.11.27-01.47.19:507][  0]LogD3D11RHI:      Driver Date: 8-1-2016
[2016.11.27-01.47.19:507][  0]LogRHI: Texture pool is 1361 MB (70% of 1945 MB)
[2016.11.27-01.47.19:521][  0]LogD3D11RHI: Async texture creation enabled
[2016.11.27-01.47.19:537][  0]LogD3D11RHI: GPU Timing Frequency: 1000.000000 (Debug: 2 2)
[2016.11.27-01.47.19:537][  0]LogShaderCompilers: Guid format shader working directory is -20 characters bigger than the processId version (C:/Users/Jeremy/Documents/GitHub/Project-lonesome/Project_lonesome/Intermediate/Shaders/WorkingDirectory/11524/).
[2016.11.27-01.47.19:537][  0]LogShaderCompilers: Cleaned the shader compiler working directory 'C:/Users/Jeremy/AppData/Local/Temp/UnrealShaderWorkingDir/FD0A0B65426D817135964D98B1E74EBC/'.
[2016.11.27-01.47.19:537][  0]LogShaderCompilers:Display: Using Local Shader Compiler.
[2016.11.27-01.47.20:675][  0]LogTemp:Display: Loaded TP AllDesktopTargetPlatform
[2016.11.27-01.47.20:684][  0]LogTemp:Display: Loaded TP WindowsClientTargetPlatform
[2016.11.27-01.47.20:693][  0]LogTemp:Display: Loaded TP WindowsNoEditorTargetPlatform
[2016.11.27-01.47.20:702][  0]LogTemp:Display: Loaded TP WindowsServerTargetPlatform
[2016.11.27-01.47.20:710][  0]LogTemp:Display: Loaded TP WindowsTargetPlatform
[2016.11.27-01.47.20:717][  0]LogTemp:Display: Loaded TP AndroidTargetPlatform
[2016.11.27-01.47.20:723][  0]LogTemp:Display: Loaded TP Android_ASTCTargetPlatform
[2016.11.27-01.47.20:730][  0]LogTemp:Display: Loaded TP Android_ATCTargetPlatform
[2016.11.27-01.47.20:737][  0]LogTemp:Display: Loaded TP Android_DXTTargetPlatform
[2016.11.27-01.47.20:744][  0]LogTemp:Display: Loaded TP Android_ETC1TargetPlatform
[2016.11.27-01.47.20:750][  0]LogTemp:Display: Loaded TP Android_ETC2TargetPlatform
[2016.11.27-01.47.20:765][  0]LogTemp:Display: Loaded TP Android_MultiTargetPlatform
[2016.11.27-01.47.20:765][  0]LogTemp:Display: Loaded TP Android_PVRTCTargetPlatform
[2016.11.27-01.47.20:766][  0]LogTemp:Display: Loaded TP HTML5TargetPlatform
[2016.11.27-01.47.20:786][  0]LogTemp:Display: Loaded TP IOSTargetPlatform
[2016.11.27-01.47.20:793][  0]LogTemp:Display: Loaded TP TVOSTargetPlatform
[2016.11.27-01.47.20:800][  0]LogTemp:Display: Loaded TP LinuxClientTargetPlatform
[2016.11.27-01.47.20:807][  0]LogTemp:Display: Loaded TP LinuxNoEditorTargetPlatform
[2016.11.27-01.47.20:814][  0]LogTemp:Display: Loaded TP LinuxServerTargetPlatform
[2016.11.27-01.47.20:821][  0]LogTemp:Display: Loaded TP LinuxTargetPlatform
[2016.11.27-01.47.20:821][  0]LogTargetPlatformManager:Display: Building Assets For Windows
[2016.11.27-01.47.20:906][  0]LogDerivedDataCache:Display: Max Cache Size: 512 MB
[2016.11.27-01.47.20:982][  0]LogDerivedDataCache: Loaded boot cache 0.08s 62MB C:/Users/Jeremy/AppData/Local/UnrealEngine/4.13/DerivedDataCache/Boot.ddc.
[2016.11.27-01.47.20:982][  0]LogDerivedDataCache:Display: Loaded Boot cache: C:/Users/Jeremy/AppData/Local/UnrealEngine/4.13/DerivedDataCache/Boot.ddc
[2016.11.27-01.47.20:982][  0]LogDerivedDataCache: FDerivedDataBackendGraph:  Pak pak cache file C:/Users/Jeremy/Documents/GitHub/Project-lonesome/Project_lonesome/DerivedDataCache/DDC.ddp not found, will not use a pak cache.
[2016.11.27-01.47.20:982][  0]LogDerivedDataCache: Unable to find inner node Pak for hierarchical cache Hierarchy.
[2016.11.27-01.47.20:982][  0]LogDerivedDataCache: FDerivedDataBackendGraph:  CompressedPak pak cache file C:/Users/Jeremy/Documents/GitHub/Project-lonesome/Project_lonesome/DerivedDataCache/Compressed.ddp not found, will not use a pak cache.
[2016.11.27-01.47.20:982][  0]LogDerivedDataCache: Unable to find inner node CompressedPak for hierarchical cache Hierarchy.
[2016.11.27-01.47.21:000][  0]LogDerivedDataCache:Display: Pak cache opened for reading ../../../Engine/DerivedDataCache/Compressed.ddp.
[2016.11.27-01.47.21:012][  0]LogDerivedDataCache: Using Local data cache path C:/Users/Jeremy/AppData/Local/UnrealEngine/Common/DerivedDataCache: Writable
[2016.11.27-01.47.21:247][  0]LogInit: Selected Device Profile: [Windows]
[2016.11.27-01.47.21:250][  0]LogContentStreaming: Texture pool size is 0.00 MB
[2016.11.27-01.47.21:365][  0]LogMeshUtilities: No automatic mesh reduction module available
[2016.11.27-01.47.21:365][  0]LogMeshUtilities: No automatic mesh merging module available
[2016.11.27-01.47.21:365][  0]LogMeshUtilities: No distributed automatic mesh merging module available
[2016.11.27-01.47.21:454][  0]LogMaterial: Uniform references updated for custom material expression Custom.
[2016.11.27-01.47.21:769][  0]LogNetVersion: GetLocalNetworkVersion: CL: 3106830, ProjectName: project_lonesome, ProjectVersion: , EngineNetworkVersion: 1, GameNetworkVersion: 0, NetworkChecksum: 2318975005
[2016.11.27-01.47.21:806][  0]LogAssetRegistry: FAssetRegistry took 0.0210 seconds to start up
[2016.11.27-01.47.21:835][  0]LogPackageLocalizationCache: Processed 3 localized package path(s) for 2 prioritized culture(s) in 0.026589 seconds
[2016.11.27-01.47.21:840][  0]LogUObjectArray: 29778 objects as part of root set at end of initial load.
[2016.11.27-01.47.21:840][  0]LogUObjectAllocator: 6125456 out of 0 bytes used by permanent object pool.
[2016.11.27-01.47.21:840][  0]LogUObjectArray: CloseDisregardForGC: 0/0 objects in disregard for GC pool
[2016.11.27-01.47.21:847][  0]LogInit: WinSock: version 1.1 (2.2), MaxSocks=32767, MaxUdp=65467
[2016.11.27-01.47.22:056][  0]LogSlate: SlateFontCache - WITH_FREETYPE: 1, WITH_HARFBUZZ: 1
[2016.11.27-01.47.22:056][  0]LogSlate: SlateFontCache - WITH_FREETYPE: 1, WITH_HARFBUZZ: 1
[2016.11.27-01.47.22:953][  0]LogTcpMessaging: Initializing TcpMessaging bridge
[2016.11.27-01.47.22:975][  0]LogUdpMessaging: Initializing bridge on interface 0.0.0.0:0 to multicast group 230.0.0.1:6666.
[2016.11.27-01.47.23:223][  0]SourceControl: Info Source control is disabled
[2016.11.27-01.47.23:225][  0]SourceControl: Info Source control is disabled
[2016.11.27-01.47.23:235][  0]SourceControl: Info Source control is disabled
[2016.11.27-01.47.23:246][  0]SourceControl: Info Source control is disabled
[2016.11.27-01.47.23:570][  0]LogEngine: Initializing Engine...
[2016.11.27-01.47.23:571][  0]LogHMD: Failed to initialize OpenVR with code 110
[2016.11.27-01.47.23:726][  0]LogAIModule: Creating AISystem for world Untitled
[2016.11.27-01.47.23:754][  0]LogInit: XAudio2 using 'Headset Earphone (ASTRO MixAmp Pro           )' : 2 channels at 48 kHz using 16 bits per sample (channel mask 0x3)
[2016.11.27-01.47.23:767][  0]LogInit: FAudioDevice initialized.
[2016.11.27-01.47.23:796][  0]LogDerivedDataCache: Saved boot cache 0.03s 62MB C:/Users/Jeremy/AppData/Local/UnrealEngine/4.13/DerivedDataCache/Boot.ddc.
[2016.11.27-01.47.23:808][  0]LogInit: Texture streaming: Enabled
[2016.11.27-01.47.23:832][  0]LogInit: Transaction tracking system initialized
[2016.11.27-01.47.23:854][  0]BlueprintLog: New page: Editor Load
[2016.11.27-01.47.23:927][  0]LocalizationService: Info Localization service is disabled
[2016.11.27-01.47.24:008][  0]LogConsoleResponse:Display: 
[2016.11.27-01.47.24:116][  0]LogCook:Display: Max memory allowance for cook 16384mb min free memory 0mb
[2016.11.27-01.47.24:116][  0]LogCook:Display: Mobile HDR setting 1
[2016.11.27-01.47.24:289][  0]LogFileCache: Scanning file cache for directory 'C:/Users/Jeremy/Documents/GitHub/Project-lonesome/Project_lonesome/Content/' took 0.02s
[2016.11.27-01.47.24:289][  0]SourceControl: Info Source control is disabled
[2016.11.27-01.47.24:289][  0]Cmd: MAP LOAD FILE="C:/Users/Jeremy/Documents/GitHub/Project-lonesome/Project_lonesome/Content/FirstPersonBP/Maps/FirstPersonExampleMap.umap" TEMPLATE=0 SHOWPROGRESS=1 FEATURELEVEL=3
[2016.11.27-01.47.24:290][  0]LightingResults: New page: Lighting Build
[2016.11.27-01.47.24:292][  0]MapCheck: New page: Map Check
[2016.11.27-01.47.24:292][  0]LightingResults: New page: Lighting Build
[2016.11.27-01.47.24:944][  0]LogAIModule: Creating AISystem for world FirstPersonExampleMap
[2016.11.27-01.47.24:977][  0]LogEditorServer: Finished looking for orphan Actors (0.000 secs)
[2016.11.27-01.47.24:978][  0]Cmd: MAP CHECKDEP NOCLEARLOG
[2016.11.27-01.47.25:059][  0]MapCheck: Info Map check complete: 0 Error(s), 0 Warning(s), took 81.482ms to complete.
[2016.11.27-01.47.25:059][  0]LogFileHelpers: Loading map 'FirstPersonExampleMap' took 0.770
[2016.11.27-01.47.25:198][  0]LogCollectionManager: Loaded 1 collections in 0.002005 seconds
[2016.11.27-01.47.25:244][  0]LogFileCache: Scanning file cache for directory 'C:/Users/Jeremy/Documents/GitHub/Project-lonesome/Project_lonesome/Saved/Collections/' took 0.01s
[2016.11.27-01.47.25:244][  0]LogFileCache: Scanning file cache for directory 'C:/Users/Jeremy/Documents/GitHub/Project-lonesome/Project_lonesome/Content/Developers/Jeremy/Collections/' took 0.01s
[2016.11.27-01.47.25:244][  0]LogFileCache: Scanning file cache for directory 'C:/Users/Jeremy/Documents/GitHub/Project-lonesome/Project_lonesome/Content/Collections/' took 0.01s
[2016.11.27-01.47.25:244][  0]LogCollectionManager: Rebuilt the GUID cache for 1 collections in 0.000006 seconds
[2016.11.27-01.47.25:244][  0]LogCollectionManager: Rebuilt the hierarchy cache for 1 collections in 0.000000 seconds
[2016.11.27-01.47.25:256][  0]LogContentBrowser: Native class hierarchy populated in 0.0116 seconds. Added 2141 classes and 415 folders.
[2016.11.27-01.47.25:260][  0]LogStats: UGameplayTagsManager::ConstructGameplayTagTree: Construct from data asset -  0.000 s
[2016.11.27-01.47.25:260][  0]LogStats: UGameplayTagsManager::ConstructGameplayTagTree: GameplayTagTreeChangedEvent.Broadcast -  0.000 s
[2016.11.27-01.47.25:261][  0]LogContentBrowser: Native class hierarchy updated for 'GameplayTags' in 0.0006 seconds. Added 12 classes and 0 folders.
[2016.11.27-01.47.25:266][  0]LogContentBrowser: Native class hierarchy updated for 'WidgetCarousel' in 0.0005 seconds. Added 0 classes and 0 folders.
[2016.11.27-01.47.25:342][  0]LogContentBrowser: Native class hierarchy updated for 'AddContentDialog' in 0.0009 seconds. Added 0 classes and 0 folders.
[2016.11.27-01.47.25:350][  0]LogContentBrowser: Native class hierarchy updated for 'SceneOutliner' in 0.0009 seconds. Added 1 classes and 2 folders.
[2016.11.27-01.47.25:370][  0]LogCrashTracker: Crashtracker disabled due to settings.
[2016.11.27-01.47.25:377][  0]LogUObjectGlobals:Warning: Failed to find object 'Class None.'
[2016.11.27-01.47.25:405][  0]LogContentBrowser: Native class hierarchy updated for 'HierarchicalLODOutliner' in 0.0006 seconds. Added 1 classes and 2 folders.
[2016.11.27-01.47.25:405][  0]LogLoad: (Engine Initialization) Total time: 7.78 seconds
[2016.11.27-01.47.25:405][  0]LogLoad: (Engine Initialization) Total Blueprint compile time: 0.16 seconds
[2016.11.27-01.47.25:405][  0]LogExternalProfiler: No external profilers were discovered.  External profiling features will not be available.
[2016.11.27-01.47.25:414][  0]LogWindowsTextInputMethodSystem:Display: IME system now deactivated.
[2016.11.27-01.47.25:415][  0]LogOcInput: OculusInput pre-init called
[2016.11.27-01.47.25:435][  0]LogContentStreaming: Texture pool size now 1000 MB
[2016.11.27-01.47.25:625][  0]LogRenderer: Reallocating scene render targets to support 1208x580 (Frame:2).
[2016.11.27-01.47.25:748][  2]LogAssetRegistry: Asset discovery search completed in 3.9622 seconds
[2016.11.27-01.47.25:748][  2]LogCollectionManager: Rebuilt the object cache for 1 collections in 0.000007 seconds (found 0 objects)
[2016.11.27-01.47.25:748][  2]LogCollectionManager: Fixed up redirectors for 1 collections in 0.000026 seconds (updated 0 objects)
[2016.11.27-01.47.35:953][136]LogBlueprintUserMessages: Early PlayInEditor Detection: Level '/Game/FirstPersonBP/Maps/FirstPersonExampleMap.FirstPersonExampleMap:PersistentLevel' has LevelScriptBlueprint '/Game/FirstPersonBP/Maps/FirstPersonExampleMap.FirstPersonExampleMap:PersistentLevel.FirstPersonExampleMap' with GeneratedClass '/Game/FirstPersonBP/Maps/FirstPersonExampleMap.FirstPersonExampleMap_C' with ClassGeneratedBy '/Game/FirstPersonBP/Maps/FirstPersonExampleMap.FirstPersonExampleMap:PersistentLevel.FirstPersonExampleMap'
[2016.11.27-01.47.35:953][136]LogPlayLevel: PlayLevel: No blueprints needed recompiling
[2016.11.27-01.47.35:954][136]PIE: New page: PIE session: FirstPersonExampleMap (Nov 26, 2016, 9:47:35 AM)
[2016.11.27-01.47.35:954][136]LogPlayLevel: Creating play world package: /Game/FirstPersonBP/Maps/UEDPIE_0_FirstPersonExampleMap
[2016.11.27-01.47.36:011][136]LogPlayLevel: PIE: StaticDuplicateObject took: (0.057055s)
[2016.11.27-01.47.36:012][136]LogAIModule: Creating AISystem for world FirstPersonExampleMap
[2016.11.27-01.47.36:012][136]LogPlayLevel: PIE: World Init took: (0.001259s)
[2016.11.27-01.47.36:013][136]LogPlayLevel: PIE: Created PIE world by copying editor world from /Game/FirstPersonBP/Maps/FirstPersonExampleMap.FirstPersonExampleMap to /Game/FirstPersonBP/Maps/UEDPIE_0_FirstPersonExampleMap.FirstPersonExampleMap (0.058878s)
[2016.11.27-01.47.36:048][136]LogInit: XAudio2 using 'Headset Earphone (ASTRO MixAmp Pro           )' : 2 channels at 48 kHz using 16 bits per sample (channel mask 0x3)
[2016.11.27-01.47.36:057][136]LogInit: FAudioDevice initialized.
[2016.11.27-01.47.36:127][136]LogWorld: Game class is 'FirstPersonGameMode_C'
[2016.11.27-01.47.36:166][136]LogWorld: Bringing World /Game/FirstPersonBP/Maps/UEDPIE_0_FirstPersonExampleMap.FirstPersonExampleMap up for play (max tick rate 0) at 2016.11.26-17.47.36
[2016.11.27-01.47.36:167][136]LogWorld: Bringing up level for play took: 0.038860
[2016.11.27-01.47.36:171][136]LogContentBrowser: Native class hierarchy updated for 'MovieSceneCapture' in 0.0005 seconds. Added 11 classes and 0 folders.
[2016.11.27-01.47.36:171][136]LogGameMode:Display: Match State Changed from EnteringMap to WaitingToStart
[2016.11.27-01.47.36:171][136]LogGameState: Match State Changed from EnteringMap to WaitingToStart
[2016.11.27-01.47.36:171][136]LogGameMode:Display: Match State Changed from WaitingToStart to InProgress
[2016.11.27-01.47.36:171][136]LogGameState: Match State Changed from WaitingToStart to InProgress
[2016.11.27-01.47.36:176][136]PIE: Info Play in editor start time for /Game/FirstPersonBP/Maps/UEDPIE_0_FirstPersonExampleMap -0.737
[2016.11.27-01.47.36:176][136]LogBlueprintUserMessages: Late PlayInEditor Detection: Level '/Game/FirstPersonBP/Maps/FirstPersonExampleMap.FirstPersonExampleMap:PersistentLevel' has LevelScriptBlueprint '/Game/FirstPersonBP/Maps/FirstPersonExampleMap.FirstPersonExampleMap:PersistentLevel.FirstPersonExampleMap' with GeneratedClass '/Game/FirstPersonBP/Maps/FirstPersonExampleMap.FirstPersonExampleMap_C' with ClassGeneratedBy '/Game/FirstPersonBP/Maps/FirstPersonExampleMap.FirstPersonExampleMap:PersistentLevel.FirstPersonExampleMap'
[2016.11.27-01.47.36:215][136]LogRenderer: Reallocating scene render targets to support 1292x756 (Frame:1536).
[2016.11.27-01.47.48:127][392]LogBlueprintUserMessages: Early EndPlayMap Detection: Level '/Game/FirstPersonBP/Maps/FirstPersonExampleMap.FirstPersonExampleMap:PersistentLevel' has LevelScriptBlueprint '/Game/FirstPersonBP/Maps/FirstPersonExampleMap.FirstPersonExampleMap:PersistentLevel.FirstPersonExampleMap' with GeneratedClass '/Game/FirstPersonBP/Maps/FirstPersonExampleMap.FirstPersonExampleMap_C' with ClassGeneratedBy '/Game/FirstPersonBP/Maps/FirstPersonExampleMap.FirstPersonExampleMap:PersistentLevel.FirstPersonExampleMap'
[2016.11.27-01.47.48:170][392]LogBlueprintUserMessages: Late EndPlayMap Detection: Level '/Game/FirstPersonBP/Maps/FirstPersonExampleMap.FirstPersonExampleMap:PersistentLevel' has LevelScriptBlueprint '/Game/FirstPersonBP/Maps/FirstPersonExampleMap.FirstPersonExampleMap:PersistentLevel.FirstPersonExampleMap' with GeneratedClass '/Game/FirstPersonBP/Maps/FirstPersonExampleMap.FirstPersonExampleMap_C' with ClassGeneratedBy '/Game/FirstPersonBP/Maps/FirstPersonExampleMap.FirstPersonExampleMap:PersistentLevel.FirstPersonExampleMap'
[2016.11.27-01.47.52:282][812]LogAIModule: Creating AISystem for world Second-Floor
[2016.11.27-01.47.52:340][812]Cmd: MAP LOAD FILE="C:/Users/Jeremy/Documents/GitHub/Project-lonesome/Project_lonesome/Content/Levels/Second-Floor.umap" TEMPLATE=0 SHOWPROGRESS=1 FEATURELEVEL=3
[2016.11.27-01.47.52:340][812]LightingResults: New page: Lighting Build
[2016.11.27-01.47.52:340][812]LoadErrors: New page: Loading map: Second-Floor.umap
[2016.11.27-01.47.52:343][812]MapCheck: New page: Map Check
[2016.11.27-01.47.52:343][812]LightingResults: New page: Lighting Build
[2016.11.27-01.47.52:380][812]LogEditorServer: Finished looking for orphan Actors (0.000 secs)
[2016.11.27-01.47.52:401][812]Cmd: MAP CHECKDEP NOCLEARLOG
[2016.11.27-01.47.52:505][812]MapCheck: Info Map check complete: 0 Error(s), 0 Warning(s), took 103.888ms to complete.
[2016.11.27-01.47.52:506][812]LogFileHelpers: Loading map 'Second-Floor' took 0.166
[2016.11.27-01.47.55:522][145]LogBlueprintUserMessages: Early PlayInEditor Detection: Level '/Game/Levels/Second-Floor.Second-Floor:PersistentLevel' has LevelScriptBlueprint '/Game/Levels/Second-Floor.Second-Floor:PersistentLevel.Second-Floor' with GeneratedClass '/Game/Levels/Second-Floor.Second-Floor_C' with ClassGeneratedBy '/Game/Levels/Second-Floor.Second-Floor:PersistentLevel.Second-Floor'
[2016.11.27-01.47.55:522][145]LogPlayLevel: PlayLevel: No blueprints needed recompiling
[2016.11.27-01.47.55:522][145]PIE: New page: PIE session: Second-Floor (Nov 26, 2016, 9:47:55 AM)
[2016.11.27-01.47.55:523][145]LogPlayLevel: Creating play world package: /Game/Levels/UEDPIE_0_Second-Floor
[2016.11.27-01.47.55:575][145]LogPlayLevel: PIE: StaticDuplicateObject took: (0.052708s)
[2016.11.27-01.47.55:576][145]LogAIModule: Creating AISystem for world Second-Floor
[2016.11.27-01.47.55:576][145]LogPlayLevel: PIE: World Init took: (0.001117s)
[2016.11.27-01.47.55:577][145]LogPlayLevel: PIE: Created PIE world by copying editor world from /Game/Levels/Second-Floor.Second-Floor to /Game/Levels/UEDPIE_0_Second-Floor.Second-Floor (0.054170s)
[2016.11.27-01.47.55:606][145]LogInit: XAudio2 using 'Headset Earphone (ASTRO MixAmp Pro           )' : 2 channels at 48 kHz using 16 bits per sample (channel mask 0x3)
[2016.11.27-01.47.55:614][145]LogInit: FAudioDevice initialized.
[2016.11.27-01.47.55:670][145]LogWorld: Game class is 'FirstPersonGameMode_C'
[2016.11.27-01.47.55:719][145]LogWorld: Bringing World /Game/Levels/UEDPIE_0_Second-Floor.Second-Floor up for play (max tick rate 0) at 2016.11.26-17.47.55
[2016.11.27-01.47.55:720][145]LogWorld: Bringing up level for play took: 0.047942
[2016.11.27-01.47.55:721][145]LogGameMode:Display: Match State Changed from EnteringMap to WaitingToStart
[2016.11.27-01.47.55:721][145]LogGameState: Match State Changed from EnteringMap to WaitingToStart
[2016.11.27-01.47.55:721][145]LogGameMode:Display: Match State Changed from WaitingToStart to InProgress
[2016.11.27-01.47.55:722][145]LogGameState: Match State Changed from WaitingToStart to InProgress
[2016.11.27-01.47.55:727][145]PIE: Info Play in editor start time for /Game/Levels/UEDPIE_0_Second-Floor 0.814
[2016.11.27-01.47.55:727][145]LogBlueprintUserMessages: Late PlayInEditor Detection: Level '/Game/Levels/Second-Floor.Second-Floor:PersistentLevel' has LevelScriptBlueprint '/Game/Levels/Second-Floor.Second-Floor:PersistentLevel.Second-Floor' with GeneratedClass '/Game/Levels/Second-Floor.Second-Floor_C' with ClassGeneratedBy '/Game/Levels/Second-Floor.Second-Floor:PersistentLevel.Second-Floor'
[2016.11.27-01.48.02:357][833]LogBlueprintUserMessages: Early EndPlayMap Detection: Level '/Game/Levels/Second-Floor.Second-Floor:PersistentLevel' has LevelScriptBlueprint '/Game/Levels/Second-Floor.Second-Floor:PersistentLevel.Second-Floor' with GeneratedClass '/Game/Levels/Second-Floor.Second-Floor_C' with ClassGeneratedBy '/Game/Levels/Second-Floor.Second-Floor:PersistentLevel.Second-Floor'
[2016.11.27-01.48.02:399][833]LogBlueprintUserMessages: Late EndPlayMap Detection: Level '/Game/Levels/Second-Floor.Second-Floor:PersistentLevel' has LevelScriptBlueprint '/Game/Levels/Second-Floor.Second-Floor:PersistentLevel.Second-Floor' with GeneratedClass '/Game/Levels/Second-Floor.Second-Floor_C' with ClassGeneratedBy '/Game/Levels/Second-Floor.Second-Floor:PersistentLevel.Second-Floor'
[2016.11.27-01.48.11:680][912]LogAIModule: Creating AISystem for world First-Floor
[2016.11.27-01.48.11:699][912]Cmd: MAP LOAD FILE="C:/Users/Jeremy/Documents/GitHub/Project-lonesome/Project_lonesome/Content/Levels/First-Floor.umap" TEMPLATE=0 SHOWPROGRESS=1 FEATURELEVEL=3
[2016.11.27-01.48.11:699][912]LightingResults: New page: Lighting Build
[2016.11.27-01.48.11:699][912]LoadErrors: New page: Loading map: First-Floor.umap
[2016.11.27-01.48.11:702][912]MapCheck: New page: Map Check
[2016.11.27-01.48.11:702][912]LightingResults: New page: Lighting Build
[2016.11.27-01.48.11:722][912]LogEditorServer: Finished looking for orphan Actors (0.000 secs)
[2016.11.27-01.48.11:739][912]Cmd: MAP CHECKDEP NOCLEARLOG
[2016.11.27-01.48.11:841][912]MapCheck: Info Map check complete: 0 Error(s), 0 Warning(s), took 101.961ms to complete.
[2016.11.27-01.48.11:841][912]LogFileHelpers: Loading map 'First-Floor' took 0.144
[2016.11.27-01.48.13:684][116]LogAIModule: Creating AISystem for world MainMenu
[2016.11.27-01.48.13:701][116]Cmd: MAP LOAD FILE="C:/Users/Jeremy/Documents/GitHub/Project-lonesome/Project_lonesome/Content/Levels/MainMenu.umap" TEMPLATE=0 SHOWPROGRESS=1 FEATURELEVEL=3
[2016.11.27-01.48.13:701][116]LightingResults: New page: Lighting Build
[2016.11.27-01.48.13:702][116]LoadErrors: New page: Loading map: MainMenu.umap
[2016.11.27-01.48.13:703][116]MapCheck: New page: Map Check
[2016.11.27-01.48.13:703][116]LightingResults: New page: Lighting Build
[2016.11.27-01.48.13:722][116]LogEditorServer: Finished looking for orphan Actors (0.000 secs)
[2016.11.27-01.48.13:743][116]Cmd: MAP CHECKDEP NOCLEARLOG
[2016.11.27-01.48.13:836][116]MapCheck: Info Map check complete: 0 Error(s), 0 Warning(s), took 93.375ms to complete.
[2016.11.27-01.48.13:836][116]LogFileHelpers: Loading map 'MainMenu' took 0.136
[2016.11.27-01.48.14:485][187]LogAIModule: Creating AISystem for world Park
[2016.11.27-01.48.14:498][187]Cmd: MAP LOAD FILE="C:/Users/Jeremy/Documents/GitHub/Project-lonesome/Project_lonesome/Content/Levels/Park.umap" TEMPLATE=0 SHOWPROGRESS=1 FEATURELEVEL=3
[2016.11.27-01.48.14:498][187]LightingResults: New page: Lighting Build
[2016.11.27-01.48.14:498][187]LoadErrors: New page: Loading map: Park.umap
[2016.11.27-01.48.14:499][187]MapCheck: New page: Map Check
[2016.11.27-01.48.14:499][187]LightingResults: New page: Lighting Build
[2016.11.27-01.48.14:512][187]LogEditorServer: Finished looking for orphan Actors (0.000 secs)
[2016.11.27-01.48.14:528][187]Cmd: MAP CHECKDEP NOCLEARLOG
[2016.11.27-01.48.14:611][187]MapCheck: Info Map check complete: 0 Error(s), 0 Warning(s), took 82.652ms to complete.
[2016.11.27-01.48.14:611][187]LogFileHelpers: Loading map 'Park' took 0.114
[2016.11.27-01.48.15:435][272]LogAIModule: Creating AISystem for world Second-Floor
[2016.11.27-01.48.15:460][272]Cmd: MAP LOAD FILE="C:/Users/Jeremy/Documents/GitHub/Project-lonesome/Project_lonesome/Content/Levels/Second-Floor.umap" TEMPLATE=0 SHOWPROGRESS=1 FEATURELEVEL=3
[2016.11.27-01.48.15:460][272]LightingResults: New page: Lighting Build
[2016.11.27-01.48.15:461][272]LoadErrors: New page: Loading map: Second-Floor.umap
[2016.11.27-01.48.15:461][272]MapCheck: New page: Map Check
[2016.11.27-01.48.15:461][272]LightingResults: New page: Lighting Build
[2016.11.27-01.48.15:493][272]LogEditorServer: Finished looking for orphan Actors (0.000 secs)
[2016.11.27-01.48.15:510][272]Cmd: MAP CHECKDEP NOCLEARLOG
[2016.11.27-01.48.15:591][272]MapCheck: Info Map check complete: 0 Error(s), 0 Warning(s), took 81.848ms to complete.
[2016.11.27-01.48.15:591][272]LogFileHelpers: Loading map 'Second-Floor' took 0.132
[2016.11.27-01.48.16:310][346]LogAIModule: Creating AISystem for world Third-Floor
[2016.11.27-01.48.16:326][346]Cmd: MAP LOAD FILE="C:/Users/Jeremy/Documents/GitHub/Project-lonesome/Project_lonesome/Content/Levels/Third-Floor.umap" TEMPLATE=0 SHOWPROGRESS=1 FEATURELEVEL=3
[2016.11.27-01.48.16:326][346]LightingResults: New page: Lighting Build
[2016.11.27-01.48.16:326][346]LoadErrors: New page: Loading map: Third-Floor.umap
[2016.11.27-01.48.16:329][346]MapCheck: New page: Map Check
[2016.11.27-01.48.16:329][346]LightingResults: New page: Lighting Build
[2016.11.27-01.48.16:352][346]LogEditorServer: Finished looking for orphan Actors (0.000 secs)
[2016.11.27-01.48.16:368][346]Cmd: MAP CHECKDEP NOCLEARLOG
[2016.11.27-01.48.16:453][346]MapCheck: Info Map check complete: 0 Error(s), 0 Warning(s), took 84.684ms to complete.
[2016.11.27-01.48.16:453][346]LogFileHelpers: Loading map 'Third-Floor' took 0.128
[2016.11.27-01.48.17:391][443]LogAIModule: Creating AISystem for world Basement
[2016.11.27-01.48.17:402][443]Cmd: MAP LOAD FILE="C:/Users/Jeremy/Documents/GitHub/Project-lonesome/Project_lonesome/Content/Levels/Basement.umap" TEMPLATE=0 SHOWPROGRESS=1 FEATURELEVEL=3
[2016.11.27-01.48.17:402][443]LightingResults: New page: Lighting Build
[2016.11.27-01.48.17:403][443]LoadErrors: New page: Loading map: Basement.umap
[2016.11.27-01.48.17:404][443]MapCheck: New page: Map Check
[2016.11.27-01.48.17:404][443]LightingResults: New page: Lighting Build
[2016.11.27-01.48.17:420][443]LogEditorServer: Finished looking for orphan Actors (0.000 secs)
[2016.11.27-01.48.17:437][443]Cmd: MAP CHECKDEP NOCLEARLOG
[2016.11.27-01.48.17:517][443]MapCheck: Info Map check complete: 0 Error(s), 0 Warning(s), took 80.554ms to complete.
[2016.11.27-01.48.17:518][443]LogFileHelpers: Loading map 'Basement' took 0.116
[2016.11.27-01.48.31:217][ 58]LogAIModule: Creating AISystem for world FirstPersonExampleMap
[2016.11.27-01.48.31:241][ 58]Cmd: MAP LOAD FILE="C:/Users/Jeremy/Documents/GitHub/Project-lonesome/Project_lonesome/Content/FirstPersonBP/Maps/FirstPersonExampleMap.umap" TEMPLATE=0 SHOWPROGRESS=1 FEATURELEVEL=3
[2016.11.27-01.48.31:241][ 58]LightingResults: New page: Lighting Build
[2016.11.27-01.48.31:242][ 58]LoadErrors: New page: Loading map: FirstPersonExampleMap.umap
[2016.11.27-01.48.31:242][ 58]MapCheck: New page: Map Check
[2016.11.27-01.48.31:242][ 58]LightingResults: New page: Lighting Build
[2016.11.27-01.48.31:272][ 58]LogEditorServer: Finished looking for orphan Actors (0.000 secs)
[2016.11.27-01.48.31:289][ 58]Cmd: MAP CHECKDEP NOCLEARLOG
[2016.11.27-01.48.31:378][ 58]MapCheck: Info Map check complete: 0 Error(s), 0 Warning(s), took 88.751ms to complete.
[2016.11.27-01.48.31:378][ 58]LogFileHelpers: Loading map 'FirstPersonExampleMap' took 0.138
[2016.11.27-01.48.36:397][652]LogBlueprintUserMessages: Early PlayInEditor Detection: Level '/Game/FirstPersonBP/Maps/FirstPersonExampleMap.FirstPersonExampleMap:PersistentLevel' has LevelScriptBlueprint '/Game/FirstPersonBP/Maps/FirstPersonExampleMap.FirstPersonExampleMap:PersistentLevel.FirstPersonExampleMap' with GeneratedClass '/Game/FirstPersonBP/Maps/FirstPersonExampleMap.FirstPersonExampleMap_C' with ClassGeneratedBy '/Game/FirstPersonBP/Maps/FirstPersonExampleMap.FirstPersonExampleMap:PersistentLevel.FirstPersonExampleMap'
[2016.11.27-01.48.36:397][652]LogPlayLevel: PlayLevel: No blueprints needed recompiling
[2016.11.27-01.48.36:397][652]PIE: New page: PIE session: FirstPersonExampleMap (Nov 26, 2016, 9:48:36 AM)
[2016.11.27-01.48.36:397][652]LogPlayLevel: Creating play world package: /Game/FirstPersonBP/Maps/UEDPIE_0_FirstPersonExampleMap
[2016.11.27-01.48.36:443][652]LogPlayLevel: PIE: StaticDuplicateObject took: (0.045988s)
[2016.11.27-01.48.36:444][652]LogAIModule: Creating AISystem for world FirstPersonExampleMap
[2016.11.27-01.48.36:445][652]LogPlayLevel: PIE: World Init took: (0.001151s)
[2016.11.27-01.48.36:445][652]LogPlayLevel: PIE: Created PIE world by copying editor world from /Game/FirstPersonBP/Maps/FirstPersonExampleMap.FirstPersonExampleMap to /Game/FirstPersonBP/Maps/UEDPIE_0_FirstPersonExampleMap.FirstPersonExampleMap (0.047443s)
[2016.11.27-01.48.36:471][652]LogInit: XAudio2 using 'Headset Earphone (ASTRO MixAmp Pro           )' : 2 channels at 48 kHz using 16 bits per sample (channel mask 0x3)
[2016.11.27-01.48.36:480][652]LogInit: FAudioDevice initialized.
[2016.11.27-01.48.36:535][652]LogWorld: Game class is 'FirstPersonGameMode_C'
[2016.11.27-01.48.36:571][652]LogWorld: Bringing World /Game/FirstPersonBP/Maps/UEDPIE_0_FirstPersonExampleMap.FirstPersonExampleMap up for play (max tick rate 0) at 2016.11.26-17.48.36
[2016.11.27-01.48.36:572][652]LogWorld: Bringing up level for play took: 0.035947
[2016.11.27-01.48.36:573][652]LogGameMode:Display: Match State Changed from EnteringMap to WaitingToStart
[2016.11.27-01.48.36:573][652]LogGameState: Match State Changed from EnteringMap to WaitingToStart
[2016.11.27-01.48.36:573][652]LogGameMode:Display: Match State Changed from WaitingToStart to InProgress
[2016.11.27-01.48.36:573][652]LogGameState: Match State Changed from WaitingToStart to InProgress
[2016.11.27-01.48.36:576][652]PIE: Info Play in editor start time for /Game/FirstPersonBP/Maps/UEDPIE_0_FirstPersonExampleMap -0.336
[2016.11.27-01.48.36:577][652]LogBlueprintUserMessages: Late PlayInEditor Detection: Level '/Game/FirstPersonBP/Maps/FirstPersonExampleMap.FirstPersonExampleMap:PersistentLevel' has LevelScriptBlueprint '/Game/FirstPersonBP/Maps/FirstPersonExampleMap.FirstPersonExampleMap:PersistentLevel.FirstPersonExampleMap' with GeneratedClass '/Game/FirstPersonBP/Maps/FirstPersonExampleMap.FirstPersonExampleMap_C' with ClassGeneratedBy '/Game/FirstPersonBP/Maps/FirstPersonExampleMap.FirstPersonExampleMap:PersistentLevel.FirstPersonExampleMap'
[2016.11.27-01.48.43:968][519]LogBlueprintUserMessages: Early EndPlayMap Detection: Level '/Game/FirstPersonBP/Maps/FirstPersonExampleMap.FirstPersonExampleMap:PersistentLevel' has LevelScriptBlueprint '/Game/FirstPersonBP/Maps/FirstPersonExampleMap.FirstPersonExampleMap:PersistentLevel.FirstPersonExampleMap' with GeneratedClass '/Game/FirstPersonBP/Maps/FirstPersonExampleMap.FirstPersonExampleMap_C' with ClassGeneratedBy '/Game/FirstPersonBP/Maps/FirstPersonExampleMap.FirstPersonExampleMap:PersistentLevel.FirstPersonExampleMap'
[2016.11.27-01.48.44:013][519]LogBlueprintUserMessages: Late EndPlayMap Detection: Level '/Game/FirstPersonBP/Maps/FirstPersonExampleMap.FirstPersonExampleMap:PersistentLevel' has LevelScriptBlueprint '/Game/FirstPersonBP/Maps/FirstPersonExampleMap.FirstPersonExampleMap:PersistentLevel.FirstPersonExampleMap' with GeneratedClass '/Game/FirstPersonBP/Maps/FirstPersonExampleMap.FirstPersonExampleMap_C' with ClassGeneratedBy '/Game/FirstPersonBP/Maps/FirstPersonExampleMap.FirstPersonExampleMap:PersistentLevel.FirstPersonExampleMap'
[2016.11.27-01.48.46:976][857]LogAIModule: Creating AISystem for world Second-Floor
[2016.11.27-01.48.47:002][857]Cmd: MAP LOAD FILE="C:/Users/Jeremy/Documents/GitHub/Project-lonesome/Project_lonesome/Content/Levels/Second-Floor.umap" TEMPLATE=0 SHOWPROGRESS=1 FEATURELEVEL=3
[2016.11.27-01.48.47:002][857]LightingResults: New page: Lighting Build
[2016.11.27-01.48.47:003][857]LoadErrors: New page: Loading map: Second-Floor.umap
[2016.11.27-01.48.47:006][857]MapCheck: New page: Map Check
[2016.11.27-01.48.47:006][857]LightingResults: New page: Lighting Build
[2016.11.27-01.48.47:042][857]LogEditorServer: Finished looking for orphan Actors (0.000 secs)
[2016.11.27-01.48.47:058][857]Cmd: MAP CHECKDEP NOCLEARLOG
[2016.11.27-01.48.47:141][857]MapCheck: Info Map check complete: 0 Error(s), 0 Warning(s), took 83.078ms to complete.
[2016.11.27-01.48.47:142][857]LogFileHelpers: Loading map 'Second-Floor' took 0.140
[2016.11.27-01.48.47:950][945]LogEditorViewport: Clicking on Actor (LMB): Notes_Actor_C (Notes_Actor3)
[2016.11.27-01.48.49:043][ 65]Cmd: SELECT NONE
[2016.11.27-01.48.49:946][172]LogBlueprintUserMessages: Early PlayInEditor Detection: Level '/Game/Levels/Second-Floor.Second-Floor:PersistentLevel' has LevelScriptBlueprint '/Game/Levels/Second-Floor.Second-Floor:PersistentLevel.Second-Floor' with GeneratedClass '/Game/Levels/Second-Floor.Second-Floor_C' with ClassGeneratedBy '/Game/Levels/Second-Floor.Second-Floor:PersistentLevel.Second-Floor'
[2016.11.27-01.48.49:946][172]LogPlayLevel: PlayLevel: No blueprints needed recompiling
[2016.11.27-01.48.49:947][172]PIE: New page: PIE session: Second-Floor (Nov 26, 2016, 9:48:49 AM)
[2016.11.27-01.48.49:947][172]LogPlayLevel: Creating play world package: /Game/Levels/UEDPIE_0_Second-Floor
[2016.11.27-01.48.49:992][172]LogPlayLevel: PIE: StaticDuplicateObject took: (0.045172s)
[2016.11.27-01.48.49:993][172]LogAIModule: Creating AISystem for world Second-Floor
[2016.11.27-01.48.49:993][172]LogPlayLevel: PIE: World Init took: (0.001357s)
[2016.11.27-01.48.49:994][172]LogPlayLevel: PIE: Created PIE world by copying editor world from /Game/Levels/Second-Floor.Second-Floor to /Game/Levels/UEDPIE_0_Second-Floor.Second-Floor (0.046902s)
[2016.11.27-01.48.50:023][172]LogInit: XAudio2 using 'Headset Earphone (ASTRO MixAmp Pro           )' : 2 channels at 48 kHz using 16 bits per sample (channel mask 0x3)
[2016.11.27-01.48.50:030][172]LogInit: FAudioDevice initialized.
[2016.11.27-01.48.50:083][172]LogWorld: Game class is 'FirstPersonGameMode_C'
[2016.11.27-01.48.50:120][172]LogWorld: Bringing World /Game/Levels/UEDPIE_0_Second-Floor.Second-Floor up for play (max tick rate 0) at 2016.11.26-17.48.50
[2016.11.27-01.48.50:121][172]LogWorld: Bringing up level for play took: 0.036278
[2016.11.27-01.48.50:121][172]LogGameMode:Display: Match State Changed from EnteringMap to WaitingToStart
[2016.11.27-01.48.50:121][172]LogGameState: Match State Changed from EnteringMap to WaitingToStart
[2016.11.27-01.48.50:121][172]LogGameMode:Display: Match State Changed from WaitingToStart to InProgress
[2016.11.27-01.48.50:122][172]LogGameState: Match State Changed from WaitingToStart to InProgress
[2016.11.27-01.48.50:126][172]PIE: Info Play in editor start time for /Game/Levels/UEDPIE_0_Second-Floor -0.787
[2016.11.27-01.48.50:126][172]LogBlueprintUserMessages: Late PlayInEditor Detection: Level '/Game/Levels/Second-Floor.Second-Floor:PersistentLevel' has LevelScriptBlueprint '/Game/Levels/Second-Floor.Second-Floor:PersistentLevel.Second-Floor' with GeneratedClass '/Game/Levels/Second-Floor.Second-Floor_C' with ClassGeneratedBy '/Game/Levels/Second-Floor.Second-Floor:PersistentLevel.Second-Floor'
[2016.11.27-01.49.10:413][552]LogBlueprintUserMessages: Early EndPlayMap Detection: Level '/Game/Levels/Second-Floor.Second-Floor:PersistentLevel' has LevelScriptBlueprint '/Game/Levels/Second-Floor.Second-Floor:PersistentLevel.Second-Floor' with GeneratedClass '/Game/Levels/Second-Floor.Second-Floor_C' with ClassGeneratedBy '/Game/Levels/Second-Floor.Second-Floor:PersistentLevel.Second-Floor'
[2016.11.27-01.49.10:454][552]LogBlueprintUserMessages: Late EndPlayMap Detection: Level '/Game/Levels/Second-Floor.Second-Floor:PersistentLevel' has LevelScriptBlueprint '/Game/Levels/Second-Floor.Second-Floor:PersistentLevel.Second-Floor' with GeneratedClass '/Game/Levels/Second-Floor.Second-Floor_C' with ClassGeneratedBy '/Game/Levels/Second-Floor.Second-Floor:PersistentLevel.Second-Floor'
[2016.11.27-02.34.12:906][240]LogWindowsTextInputMethodSystem:Display: IME system now deactivated.
[2016.11.27-02.34.13:078][241]Cmd: QUIT_EDITOR
[2016.11.27-02.34.13:708][241]LogExit: Preparing to exit.
[2016.11.27-02.34.14:057][241]LogExit: Editor shut down
[2016.11.27-02.34.14:058][241]LogExit: Transaction tracking system shut down
[2016.11.27-02.34.14:182][241]LogObj: Freed 0b from 0 cluster array pools.
[2016.11.27-02.34.14:182][241]LogExit: Object subsystem successfully closed.
[2016.11.27-02.34.14:190][241]LogD3D11RHI: Shutdown
[2016.11.27-02.34.14:190][241]LogD3D11RHI: CleanupD3DDevice
[2016.11.27-02.34.14:260][241]LogD3D11RHI: ~FD3D11DynamicRHI
[2016.11.27-02.34.14:268][241]LogModuleManager: Shutting down and abandoning module MovieSceneCapture (234)
[2016.11.27-02.34.14:268][241]LogModuleManager: Shutting down and abandoning module HierarchicalLODOutliner (233)
[2016.11.27-02.34.14:268][241]LogModuleManager: Shutting down and abandoning module CrashTracker (232)
[2016.11.27-02.34.14:268][241]LogModuleManager: Shutting down and abandoning module SceneOutliner (231)
[2016.11.27-02.34.14:268][241]LogModuleManager: Shutting down and abandoning module WidgetCarousel (230)
[2016.11.27-02.34.14:268][241]LogModuleManager: Shutting down and abandoning module AddContentDialog (229)
[2016.11.27-02.34.14:268][241]LogDirectoryWatcher: A directory notification for 'D:/Program Files (x86)/Epic Games/4.13/FeaturePacks/' was aborted.
[2016.11.27-02.34.14:269][241]LogModuleManager: Shutting down and abandoning module GameplayTags (228)
[2016.11.27-02.34.14:269][241]LogModuleManager: Shutting down and abandoning module EditorWidgets (227)
[2016.11.27-02.34.14:269][241]LogModuleManager: Shutting down and abandoning module CollectionManager (226)
[2016.11.27-02.34.14:269][241]LogDirectoryWatcher: A directory notification for 'C:/Users/Jeremy/Documents/GitHub/Project-lonesome/Project_lonesome/Content/Collections/' was aborted.
[2016.11.27-02.34.14:269][241]LogDirectoryWatcher: A directory notification for 'C:/Users/Jeremy/Documents/GitHub/Project-lonesome/Project_lonesome/Content/Developers/Jeremy/Collections/' was aborted.
[2016.11.27-02.34.14:270][241]LogDirectoryWatcher: A directory notification for 'C:/Users/Jeremy/Documents/GitHub/Project-lonesome/Project_lonesome/Saved/Collections/' was aborted.
[2016.11.27-02.34.14:270][241]LogModuleManager: Shutting down and abandoning module StatsViewer (225)
[2016.11.27-02.34.14:270][241]LogModuleManager: Shutting down and abandoning module FoliageEdit (224)
[2016.11.27-02.34.14:270][241]LogModuleManager: Shutting down and abandoning module LandscapeEditor (223)
[2016.11.27-02.34.14:270][241]LogModuleManager: Shutting down and abandoning module SceneDepthPickerMode (222)
[2016.11.27-02.34.14:270][241]LogModuleManager: Shutting down and abandoning module ActorPickerMode (221)
[2016.11.27-02.34.14:270][241]LogModuleManager: Shutting down and abandoning module GeometryMode (220)
[2016.11.27-02.34.14:270][241]LogModuleManager: Shutting down and abandoning module TextureAlignMode (219)
[2016.11.27-02.34.14:270][241]LogModuleManager: Shutting down and abandoning module BspMode (218)
[2016.11.27-02.34.14:270][241]LogModuleManager: Shutting down and abandoning module HardwareSurvey (217)
[2016.11.27-02.34.14:270][241]LogModuleManager: Shutting down and abandoning module SequenceRecorderSections (216)
[2016.11.27-02.34.14:270][241]LogModuleManager: Shutting down and abandoning module SequenceRecorder (215)
[2016.11.27-02.34.14:270][241]LogModuleManager: Shutting down and abandoning module AutomationWorker (214)
[2016.11.27-02.34.14:270][241]LogModuleManager: Shutting down and abandoning module MatineeToLevelSequence (213)
[2016.11.27-02.34.14:270][241]LogModuleManager: Shutting down and abandoning module PlacementMode (212)
[2016.11.27-02.34.14:270][241]LogModuleManager: Shutting down and abandoning module LevelSequenceEditor (211)
[2016.11.27-02.34.14:270][241]LogModuleManager: Shutting down and abandoning module WmfMediaFactory (210)
[2016.11.27-02.34.14:270][241]LogModuleManager: Shutting down and abandoning module WmfMediaEditor (209)
[2016.11.27-02.34.14:270][241]LogModuleManager: Shutting down and abandoning module AvfMediaFactory (208)
[2016.11.27-02.34.14:270][241]LogModuleManager: Shutting down and abandoning module AvfMediaEditor (207)
[2016.11.27-02.34.14:270][241]LogModuleManager: Shutting down and abandoning module Media (206)
[2016.11.27-02.34.14:270][241]LogModuleManager: Shutting down and abandoning module AndroidMediaFactory (205)
[2016.11.27-02.34.14:270][241]LogModuleManager: Shutting down and abandoning module AndroidMediaEditor (204)
[2016.11.27-02.34.14:270][241]LogModuleManager: Shutting down and abandoning module CharacterAI (203)
[2016.11.27-02.34.14:270][241]LogModuleManager: Shutting down and abandoning module SmartSnapping (202)
[2016.11.27-02.34.14:270][241]LogModuleManager: Shutting down and abandoning module SessionServices (201)
[2016.11.27-02.34.14:270][241]LogModuleManager: Shutting down and abandoning module ViewportSnapping (200)
[2016.11.27-02.34.14:270][241]LogModuleManager: Shutting down and abandoning module ViewportInteraction (199)
[2016.11.27-02.34.14:270][241]LogModuleManager: Shutting down and abandoning module LogVisualizer (198)
[2016.11.27-02.34.14:270][241]LogModuleManager: Shutting down and abandoning module GameProjectGeneration (197)
[2016.11.27-02.34.14:270][241]LogModuleManager: Shutting down and abandoning module IntroTutorials (196)
[2016.11.27-02.34.14:270][241]LogModuleManager: Shutting down and abandoning module EditorLiveStreaming (195)
[2016.11.27-02.34.14:270][241]LogModuleManager: Shutting down and abandoning module IOSPlatformEditor (194)
[2016.11.27-02.34.14:271][241]LogModuleManager: Shutting down and abandoning module HTML5PlatformEditor (193)
[2016.11.27-02.34.14:271][241]LogModuleManager: Shutting down and abandoning module AndroidDeviceDetection (192)
[2016.11.27-02.34.15:030][241]LogModuleManager: Shutting down and abandoning module AndroidPlatformEditor (191)
[2016.11.27-02.34.15:030][241]LogModuleManager: Shutting down and abandoning module IOSRuntimeSettings (190)
[2016.11.27-02.34.15:030][241]LogModuleManager: Shutting down and abandoning module AndroidRuntimeSettings (189)
[2016.11.27-02.34.15:030][241]LogModuleManager: Shutting down and abandoning module NiagaraEditor (188)
[2016.11.27-02.34.15:030][241]LogModuleManager: Shutting down and abandoning module MergeActors (187)
[2016.11.27-02.34.15:030][241]LogModuleManager: Shutting down and abandoning module SizeMap (186)
[2016.11.27-02.34.15:030][241]LogModuleManager: Shutting down and abandoning module TreeMap (185)
[2016.11.27-02.34.15:030][241]LogModuleManager: Shutting down and abandoning module ReferenceViewer (184)
[2016.11.27-02.34.15:030][241]LogModuleManager: Shutting down and abandoning module LocalizationService (183)
[2016.11.27-02.34.15:030][241]LogModuleManager: Shutting down and abandoning module LocalizationDashboard (182)
[2016.11.27-02.34.15:030][241]LogModuleManager: Shutting down and abandoning module HardwareTargeting (181)
[2016.11.27-02.34.15:030][241]LogModuleManager: Shutting down and abandoning module DeviceProfileEditor (180)
[2016.11.27-02.34.15:030][241]LogModuleManager: Shutting down and abandoning module UndoHistory (179)
[2016.11.27-02.34.15:030][241]LogModuleManager: Shutting down and abandoning module UserFeedback (178)
[2016.11.27-02.34.15:030][241]LogModuleManager: Shutting down and abandoning module XmlParser (177)
[2016.11.27-02.34.15:030][241]LogModuleManager: Shutting down and abandoning module Blutility (176)
[2016.11.27-02.34.15:030][241]LogModuleManager: Shutting down and abandoning module ProjectTargetPlatformEditor (175)
[2016.11.27-02.34.15:030][241]LogModuleManager: Shutting down and abandoning module ProjectSettingsViewer (174)
[2016.11.27-02.34.15:030][241]LogModuleManager: Shutting down and abandoning module InputBindingEditor (173)
[2016.11.27-02.34.15:031][241]LogModuleManager: Shutting down and abandoning module EditorSettingsViewer (172)
[2016.11.27-02.34.15:031][241]LogModuleManager: Shutting down and abandoning module SettingsEditor (171)
[2016.11.27-02.34.15:031][241]LogModuleManager: Shutting down and abandoning module ProjectLauncher (170)
[2016.11.27-02.34.15:031][241]LogModuleManager: Shutting down and abandoning module SessionFrontend (169)
[2016.11.27-02.34.15:031][241]LogModuleManager: Shutting down and abandoning module ProfilerClient (168)
[2016.11.27-02.34.15:031][241]LogModuleManager: Shutting down and abandoning module TargetDeviceServices (167)
[2016.11.27-02.34.15:031][241]LogModuleManager: Shutting down and abandoning module DeviceManager (166)
[2016.11.27-02.34.15:086][241]LogModuleManager: Shutting down and abandoning module AutomationController (165)
[2016.11.27-02.34.15:086][241]LogModuleManager: Shutting down and abandoning module AutomationWindow (164)
[2016.11.27-02.34.15:086][241]LogModuleManager: Shutting down and abandoning module Layers (163)
[2016.11.27-02.34.15:086][241]LogModuleManager: Shutting down and abandoning module ComponentVisualizers (162)
[2016.11.27-02.34.15:086][241]LogModuleManager: Shutting down and abandoning module DetailCustomizations (161)
[2016.11.27-02.34.15:086][241]LogModuleManager: Shutting down and abandoning module PackagesDialog (160)
[2016.11.27-02.34.15:086][241]LogModuleManager: Shutting down and abandoning module AnimGraph (159)
[2016.11.27-02.34.15:086][241]LogModuleManager: Shutting down and abandoning module Persona (158)
[2016.11.27-02.34.15:086][241]LogModuleManager: Shutting down and abandoning module Kismet (157)
[2016.11.27-02.34.15:086][241]LogModuleManager: Shutting down and abandoning module GraphEditor (156)
[2016.11.27-02.34.15:086][241]LogModuleManager: Shutting down and abandoning module ClassViewer (155)
[2016.11.27-02.34.15:086][241]LogModuleManager: Shutting down and abandoning module Toolbox (154)
[2016.11.27-02.34.15:086][241]LogModuleManager: Shutting down and abandoning module ModuleUI (153)
[2016.11.27-02.34.15:086][241]LogModuleManager: Shutting down and abandoning module MovieSceneTools (152)
[2016.11.27-02.34.15:086][241]LogModuleManager: Shutting down and abandoning module OutputLog (151)
[2016.11.27-02.34.15:086][241]LogModuleManager: Shutting down and abandoning module GammaUI (150)
[2016.11.27-02.34.15:086][241]LogModuleManager: Shutting down and abandoning module Documentation (149)
[2016.11.27-02.34.15:086][241]LogModuleManager: Shutting down and abandoning module Niagara (148)
[2016.11.27-02.34.15:086][241]LogModuleManager: Shutting down and abandoning module StreamingPauseRendering (147)
[2016.11.27-02.34.15:086][241]LogModuleManager: Shutting down and abandoning module AnalyticsET (146)
[2016.11.27-02.34.15:086][241]LogModuleManager: Shutting down and abandoning module PortalServices (145)
[2016.11.27-02.34.15:086][241]LogModuleManager: Shutting down and abandoning module PortalRpc (144)
[2016.11.27-02.34.15:086][241]LogModuleManager: Shutting down and abandoning module MessagingRpc (143)
[2016.11.27-02.34.15:086][241]LogModuleManager: Shutting down and abandoning module GameplayDebugger (142)
[2016.11.27-02.34.15:087][241]LogModuleManager: Shutting down and abandoning module AITestSuite (141)
[2016.11.27-02.34.15:087][241]LogModuleManager: Shutting down and abandoning module AIModule (140)
[2016.11.27-02.34.15:087][241]LogModuleManager: Shutting down and abandoning module ProfilerService (139)
[2016.11.27-02.34.15:229][241]LogModuleManager: Shutting down and abandoning module TaskGraph (138)
[2016.11.27-02.34.15:229][241]LogModuleManager: Shutting down and abandoning module SlateRemote (137)
[2016.11.27-02.34.15:229][241]LogModuleManager: Shutting down and abandoning module SteamVRController (136)
[2016.11.27-02.34.15:229][241]LogModuleManager: Shutting down and abandoning module SteamVR (135)
[2016.11.27-02.34.15:229][241]LogModuleManager: Shutting down and abandoning module ProceduralMeshComponentEditor (134)
[2016.11.27-02.34.15:229][241]LogModuleManager: Shutting down and abandoning module ProceduralMeshComponent (133)
[2016.11.27-02.34.15:229][241]LogModuleManager: Shutting down and abandoning module OculusLibrary (132)
[2016.11.27-02.34.15:229][241]LogModuleManager: Shutting down and abandoning module OculusInput (131)
[2016.11.27-02.34.15:229][241]LogModuleManager: Shutting down and abandoning module CustomMeshComponent (130)
[2016.11.27-02.34.15:229][241]LogModuleManager: Shutting down and abandoning module CableComponent (129)
[2016.11.27-02.34.15:229][241]LogModuleManager: Shutting down and abandoning module ArchVisCharacter (128)
[2016.11.27-02.34.15:229][241]LogModuleManager: Shutting down and abandoning module MediaPlayerEditor (126)
[2016.11.27-02.34.15:229][241]LogModuleManager: Shutting down and abandoning module HTML5Networking (125)
[2016.11.27-02.34.15:229][241]LogModuleManager: Shutting down and abandoning module GeometryCacheEd (124)
[2016.11.27-02.34.15:229][241]LogModuleManager: Shutting down and abandoning module GeometryCache (123)
[2016.11.27-02.34.15:229][241]LogModuleManager: Shutting down and abandoning module AlembicLibrary (122)
[2016.11.27-02.34.15:229][241]LogModuleManager: Shutting down and abandoning module AlembicImporter (121)
[2016.11.27-02.34.15:229][241]LogModuleManager: Shutting down and abandoning module SuperSearch (120)
[2016.11.27-02.34.15:229][241]LogModuleManager: Shutting down and abandoning module SuperSearchEditor (119)
[2016.11.27-02.34.15:229][241]LogModuleManager: Shutting down and abandoning module SpeedTreeImporter (118)
[2016.11.27-02.34.15:229][241]LogModuleManager: Shutting down and abandoning module PluginBrowser (117)
[2016.11.27-02.34.15:229][241]LogModuleManager: Shutting down and abandoning module MobileLauncherProfileWizard (116)
[2016.11.27-02.34.15:229][241]LogModuleManager: Shutting down and abandoning module EpicSurvey (115)
[2016.11.27-02.34.15:229][241]LogModuleManager: Shutting down and abandoning module DesktopPlatform (114)
[2016.11.27-02.34.15:230][241]LogModuleManager: Shutting down and abandoning module VisualStudioSourceCodeAccess (113)
[2016.11.27-02.34.15:230][241]LogModuleManager: Shutting down and abandoning module UObjectPlugin (112)
[2016.11.27-02.34.15:230][241]LogModuleManager: Shutting down and abandoning module SubversionSourceControl (111)
[2016.11.27-02.34.15:230][241]LogModuleManager: Shutting down and abandoning module PerforceSourceControl (110)
[2016.11.27-02.34.15:230][241]LogModuleManager: Shutting down and abandoning module SourceControl (109)
[2016.11.27-02.34.15:230][241]LogModuleManager: Shutting down and abandoning module GitSourceControl (108)
[2016.11.27-02.34.15:230][241]LogModuleManager: Shutting down and abandoning module LightPropagationVolumeEditor (107)
[2016.11.27-02.34.15:230][241]LogModuleManager: Shutting down and abandoning module PaperTiledImporter (106)
[2016.11.27-02.34.15:230][241]LogModuleManager: Shutting down and abandoning module PaperSpriteSheetImporter (105)
[2016.11.27-02.34.15:230][241]LogModuleManager: Shutting down and abandoning module MeshPaint (104)
[2016.11.27-02.34.15:230][241]LogModuleManager: Shutting down and abandoning module FbxAutomationBuilderModule (103)
[2016.11.27-02.34.15:230][241]LogModuleManager: Shutting down and abandoning module PixelInspectorModule (102)
[2016.11.27-02.34.15:230][241]LogModuleManager: Shutting down and abandoning module HotReload (101)
[2016.11.27-02.34.15:230][241]LogModuleManager: Shutting down and abandoning module MainFrame (100)
[2016.11.27-02.34.15:230][241]LogModuleManager: Shutting down and abandoning module LevelEditor (99)
[2016.11.27-02.34.15:231][241]LogModuleManager: Shutting down and abandoning module ContentBrowser (98)
[2016.11.27-02.34.15:231][241]LogModuleManager: Shutting down and abandoning module Paper2DEditor (97)
[2016.11.27-02.34.15:231][241]LogModuleManager: Shutting down and abandoning module UdpMessaging (96)
[2016.11.27-02.34.15:332][241]LogModuleManager: Shutting down and abandoning module TcpMessaging (95)
[2016.11.27-02.34.15:432][241]LogModuleManager: Shutting down and abandoning module LightPropagationVolumeRuntime (94)
[2016.11.27-02.34.15:432][241]LogModuleManager: Shutting down and abandoning module Paper2D (93)
[2016.11.27-02.34.15:432][241]LogModuleManager: Shutting down and abandoning module WindowsMoviePlayer (92)
[2016.11.27-02.34.15:432][241]LogModuleManager: Shutting down and abandoning module WmfMedia (91)
[2016.11.27-02.34.15:432][241]LogModuleManager: Shutting down and abandoning module MediaAssets (90)
[2016.11.27-02.34.15:432][241]LogModuleManager: Shutting down and abandoning module GameLiveStreaming (89)
[2016.11.27-02.34.15:432][241]LogModuleManager: Shutting down and abandoning module GameplayTagsEditor (88)
[2016.11.27-02.34.15:432][241]LogModuleManager: Shutting down and abandoning module VREditor (87)
[2016.11.27-02.34.15:432][241]LogModuleManager: Shutting down and abandoning module GameplayTasksEditor (86)
[2016.11.27-02.34.15:432][241]LogModuleManager: Shutting down and abandoning module PropertyEditor (85)
[2016.11.27-02.34.15:432][241]LogModuleManager: Shutting down and abandoning module BehaviorTreeEditor (84)
[2016.11.27-02.34.15:432][241]LogModuleManager: Shutting down and abandoning module FunctionalTesting (83)
[2016.11.27-02.34.15:432][241]LogModuleManager: Shutting down and abandoning module CollisionAnalyzer (82)
[2016.11.27-02.34.15:432][241]LogModuleManager: Shutting down and abandoning module Sequencer (81)
[2016.11.27-02.34.15:432][241]LogModuleManager: Shutting down and abandoning module WorkspaceMenuStructure (80)
[2016.11.27-02.34.15:432][241]LogModuleManager: Shutting down and abandoning module MessageLog (79)
[2016.11.27-02.34.15:432][241]LogModuleManager: Shutting down and abandoning module AssetTools (78)
[2016.11.27-02.34.15:432][241]LogModuleManager: Shutting down and abandoning module UMGEditor (77)
[2016.11.27-02.34.15:432][241]LogModuleManager: Shutting down and abandoning module UMG (76)
[2016.11.27-02.34.15:433][241]LogModuleManager: Shutting down and abandoning module SlateReflector (75)
[2016.11.27-02.34.15:433][241]LogModuleManager: Shutting down and abandoning module Slate (74)
[2016.11.27-02.34.15:433][241]LogModuleManager: Shutting down and abandoning module EditorStyle (73)
[2016.11.27-02.34.15:434][241]LogModuleManager: Shutting down and abandoning module SourceCodeAccess (72)
[2016.11.27-02.34.15:434][241]LogModuleManager: Shutting down and abandoning module HeadMountedDisplay (71)
[2016.11.27-02.34.15:434][241]LogModuleManager: Shutting down and abandoning module XAudio2 (70)
[2016.11.27-02.34.15:434][241]LogModuleManager: Shutting down and abandoning module Networking (68)
[2016.11.27-02.34.15:434][241]LogModuleManager: Shutting down and abandoning module Core (67)
[2016.11.27-02.34.15:434][241]LogModuleManager: Shutting down and abandoning module DirectoryWatcher (66)
[2016.11.27-02.34.15:434][241]LogDirectoryWatcher: A directory notification for '../../../Engine/Content/' was aborted.
[2016.11.27-02.34.15:435][241]LogDirectoryWatcher: A directory notification for 'C:/Users/Jeremy/Documents/GitHub/Project-lonesome/Project_lonesome/Content/' was aborted.
[2016.11.27-02.34.15:435][241]LogDirectoryWatcher: A directory notification for '../../../Engine/Plugins/2D/Paper2D/Content/' was aborted.
[2016.11.27-02.34.15:435][241]LogModuleManager: Shutting down and abandoning module AssetRegistry (65)
[2016.11.27-02.34.15:558][241]LogModuleManager: Shutting down and abandoning module KismetCompiler (64)
[2016.11.27-02.34.15:558][241]LogModuleManager: Shutting down and abandoning module PhysXFormats (63)
[2016.11.27-02.34.15:558][241]LogModuleManager: Shutting down and abandoning module MeshUtilities (62)
[2016.11.27-02.34.15:558][241]LogModuleManager: Shutting down and abandoning module DerivedDataCache (61)
[2016.11.27-02.34.15:652][241]LogDerivedDataCache: Shutdown
[2016.11.27-02.34.15:652][241]LogModuleManager: Shutting down and abandoning module VulkanShaderFormat (60)
[2016.11.27-02.34.15:652][241]LogModuleManager: Shutting down and abandoning module ShaderFormatOpenGL (59)
[2016.11.27-02.34.15:652][241]LogModuleManager: Shutting down and abandoning module ShaderFormatD3D (58)
[2016.11.27-02.34.15:652][241]LogModuleManager: Shutting down and abandoning module MetalShaderFormat (57)
[2016.11.27-02.34.15:652][241]LogModuleManager: Shutting down and abandoning module TextureFormatUncompressed (56)
[2016.11.27-02.34.15:652][241]LogModuleManager: Shutting down and abandoning module TextureFormatPVR (55)
[2016.11.27-02.34.15:652][241]LogModuleManager: Shutting down and abandoning module TextureFormatDXT (54)
[2016.11.27-02.34.15:652][241]LogModuleManager: Shutting down and abandoning module TextureFormatIntelISPCTexComp (53)
[2016.11.27-02.34.15:652][241]LogModuleManager: Shutting down and abandoning module ImageWrapper (52)
[2016.11.27-02.34.15:652][241]LogModuleManager: Shutting down and abandoning module TextureFormatASTC (51)
[2016.11.27-02.34.15:652][241]LogModuleManager: Shutting down and abandoning module TextureFormatAndroid (50)
[2016.11.27-02.34.15:652][241]LogModuleManager: Shutting down and abandoning module AudioFormatOpus (49)
[2016.11.27-02.34.15:652][241]LogModuleManager: Shutting down and abandoning module AudioFormatOgg (48)
[2016.11.27-02.34.15:652][241]LogModuleManager: Shutting down and abandoning module AudioFormatADPCM (47)
[2016.11.27-02.34.15:652][241]LogModuleManager: Shutting down and abandoning module LinuxTargetPlatform (46)
[2016.11.27-02.34.15:652][241]LogModuleManager: Shutting down and abandoning module LinuxServerTargetPlatform (45)
[2016.11.27-02.34.15:653][241]LogModuleManager: Shutting down and abandoning module LinuxNoEditorTargetPlatform (44)
[2016.11.27-02.34.15:653][241]LogModuleManager: Shutting down and abandoning module LinuxClientTargetPlatform (43)
[2016.11.27-02.34.15:653][241]LogModuleManager: Shutting down and abandoning module TVOSTargetPlatform (42)
[2016.11.27-02.34.15:653][241]LogModuleManager: Shutting down and abandoning module Messaging (41)
[2016.11.27-02.34.15:653][241]LogModuleManager: Shutting down and abandoning module IOSTargetPlatform (40)
[2016.11.27-02.34.15:653][241]LogModuleManager: Shutting down and abandoning module HTML5TargetPlatform (39)
[2016.11.27-02.34.15:653][241]LogModuleManager: Shutting down and abandoning module Android_PVRTCTargetPlatform (38)
[2016.11.27-02.34.15:653][241]LogModuleManager: Shutting down and abandoning module Android_MultiTargetPlatform (37)
[2016.11.27-02.34.15:653][241]LogModuleManager: Shutting down and abandoning module Android_ETC2TargetPlatform (36)
[2016.11.27-02.34.15:653][241]LogModuleManager: Shutting down and abandoning module Android_ETC1TargetPlatform (35)
[2016.11.27-02.34.15:653][241]LogModuleManager: Shutting down and abandoning module Android_DXTTargetPlatform (34)
[2016.11.27-02.34.15:653][241]LogModuleManager: Shutting down and abandoning module Android_ATCTargetPlatform (33)
[2016.11.27-02.34.15:653][241]LogModuleManager: Shutting down and abandoning module Android_ASTCTargetPlatform (32)
[2016.11.27-02.34.15:653][241]LogModuleManager: Shutting down and abandoning module AndroidTargetPlatform (31)
[2016.11.27-02.34.15:653][241]LogModuleManager: Shutting down and abandoning module WindowsTargetPlatform (30)
[2016.11.27-02.34.15:653][241]LogModuleManager: Shutting down and abandoning module WindowsServerTargetPlatform (29)
[2016.11.27-02.34.15:653][241]LogModuleManager: Shutting down and abandoning module WindowsNoEditorTargetPlatform (28)
[2016.11.27-02.34.15:653][241]LogModuleManager: Shutting down and abandoning module WindowsClientTargetPlatform (27)
[2016.11.27-02.34.15:653][241]LogModuleManager: Shutting down and abandoning module AllDesktopTargetPlatform (26)
[2016.11.27-02.34.15:653][241]LogModuleManager: Shutting down and abandoning module TargetPlatform (25)
[2016.11.27-02.34.15:653][241]LogModuleManager: Shutting down and abandoning module InputCore (24)
[2016.11.27-02.34.15:653][241]LogModuleManager: Shutting down and abandoning module Settings (23)
[2016.11.27-02.34.15:653][241]LogModuleManager: Shutting down and abandoning module OculusRift (22)
[2016.11.27-02.34.15:653][241]LogModuleManager: Shutting down and abandoning module GearVR (21)
[2016.11.27-02.34.15:653][241]LogModuleManager: Shutting down and abandoning module ExampleDeviceProfileSelector (20)
[2016.11.27-02.34.15:653][241]LogModuleManager: Shutting down and abandoning module OnlineBlueprintSupport (19)
[2016.11.27-02.34.15:653][241]LogModuleManager: Shutting down and abandoning module OnlineSubsystem (17)
[2016.11.27-02.34.15:653][241]LogOnline:Display: Unloading online subsystem: NULL
[2016.11.27-02.34.15:653][241]LogModuleManager: Shutting down and abandoning module HTTP (16)
[2016.11.27-02.34.15:653][241]LogHttp:Display: Http module shutting down, but needs to wait on 1 outstanding Http requests:
[2016.11.27-02.34.15:653][241]LogHttp:Display: 	verb=[POST] url=[https://datarouter.ol.epicgames.com/datarouter/api/v1/public/data?SessionID=%7BC8FCAEF6-4B67-D3D9-9E74-70A14EF74B1C%7D&AppID=UEEditor.Rocket.Release&AppVersion=4.13.1-3142249%2B%2B%2BUE4%2BRelease-4.13&UserID=c44897874c53e68159c833aad6b4a091%7Ca2f4d8b11bd94ef99664b9abb109ceb7%7C2b738531-6d61-486b-930d-189a825896e7&AppEnvironment=datacollector-binary&UploadType=eteventstream] status=Processing
[2016.11.27-02.34.15:683][241]LogModuleManager: Shutting down and abandoning module XMPP (15)
[2016.11.27-02.34.15:683][241]LogModuleManager: Shutting down and abandoning module TextureCompressor (14)
[2016.11.27-02.34.15:683][241]LogModuleManager: Shutting down and abandoning module ShaderCore (13)
[2016.11.27-02.34.15:683][241]LogModuleManager: Shutting down and abandoning module Landscape (12)
[2016.11.27-02.34.15:683][241]LogModuleManager: Shutting down and abandoning module SlateRHIRenderer (11)
[2016.11.27-02.34.15:684][241]LogModuleManager: Shutting down and abandoning module OpenGLDrv (10)
[2016.11.27-02.34.15:684][241]LogModuleManager: Shutting down and abandoning module D3D11RHI (9)
[2016.11.27-02.34.15:684][241]LogModuleManager: Shutting down and abandoning module AnimGraphRuntime (8)
[2016.11.27-02.34.15:684][241]LogModuleManager: Shutting down and abandoning module Renderer (7)
[2016.11.27-02.34.15:684][241]LogModuleManager: Shutting down and abandoning module Engine (6)
[2016.11.27-02.34.15:684][241]LogModuleManager: Shutting down and abandoning module CoreUObject (5)
[2016.11.27-02.34.15:684][241]LogModuleManager: Shutting down and abandoning module NetworkFile (4)
[2016.11.27-02.34.15:684][241]LogModuleManager: Shutting down and abandoning module StreamingFile (3)
[2016.11.27-02.34.15:684][241]LogModuleManager: Shutting down and abandoning module SandboxFile (2)
[2016.11.27-02.34.15:684][241]LogModuleManager: Shutting down and abandoning module PakFile (1)
[2016.11.27-02.34.15:686][241]LogExit: Exiting.
[2016.11.27-02.34.15:687][241]Log file closed, 11/26/16 18:34:15
