Log file open, 02/21/17 14:49:01
LogInit:Display: Running engine for game: Project_lonesome
LogPlatformFile: Not using cached read wrapper
LogInit:Display: RandInit(2016039729) SRandInit(2016039729).
LogTaskGraph: Started task graph with 5 named threads and 8 total threads with 1 sets of task threads.
LogStats: Stats thread started at 0.079158
LogPluginManager: Loaded Plugin Paper2D, From D:/Program Files (x86)/Epic Games/4.13/Engine/Plugins/2D/Paper2D/Paper2D.uplugin
LogPluginManager: Loaded Plugin LightPropagationVolume, From D:/Program Files (x86)/Epic Games/4.13/Engine/Plugins/Blendables/LightPropagationVolume/LightPropagationVolume.uplugin
LogPluginManager: Loaded Plugin BlankPlugin, From D:/Program Files (x86)/Epic Games/4.13/Engine/Plugins/Developer/BlankPlugin/BlankPlugin.uplugin
LogPluginManager: Loaded Plugin CodeLiteSourceCodeAccess, From D:/Program Files (x86)/Epic Games/4.13/Engine/Plugins/Developer/CodeLiteSourceCodeAccess/CodeLiteSourceCodeAccess.uplugin
LogPluginManager: Loaded Plugin GitSourceControl, From D:/Program Files (x86)/Epic Games/4.13/Engine/Plugins/Developer/GitSourceControl/GitSourceControl.uplugin
LogPluginManager: Loaded Plugin KDevelopSourceCodeAccess, From D:/Program Files (x86)/Epic Games/4.13/Engine/Plugins/Developer/KDevelopSourceCodeAccess/KDevelopSourceCodeAccess.uplugin
LogPluginManager: Loaded Plugin NullSourceCodeAccess, From D:/Program Files (x86)/Epic Games/4.13/Engine/Plugins/Developer/NullSourceCodeAccess/NullSourceCodeAccess.uplugin
LogPluginManager: Loaded Plugin OneSkyLocalizationService, From D:/Program Files (x86)/Epic Games/4.13/Engine/Plugins/Developer/OneSkyLocalizationService/OneSkyLocalizationService.uplugin
LogPluginManager: Loaded Plugin PerforceSourceControl, From D:/Program Files (x86)/Epic Games/4.13/Engine/Plugins/Developer/PerforceSourceControl/PerforceSourceControl.uplugin
LogPluginManager: Loaded Plugin SubversionSourceControl, From D:/Program Files (x86)/Epic Games/4.13/Engine/Plugins/Developer/SubversionSourceControl/SubversionSourceControl.uplugin
LogPluginManager: Loaded Plugin UObjectPlugin, From D:/Program Files (x86)/Epic Games/4.13/Engine/Plugins/Developer/UObjectPlugin/UObjectPlugin.uplugin
LogPluginManager: Loaded Plugin VisualStudioSourceCodeAccess, From D:/Program Files (x86)/Epic Games/4.13/Engine/Plugins/Developer/VisualStudioSourceCodeAccess/VisualStudioSourceCodeAccess.uplugin
LogPluginManager: Loaded Plugin XCodeSourceCodeAccess, From D:/Program Files (x86)/Epic Games/4.13/Engine/Plugins/Developer/XCodeSourceCodeAccess/XCodeSourceCodeAccess.uplugin
LogPluginManager: Loaded Plugin EpicSurvey, From D:/Program Files (x86)/Epic Games/4.13/Engine/Plugins/Editor/EpicSurvey/EpicSurvey.uplugin
LogPluginManager: Loaded Plugin MacGraphicsSwitching, From D:/Program Files (x86)/Epic Games/4.13/Engine/Plugins/Editor/MacGraphicsSwitching/MacGraphicsSwitching.uplugin
LogPluginManager: Loaded Plugin MobileLauncherProfileWizard, From D:/Program Files (x86)/Epic Games/4.13/Engine/Plugins/Editor/MobileLauncherProfileWizard/MobileLauncherProfileWizard.uplugin
LogPluginManager: Loaded Plugin PluginBrowser, From D:/Program Files (x86)/Epic Games/4.13/Engine/Plugins/Editor/PluginBrowser/PluginBrowser.uplugin
LogPluginManager: Loaded Plugin SpeedTreeImporter, From D:/Program Files (x86)/Epic Games/4.13/Engine/Plugins/Editor/SpeedTreeImporter/SpeedTreeImporter.uplugin
LogPluginManager: Loaded Plugin SuperSearchEditor, From D:/Program Files (x86)/Epic Games/4.13/Engine/Plugins/Editor/SuperSearchEditor/SuperSearchEditor.uplugin
LogPluginManager: Loaded Plugin AlembicImporter, From D:/Program Files (x86)/Epic Games/4.13/Engine/Plugins/Experimental/AlembicImporter/AlembicImporter.uplugin
LogPluginManager: Loaded Plugin BlueprintStats, From D:/Program Files (x86)/Epic Games/4.13/Engine/Plugins/Experimental/BlueprintStats/BlueprintStats.uplugin
LogPluginManager: Loaded Plugin CharacterAI, From D:/Program Files (x86)/Epic Games/4.13/Engine/Plugins/Experimental/CharacterAI/CharacterAI.uplugin
LogPluginManager: Loaded Plugin CodeEditor, From D:/Program Files (x86)/Epic Games/4.13/Engine/Plugins/Experimental/CodeEditor/CodeEditor.uplugin
LogPluginManager: Loaded Plugin CodeView, From D:/Program Files (x86)/Epic Games/4.13/Engine/Plugins/Experimental/CodeView/CodeView.uplugin
LogPluginManager: Loaded Plugin HTML5Networking, From D:/Program Files (x86)/Epic Games/4.13/Engine/Plugins/Experimental/HTML5Networking/HTML5Networking.uplugin
LogPluginManager: Loaded Plugin LiveEditor, From D:/Program Files (x86)/Epic Games/4.13/Engine/Plugins/Experimental/LiveEditor/LiveEditor.uplugin
LogPluginManager: Loaded Plugin OSVR, From D:/Program Files (x86)/Epic Games/4.13/Engine/Plugins/Experimental/OSVR/OSVR.uplugin
LogPluginManager: Loaded Plugin Phya, From D:/Program Files (x86)/Epic Games/4.13/Engine/Plugins/Experimental/Phya/Phya.uplugin
LogPluginManager: Loaded Plugin SignificanceManager, From D:/Program Files (x86)/Epic Games/4.13/Engine/Plugins/Experimental/SignificanceManager/SignificanceManager.uplugin
LogPluginManager: Loaded Plugin SimpleHMD, From D:/Program Files (x86)/Epic Games/4.13/Engine/Plugins/Experimental/SimpleHMD/SimpleHMD.uplugin
LogPluginManager: Loaded Plugin StereoPanorama, From D:/Program Files (x86)/Epic Games/4.13/Engine/Plugins/Experimental/StereoPanorama/StereoPanorama.uplugin
LogPluginManager: Loaded Plugin StructBox, From D:/Program Files (x86)/Epic Games/4.13/Engine/Plugins/Experimental/StructBox/StructBox.uplugin
LogPluginManager: Loaded Plugin AndroidMedia, From D:/Program Files (x86)/Epic Games/4.13/Engine/Plugins/Media/AndroidMedia/AndroidMedia.uplugin
LogPluginManager: Loaded Plugin AvfMedia, From D:/Program Files (x86)/Epic Games/4.13/Engine/Plugins/Media/AvfMedia/AvfMedia.uplugin
LogPluginManager: Loaded Plugin MediaPlayerEditor, From D:/Program Files (x86)/Epic Games/4.13/Engine/Plugins/Media/MediaPlayerEditor/MediaPlayerEditor.uplugin
LogPluginManager: Loaded Plugin WmfMedia, From D:/Program Files (x86)/Epic Games/4.13/Engine/Plugins/Media/WmfMedia/WmfMedia.uplugin
LogPluginManager: Loaded Plugin MessagingDebugger, From D:/Program Files (x86)/Epic Games/4.13/Engine/Plugins/Messaging/MessagingDebugger/MessagingDebugger.uplugin
LogPluginManager: Loaded Plugin TcpMessaging, From D:/Program Files (x86)/Epic Games/4.13/Engine/Plugins/Messaging/TcpMessaging/TcpMessaging.uplugin
LogPluginManager: Loaded Plugin UdpMessaging, From D:/Program Files (x86)/Epic Games/4.13/Engine/Plugins/Messaging/UdpMessaging/UdpMessaging.uplugin
LogPluginManager: Loaded Plugin LevelSequenceEditor, From D:/Program Files (x86)/Epic Games/4.13/Engine/Plugins/MovieScene/LevelSequenceEditor/LevelSequenceEditor.uplugin
LogPluginManager: Loaded Plugin MatineeToLevelSequence, From D:/Program Files (x86)/Epic Games/4.13/Engine/Plugins/MovieScene/MatineeToLevelSequence/MatineeToLevelSequence.uplugin
LogPluginManager: Loaded Plugin NetcodeUnitTest, From D:/Program Files (x86)/Epic Games/4.13/Engine/Plugins/NetcodeUnitTest/NetcodeUnitTest/NetcodeUnitTest.uplugin
LogPluginManager: Loaded Plugin NUTUnrealEngine4, From D:/Program Files (x86)/Epic Games/4.13/Engine/Plugins/NetcodeUnitTest/NUTUnrealEngine4/NUTUnrealEngine4.uplugin
LogPluginManager: Loaded Plugin OnlineSubsystemGooglePlay, From D:/Program Files (x86)/Epic Games/4.13/Engine/Plugins/Online/Android/OnlineSubsystemGooglePlay/OnlineSubsystemGooglePlay.uplugin
LogPluginManager: Loaded Plugin OnlineSubsystemIOS, From D:/Program Files (x86)/Epic Games/4.13/Engine/Plugins/Online/IOS/OnlineSubsystemIOS/OnlineSubsystemIOS.uplugin
LogPluginManager: Loaded Plugin OnlineFramework, From D:/Program Files (x86)/Epic Games/4.13/Engine/Plugins/Online/OnlineFramework/OnlineFramework.uplugin
LogPluginManager: Loaded Plugin OnlineSubsystem, From D:/Program Files (x86)/Epic Games/4.13/Engine/Plugins/Online/OnlineSubsystem/OnlineSubsystem.uplugin
LogPluginManager: Loaded Plugin OnlineSubsystemAmazon, From D:/Program Files (x86)/Epic Games/4.13/Engine/Plugins/Online/OnlineSubsystemAmazon/OnlineSubsystemAmazon.uplugin
LogPluginManager: Loaded Plugin OnlineSubsystemFacebook, From D:/Program Files (x86)/Epic Games/4.13/Engine/Plugins/Online/OnlineSubsystemFacebook/OnlineSubsystemFacebook.uplugin
LogPluginManager: Loaded Plugin OnlineSubsystemNull, From D:/Program Files (x86)/Epic Games/4.13/Engine/Plugins/Online/OnlineSubsystemNull/OnlineSubsystemNull.uplugin
LogPluginManager: Loaded Plugin OnlineSubsystemOculus, From D:/Program Files (x86)/Epic Games/4.13/Engine/Plugins/Online/OnlineSubsystemOculus/OnlineSubsystemOculus.uplugin
LogPluginManager: Loaded Plugin OnlineSubsystemSteam, From D:/Program Files (x86)/Epic Games/4.13/Engine/Plugins/Online/OnlineSubsystemSteam/OnlineSubsystemSteam.uplugin
LogPluginManager: Loaded Plugin OnlineSubsystemUtils, From D:/Program Files (x86)/Epic Games/4.13/Engine/Plugins/Online/OnlineSubsystemUtils/OnlineSubsystemUtils.uplugin
LogPluginManager: Loaded Plugin IOSTapJoy, From D:/Program Files (x86)/Epic Games/4.13/Engine/Plugins/Runtime/Advertising/IOSTapJoy/IOSTapJoy.uplugin
LogPluginManager: Loaded Plugin AnalyticsBlueprintLibrary, From D:/Program Files (x86)/Epic Games/4.13/Engine/Plugins/Runtime/Analytics/AnalyticsBlueprintLibrary/AnalyticsBlueprintLibrary.uplugin
LogPluginManager: Loaded Plugin AnalyticsMulticast, From D:/Program Files (x86)/Epic Games/4.13/Engine/Plugins/Runtime/Analytics/AnalyticsMulticast/AnalyticsMulticast.uplugin
LogPluginManager: Loaded Plugin Apsalar, From D:/Program Files (x86)/Epic Games/4.13/Engine/Plugins/Runtime/Analytics/Apsalar/Apsalar.uplugin
LogPluginManager: Loaded Plugin FileLogging, From D:/Program Files (x86)/Epic Games/4.13/Engine/Plugins/Runtime/Analytics/FileLogging/FileLogging.uplugin
LogPluginManager: Loaded Plugin Flurry, From D:/Program Files (x86)/Epic Games/4.13/Engine/Plugins/Runtime/Analytics/Flurry/Flurry.uplugin
LogPluginManager: Loaded Plugin AndroidDeviceProfileSelector, From D:/Program Files (x86)/Epic Games/4.13/Engine/Plugins/Runtime/AndroidDeviceProfileSelector/AndroidDeviceProfileSelector.uplugin
LogPluginManager: Loaded Plugin AndroidMoviePlayer, From D:/Program Files (x86)/Epic Games/4.13/Engine/Plugins/Runtime/AndroidMoviePlayer/AndroidMoviePlayer.uplugin
LogPluginManager: Loaded Plugin AppleMoviePlayer, From D:/Program Files (x86)/Epic Games/4.13/Engine/Plugins/Runtime/AppleMoviePlayer/AppleMoviePlayer.uplugin
LogPluginManager: Loaded Plugin ArchVisCharacter, From D:/Program Files (x86)/Epic Games/4.13/Engine/Plugins/Runtime/ArchVisCharacter/ArchVisCharacter.uplugin
LogPluginManager: Loaded Plugin CableComponent, From D:/Program Files (x86)/Epic Games/4.13/Engine/Plugins/Runtime/CableComponent/CableComponent.uplugin
LogPluginManager: Loaded Plugin CustomMeshComponent, From D:/Program Files (x86)/Epic Games/4.13/Engine/Plugins/Runtime/CustomMeshComponent/CustomMeshComponent.uplugin
LogPluginManager: Loaded Plugin ExampleDeviceProfileSelector, From D:/Program Files (x86)/Epic Games/4.13/Engine/Plugins/Runtime/ExampleDeviceProfileSelector/ExampleDeviceProfileSelector.uplugin
LogPluginManager: Loaded Plugin GearVR, From D:/Program Files (x86)/Epic Games/4.13/Engine/Plugins/Runtime/GearVR/GearVR.uplugin
LogPluginManager: Loaded Plugin GoogleVRController, From D:/Program Files (x86)/Epic Games/4.13/Engine/Plugins/Runtime/GoogleVR/GoogleVRController/GoogleVRController.uplugin
LogPluginManager: Loaded Plugin GoogleVRHMD, From D:/Program Files (x86)/Epic Games/4.13/Engine/Plugins/Runtime/GoogleVR/GoogleVRHMD/GoogleVRHMD.uplugin
LogPluginManager: Loaded Plugin IOSDeviceProfileSelector, From D:/Program Files (x86)/Epic Games/4.13/Engine/Plugins/Runtime/IOSDeviceProfileSelector/IOSDeviceProfileSelector.uplugin
LogPluginManager: Loaded Plugin LeapMotion, From D:/Program Files (x86)/Epic Games/4.13/Engine/Plugins/Runtime/LeapMotion/LeapMotion.uplugin
LogPluginManager: Loaded Plugin LinuxDeviceProfileSelector, From D:/Program Files (x86)/Epic Games/4.13/Engine/Plugins/Runtime/LinuxDeviceProfileSelector/LinuxDeviceProfileSelector.uplugin
LogPluginManager: Loaded Plugin LiveEditorListenServer, From D:/Program Files (x86)/Epic Games/4.13/Engine/Plugins/Runtime/LiveEditorListenServer/LiveEditorListenServer.uplugin
LogPluginManager: Loaded Plugin OculusAudio, From D:/Program Files (x86)/Epic Games/4.13/Engine/Plugins/Runtime/OculusAudio/OculusAudio.uplugin
LogPluginManager: Loaded Plugin OculusInput, From D:/Program Files (x86)/Epic Games/4.13/Engine/Plugins/Runtime/OculusInput/OculusInput.uplugin
LogPluginManager: Loaded Plugin OculusLibrary, From D:/Program Files (x86)/Epic Games/4.13/Engine/Plugins/Runtime/OculusLibrary/OculusLibrary.uplugin
LogPluginManager: Loaded Plugin OculusRift, From D:/Program Files (x86)/Epic Games/4.13/Engine/Plugins/Runtime/OculusRift/OculusRift.uplugin
LogPluginManager: Loaded Plugin Oodle, From D:/Program Files (x86)/Epic Games/4.13/Engine/Plugins/Runtime/PacketHandlers/CompressionComponents/Oodle/Oodle.uplugin
LogPluginManager: Loaded Plugin ProceduralMeshComponent, From D:/Program Files (x86)/Epic Games/4.13/Engine/Plugins/Runtime/ProceduralMeshComponent/ProceduralMeshComponent.uplugin
LogPluginManager: Loaded Plugin SoundMod, From D:/Program Files (x86)/Epic Games/4.13/Engine/Plugins/Runtime/SoundMod/SoundMod.uplugin
LogPluginManager: Loaded Plugin SoundVisualizations, From D:/Program Files (x86)/Epic Games/4.13/Engine/Plugins/Runtime/SoundVisualizations/SoundVisualizations.uplugin
LogPluginManager: Loaded Plugin SteamController, From D:/Program Files (x86)/Epic Games/4.13/Engine/Plugins/Runtime/Steam/SteamController/SteamController.uplugin
LogPluginManager: Loaded Plugin SteamVR, From D:/Program Files (x86)/Epic Games/4.13/Engine/Plugins/Runtime/Steam/SteamVR/SteamVR.uplugin
LogPluginManager: Loaded Plugin WebBrowserWidget, From D:/Program Files (x86)/Epic Games/4.13/Engine/Plugins/Runtime/WebBrowserWidget/WebBrowserWidget.uplugin
LogPluginManager: Loaded Plugin WindowsDeviceProfileSelector, From D:/Program Files (x86)/Epic Games/4.13/Engine/Plugins/Runtime/WindowsDeviceProfileSelector/WindowsDeviceProfileSelector.uplugin
LogPluginManager: Loaded Plugin WindowsMoviePlayer, From D:/Program Files (x86)/Epic Games/4.13/Engine/Plugins/Runtime/WindowsMoviePlayer/WindowsMoviePlayer.uplugin
LogPluginManager: Loaded Plugin ScriptPlugin, From D:/Program Files (x86)/Epic Games/4.13/Engine/Plugins/ScriptPlugin/ScriptPlugin.uplugin
LogPluginManager: Loaded Plugin SlateRemote, From D:/Program Files (x86)/Epic Games/4.13/Engine/Plugins/Slate/SlateRemote/SlateRemote.uplugin
LogInit: Using libcurl 7.47.1
LogInit:  - built for x86_64-pc-win32
LogInit:  - supports SSL with WinSSL
LogInit:  - other features:
LogInit:      CURL_VERSION_SSL
LogInit:      CURL_VERSION_IPV6
LogInit:      CURL_VERSION_ASYNCHDNS
LogInit:      CURL_VERSION_LARGEFILE
LogInit:      CURL_VERSION_IDN
LogInit:  CurlRequestOptions (configurable via config and command line):
LogInit:  - bVerifyPeer = false  - Libcurl will NOT verify peer certificate
LogInit:  - bUseHttpProxy = false  - Libcurl will NOT use HTTP proxy
LogInit:  - bDontReuseConnections = false  - Libcurl will reuse connections
LogInit:  - CertBundlePath = nullptr  - Libcurl will use whatever was configured at build time.
LogInit: Build: ++UE4+Release-4.13-CL-3142249
LogInit: Engine Version: 4.13.1-3142249+++UE4+Release-4.13
LogInit: Compatible Engine Version: 4.13.0-3106830+++UE4+Release-4.13
LogInit: Net CL: 3142249
LogDevObjectVersion: Number of dev versions registered: 13
LogDevObjectVersion:   Dev-Blueprints (B0D832E4-1F89-4F0D-ACCF-7EB736FD4AA2): 5
LogDevObjectVersion:   Dev-Build (E1C64328-A22C-4D53-A36C-8E866417BD8C): 0
LogDevObjectVersion:   Dev-Core (375EC13C-06E4-48FB-B500-84F0262A717E): 1
LogDevObjectVersion:   Dev-Editor (E4B068ED-F494-42E9-A231-DA0B2E46BB41): 6
LogDevObjectVersion:   Dev-Framework (CFFC743F-43B0-4480-9391-14DF171D2073): 12
LogDevObjectVersion:   Dev-Mobile (B02B49B5-BB20-44E9-A304-32B752E40360): 0
LogDevObjectVersion:   Dev-Networking (A4E4105C-59A1-49B5-A7C5-40C4547EDFEE): 0
LogDevObjectVersion:   Dev-Online (39C831C9-5AE6-47DC-9A44-9C173E1C8E7C): 0
LogDevObjectVersion:   Dev-Physics (78F01B33-EBEA-4F98-B9B4-84EACCB95AA2): 0
LogDevObjectVersion:   Dev-Platform (6631380F-2D4D-43E0-8009-CF276956A95A): 0
LogDevObjectVersion:   Dev-Rendering (12F88B9F-8875-4AFC-A67C-D90C383ABD29): 4
LogDevObjectVersion:   Dev-Sequencer (7B5AE74C-D270-4C10-A958-57980B212A5A): 0
LogDevObjectVersion:   Dev-VR (D7296918-1DD6-4BDD-9DE2-64A83CC13884): 0
LogInit: Compiled (64-bit): Sep 28 2016 02:12:12
LogInit: Compiled with Visual C++: 19.00.23026.00
LogInit: Build Configuration: Development
LogInit: Branch Name: ++UE4+Release-4.13
LogInit: Command line: -EpicPortal 
LogInit: Base directory: D:/Program Files (x86)/Epic Games/4.13/Engine/Binaries/Win64/
LogInit: Installed Engine Build: 1
LogInit: Presizing for max 8388607 objects, including 0 objects not considered by GC, pre-allocating 0 bytes for permanent pool.
LogInit: Object subsystem initialized
[2017.02.21-22.49.01:652][  0]LogInit: Selected Device Profile: [Windows]
[2017.02.21-22.49.01:652][  0]LogInit: Applying CVar settings loaded from the selected device profile: [Windows]
[2017.02.21-22.49.01:661][  0]LogInit: Computer: JEREMY-PC
[2017.02.21-22.49.01:661][  0]LogInit: User: Jeremy
[2017.02.21-22.49.01:661][  0]LogInit: CPU Page size=65536, Cores=4
[2017.02.21-22.49.01:661][  0]LogInit: High frequency timer resolution =3.330092 MHz
[2017.02.21-22.49.01:661][  0]LogMemory: Memory total: Physical=15.9GB (16GB approx)
[2017.02.21-22.49.01:661][  0]LogMemory: Platform Memory Stats for Windows
[2017.02.21-22.49.01:661][  0]LogMemory: Process Physical Memory: 256.98 MB used, 256.98 MB peak
[2017.02.21-22.49.01:661][  0]LogMemory: Process Virtual Memory: 260.09 MB used, 260.09 MB peak
[2017.02.21-22.49.01:661][  0]LogMemory: Physical Memory: 6096.05 MB used, 16301.11 MB total
[2017.02.21-22.49.01:661][  0]LogMemory: Virtual Memory: 623.43 MB used, 134217728.00 MB total
[2017.02.21-22.49.01:694][  0]LogTextLocalizationManager: No specific translations for ('en-US') exist, so ('en') translations will be used.
[2017.02.21-22.49.02:408][  0]LogD3D11RHI: D3D11 adapters:
[2017.02.21-22.49.02:439][  0]LogD3D11RHI:    0. 'NVIDIA GeForce GTX 1070' (Feature Level 11_0)
[2017.02.21-22.49.02:439][  0]LogD3D11RHI:       8145/0/8150 MB DedicatedVideo/DedicatedSystem/SharedSystem, Outputs:2, VendorId:0x10de
[2017.02.21-22.49.02:442][  0]LogD3D11RHI:    1. 'Intel(R) HD Graphics 3000' (Feature Level 10_0)
[2017.02.21-22.49.02:442][  0]LogD3D11RHI:       32/0/1632 MB DedicatedVideo/DedicatedSystem/SharedSystem, Outputs:0, VendorId:0x8086
[2017.02.21-22.49.02:443][  0]LogD3D11RHI:    2. 'Microsoft Basic Render Driver' (Feature Level 11_0)
[2017.02.21-22.49.02:443][  0]LogD3D11RHI:       0/0/8150 MB DedicatedVideo/DedicatedSystem/SharedSystem, Outputs:0, VendorId:0x1414
[2017.02.21-22.49.02:443][  0]LogD3D11RHI: Chosen D3D11 Adapter: 0
[2017.02.21-22.49.02:447][  0]LogD3D11RHI: Creating new Direct3DDevice
[2017.02.21-22.49.02:447][  0]LogD3D11RHI:     GPU DeviceId: 0x1b81 (for the marketing name, search the web for "GPU Device Id")
[2017.02.21-22.49.02:447][  0]LogWindows: EnumDisplayDevices:
[2017.02.21-22.49.02:447][  0]LogWindows:    0. 'NVIDIA GeForce GTX 1070' (P:1 D:1)
[2017.02.21-22.49.02:447][  0]LogWindows:    1. 'NVIDIA GeForce GTX 1070' (P:0 D:1)
[2017.02.21-22.49.02:448][  0]LogWindows:    2. 'NVIDIA GeForce GTX 1070' (P:0 D:0)
[2017.02.21-22.49.02:448][  0]LogWindows:    3. 'NVIDIA GeForce GTX 1070' (P:0 D:0)
[2017.02.21-22.49.02:448][  0]LogWindows:    4. 'Intel(R) HD Graphics 3000' (P:0 D:0)
[2017.02.21-22.49.02:448][  0]LogWindows:    5. 'Intel(R) HD Graphics 3000' (P:0 D:0)
[2017.02.21-22.49.02:449][  0]LogWindows: DebugString: PrimaryIsNotTheChoosenAdapter PrimaryIsNotTheChoosenAdapter FoundDriverCount:4 
[2017.02.21-22.49.02:449][  0]LogD3D11RHI:     Adapter Name: NVIDIA GeForce GTX 1070
[2017.02.21-22.49.02:449][  0]LogD3D11RHI:   Driver Version: 376.53 (internal:21.21.13.7653, unified:376.53)
[2017.02.21-22.49.02:449][  0]LogD3D11RHI:      Driver Date: 12-29-2016
[2017.02.21-22.49.02:449][  0]LogRHI: Texture pool is 1361 MB (70% of 1945 MB)
[2017.02.21-22.49.02:463][  0]LogD3D11RHI: Async texture creation enabled
[2017.02.21-22.49.02:474][  0]LogD3D11RHI: GPU Timing Frequency: 1000.000000 (Debug: 2 1)
[2017.02.21-22.49.02:474][  0]LogShaderCompilers: Guid format shader working directory is -19 characters bigger than the processId version (C:/Users/Jeremy/Documents/GitHub/Project-lonesome/Project_lonesome/Intermediate/Shaders/WorkingDirectory/5244/).
[2017.02.21-22.49.02:474][  0]LogShaderCompilers: Cleaned the shader compiler working directory 'C:/Users/Jeremy/AppData/Local/Temp/UnrealShaderWorkingDir/0F6298ED45A6EF4AB72DC38DF868170A/'.
[2017.02.21-22.49.02:474][  0]LogShaderCompilers:Display: Using Local Shader Compiler.
[2017.02.21-22.49.03:610][  0]LogTemp:Display: Loaded TP AllDesktopTargetPlatform
[2017.02.21-22.49.03:621][  0]LogTemp:Display: Loaded TP WindowsClientTargetPlatform
[2017.02.21-22.49.03:630][  0]LogTemp:Display: Loaded TP WindowsNoEditorTargetPlatform
[2017.02.21-22.49.03:638][  0]LogTemp:Display: Loaded TP WindowsServerTargetPlatform
[2017.02.21-22.49.03:646][  0]LogTemp:Display: Loaded TP WindowsTargetPlatform
[2017.02.21-22.49.03:653][  0]LogTemp:Display: Loaded TP AndroidTargetPlatform
[2017.02.21-22.49.03:659][  0]LogTemp:Display: Loaded TP Android_ASTCTargetPlatform
[2017.02.21-22.49.03:666][  0]LogTemp:Display: Loaded TP Android_ATCTargetPlatform
[2017.02.21-22.49.03:673][  0]LogTemp:Display: Loaded TP Android_DXTTargetPlatform
[2017.02.21-22.49.03:680][  0]LogTemp:Display: Loaded TP Android_ETC1TargetPlatform
[2017.02.21-22.49.03:686][  0]LogTemp:Display: Loaded TP Android_ETC2TargetPlatform
[2017.02.21-22.49.03:701][  0]LogTemp:Display: Loaded TP Android_MultiTargetPlatform
[2017.02.21-22.49.03:701][  0]LogTemp:Display: Loaded TP Android_PVRTCTargetPlatform
[2017.02.21-22.49.03:702][  0]LogTemp:Display: Loaded TP HTML5TargetPlatform
[2017.02.21-22.49.03:723][  0]LogTemp:Display: Loaded TP IOSTargetPlatform
[2017.02.21-22.49.03:729][  0]LogTemp:Display: Loaded TP TVOSTargetPlatform
[2017.02.21-22.49.03:736][  0]LogTemp:Display: Loaded TP LinuxClientTargetPlatform
[2017.02.21-22.49.03:743][  0]LogTemp:Display: Loaded TP LinuxNoEditorTargetPlatform
[2017.02.21-22.49.03:750][  0]LogTemp:Display: Loaded TP LinuxServerTargetPlatform
[2017.02.21-22.49.03:758][  0]LogTemp:Display: Loaded TP LinuxTargetPlatform
[2017.02.21-22.49.03:758][  0]LogTargetPlatformManager:Display: Building Assets For Windows
[2017.02.21-22.49.03:837][  0]LogDerivedDataCache:Display: Max Cache Size: 512 MB
[2017.02.21-22.49.03:917][  0]LogDerivedDataCache: Loaded boot cache 0.08s 62MB C:/Users/Jeremy/AppData/Local/UnrealEngine/4.13/DerivedDataCache/Boot.ddc.
[2017.02.21-22.49.03:917][  0]LogDerivedDataCache:Display: Loaded Boot cache: C:/Users/Jeremy/AppData/Local/UnrealEngine/4.13/DerivedDataCache/Boot.ddc
[2017.02.21-22.49.03:917][  0]LogDerivedDataCache: FDerivedDataBackendGraph:  Pak pak cache file C:/Users/Jeremy/Documents/GitHub/Project-lonesome/Project_lonesome/DerivedDataCache/DDC.ddp not found, will not use a pak cache.
[2017.02.21-22.49.03:917][  0]LogDerivedDataCache: Unable to find inner node Pak for hierarchical cache Hierarchy.
[2017.02.21-22.49.03:917][  0]LogDerivedDataCache: FDerivedDataBackendGraph:  CompressedPak pak cache file C:/Users/Jeremy/Documents/GitHub/Project-lonesome/Project_lonesome/DerivedDataCache/Compressed.ddp not found, will not use a pak cache.
[2017.02.21-22.49.03:917][  0]LogDerivedDataCache: Unable to find inner node CompressedPak for hierarchical cache Hierarchy.
[2017.02.21-22.49.03:936][  0]LogDerivedDataCache:Display: Pak cache opened for reading ../../../Engine/DerivedDataCache/Compressed.ddp.
[2017.02.21-22.49.03:949][  0]LogDerivedDataCache: Using Local data cache path C:/Users/Jeremy/AppData/Local/UnrealEngine/Common/DerivedDataCache: Writable
[2017.02.21-22.49.04:195][  0]LogInit: Selected Device Profile: [Windows]
[2017.02.21-22.49.04:197][  0]LogContentStreaming: Texture pool size is 0.00 MB
[2017.02.21-22.49.04:298][  0]LogMeshUtilities: No automatic mesh reduction module available
[2017.02.21-22.49.04:298][  0]LogMeshUtilities: No automatic mesh merging module available
[2017.02.21-22.49.04:298][  0]LogMeshUtilities: No distributed automatic mesh merging module available
[2017.02.21-22.49.04:374][  0]LogMaterial: Uniform references updated for custom material expression Custom.
[2017.02.21-22.49.04:685][  0]LogNetVersion: GetLocalNetworkVersion: CL: 3106830, ProjectName: project_lonesome, ProjectVersion: , EngineNetworkVersion: 1, GameNetworkVersion: 0, NetworkChecksum: 2318975005
[2017.02.21-22.49.04:724][  0]LogAssetRegistry: FAssetRegistry took 0.0223 seconds to start up
[2017.02.21-22.49.04:753][  0]LogPackageLocalizationCache: Processed 3 localized package path(s) for 2 prioritized culture(s) in 0.026941 seconds
[2017.02.21-22.49.04:759][  0]LogUObjectArray: 29778 objects as part of root set at end of initial load.
[2017.02.21-22.49.04:759][  0]LogUObjectAllocator: 6125456 out of 0 bytes used by permanent object pool.
[2017.02.21-22.49.04:759][  0]LogUObjectArray: CloseDisregardForGC: 0/0 objects in disregard for GC pool
[2017.02.21-22.49.04:765][  0]LogInit: WinSock: version 1.1 (2.2), MaxSocks=32767, MaxUdp=65467
[2017.02.21-22.49.04:975][  0]LogSlate: SlateFontCache - WITH_FREETYPE: 1, WITH_HARFBUZZ: 1
[2017.02.21-22.49.04:975][  0]LogSlate: SlateFontCache - WITH_FREETYPE: 1, WITH_HARFBUZZ: 1
[2017.02.21-22.49.05:829][  0]LogTcpMessaging: Initializing TcpMessaging bridge
[2017.02.21-22.49.05:851][  0]LogUdpMessaging: Initializing bridge on interface 0.0.0.0:0 to multicast group 230.0.0.1:6666.
[2017.02.21-22.49.06:112][  0]SourceControl: Info Source control is disabled
[2017.02.21-22.49.06:113][  0]SourceControl: Info Source control is disabled
[2017.02.21-22.49.06:125][  0]SourceControl: Info Source control is disabled
[2017.02.21-22.49.06:136][  0]SourceControl: Info Source control is disabled
[2017.02.21-22.49.06:455][  0]LogEngine: Initializing Engine...
[2017.02.21-22.49.06:455][  0]LogHMD: Failed to initialize OpenVR with code 110
[2017.02.21-22.49.06:598][  0]LogAIModule: Creating AISystem for world Untitled
[2017.02.21-22.49.06:623][  0]LogInit: XAudio2 using 'Headset Earphone (ASTRO MixAmp Pro           )' : 2 channels at 48 kHz using 16 bits per sample (channel mask 0x3)
[2017.02.21-22.49.06:648][  0]LogInit: FAudioDevice initialized.
[2017.02.21-22.49.06:679][  0]LogDerivedDataCache: Saved boot cache 0.03s 62MB C:/Users/Jeremy/AppData/Local/UnrealEngine/4.13/DerivedDataCache/Boot.ddc.
[2017.02.21-22.49.06:690][  0]LogInit: Texture streaming: Enabled
[2017.02.21-22.49.06:712][  0]LogInit: Transaction tracking system initialized
[2017.02.21-22.49.06:733][  0]BlueprintLog: New page: Editor Load
[2017.02.21-22.49.06:810][  0]LocalizationService: Info Localization service is disabled
[2017.02.21-22.49.06:889][  0]LogConsoleResponse:Display: 
[2017.02.21-22.49.07:005][  0]LogCook:Display: Max memory allowance for cook 16384mb min free memory 0mb
[2017.02.21-22.49.07:005][  0]LogCook:Display: Mobile HDR setting 1
[2017.02.21-22.49.07:174][  0]LogFileCache: Scanning file cache for directory 'C:/Users/Jeremy/Documents/GitHub/Project-lonesome/Project_lonesome/Content/' took 0.02s
[2017.02.21-22.49.07:174][  0]SourceControl: Info Source control is disabled
[2017.02.21-22.49.07:175][  0]Cmd: MAP LOAD FILE="C:/Users/Jeremy/Documents/GitHub/Project-lonesome/Project_lonesome/Content/FirstPersonBP/Maps/FirstPersonExampleMap.umap" TEMPLATE=0 SHOWPROGRESS=1 FEATURELEVEL=3
[2017.02.21-22.49.07:175][  0]LightingResults: New page: Lighting Build
[2017.02.21-22.49.07:178][  0]MapCheck: New page: Map Check
[2017.02.21-22.49.07:178][  0]LightingResults: New page: Lighting Build
[2017.02.21-22.49.08:812][  0]LogAIModule: Creating AISystem for world FirstPersonExampleMap
[2017.02.21-22.49.08:864][  0]LogEditorServer: Finished looking for orphan Actors (0.000 secs)
[2017.02.21-22.49.08:865][  0]Cmd: MAP CHECKDEP NOCLEARLOG
[2017.02.21-22.49.08:957][  0]MapCheck: Info Map check complete: 0 Error(s), 0 Warning(s), took 92.345ms to complete.
[2017.02.21-22.49.08:957][  0]LogFileHelpers: Loading map 'FirstPersonExampleMap' took 1.783
[2017.02.21-22.49.09:088][  0]LogCollectionManager: Loaded 1 collections in 0.001905 seconds
[2017.02.21-22.49.09:132][  0]LogFileCache: Scanning file cache for directory 'C:/Users/Jeremy/Documents/GitHub/Project-lonesome/Project_lonesome/Saved/Collections/' took 0.01s
[2017.02.21-22.49.09:132][  0]LogFileCache: Scanning file cache for directory 'C:/Users/Jeremy/Documents/GitHub/Project-lonesome/Project_lonesome/Content/Developers/Jeremy/Collections/' took 0.01s
[2017.02.21-22.49.09:132][  0]LogFileCache: Scanning file cache for directory 'C:/Users/Jeremy/Documents/GitHub/Project-lonesome/Project_lonesome/Content/Collections/' took 0.01s
[2017.02.21-22.49.09:132][  0]LogCollectionManager: Rebuilt the GUID cache for 1 collections in 0.000005 seconds
[2017.02.21-22.49.09:132][  0]LogCollectionManager: Rebuilt the hierarchy cache for 1 collections in 0.000000 seconds
[2017.02.21-22.49.09:141][  0]LogContentBrowser: Native class hierarchy populated in 0.0092 seconds. Added 2141 classes and 415 folders.
[2017.02.21-22.49.09:145][  0]LogStats: UGameplayTagsManager::ConstructGameplayTagTree: Construct from data asset -  0.000 s
[2017.02.21-22.49.09:145][  0]LogStats: UGameplayTagsManager::ConstructGameplayTagTree: GameplayTagTreeChangedEvent.Broadcast -  0.000 s
[2017.02.21-22.49.09:145][  0]LogContentBrowser: Native class hierarchy updated for 'GameplayTags' in 0.0005 seconds. Added 12 classes and 0 folders.
[2017.02.21-22.49.09:149][  0]LogContentBrowser: Native class hierarchy updated for 'WidgetCarousel' in 0.0004 seconds. Added 0 classes and 0 folders.
[2017.02.21-22.49.09:207][  0]LogContentBrowser: Native class hierarchy updated for 'AddContentDialog' in 0.0008 seconds. Added 0 classes and 0 folders.
[2017.02.21-22.49.09:213][  0]LogContentBrowser: Native class hierarchy updated for 'SceneOutliner' in 0.0005 seconds. Added 1 classes and 2 folders.
[2017.02.21-22.49.09:227][  0]LogCrashTracker: Crashtracker disabled due to settings.
[2017.02.21-22.49.09:233][  0]LogUObjectGlobals:Warning: Failed to find object 'Class None.'
[2017.02.21-22.49.09:260][  0]LogContentBrowser: Native class hierarchy updated for 'HierarchicalLODOutliner' in 0.0005 seconds. Added 1 classes and 2 folders.
[2017.02.21-22.49.09:261][  0]LogLoad: (Engine Initialization) Total time: 8.55 seconds
[2017.02.21-22.49.09:261][  0]LogLoad: (Engine Initialization) Total Blueprint compile time: 0.35 seconds
[2017.02.21-22.49.09:261][  0]LogExternalProfiler: Found external profiler: VSPerf
[2017.02.21-22.49.09:261][  0]LogExternalProfiler: Using external profiler: VSPerf
[2017.02.21-22.49.09:270][  0]LogWindowsTextInputMethodSystem:Display: IME system now deactivated.
[2017.02.21-22.49.09:270][  0]LogOcInput: OculusInput pre-init called
[2017.02.21-22.49.09:296][  0]LogContentStreaming: Texture pool size now 1000 MB
[2017.02.21-22.49.09:492][  0]LogRenderer: Reallocating scene render targets to support 1208x580 (Frame:2).
[2017.02.21-22.49.09:547][  1]LogAssetRegistry: Asset discovery search completed in 4.8456 seconds
[2017.02.21-22.49.09:547][  1]LogCollectionManager: Rebuilt the object cache for 1 collections in 0.000006 seconds (found 0 objects)
[2017.02.21-22.49.09:547][  1]LogCollectionManager: Fixed up redirectors for 1 collections in 0.000024 seconds (updated 0 objects)
[2017.02.21-22.49.27:350][ 69]LogAIModule: Creating AISystem for world Second-Floor
[2017.02.21-22.49.27:393][ 69]Cmd: MAP LOAD FILE="C:/Users/Jeremy/Documents/GitHub/Project-lonesome/Project_lonesome/Content/Levels/Second-Floor.umap" TEMPLATE=0 SHOWPROGRESS=1 FEATURELEVEL=3
[2017.02.21-22.49.27:393][ 69]LightingResults: New page: Lighting Build
[2017.02.21-22.49.27:394][ 69]LoadErrors: New page: Loading map: Second-Floor.umap
[2017.02.21-22.49.27:397][ 69]MapCheck: New page: Map Check
[2017.02.21-22.49.27:397][ 69]LightingResults: New page: Lighting Build
[2017.02.21-22.49.27:436][ 69]LogEditorServer: Finished looking for orphan Actors (0.000 secs)
[2017.02.21-22.49.27:455][ 69]Cmd: MAP CHECKDEP NOCLEARLOG
[2017.02.21-22.49.27:550][ 69]MapCheck: Info Map check complete: 0 Error(s), 0 Warning(s), took 95.852ms to complete.
[2017.02.21-22.49.27:550][ 69]LogFileHelpers: Loading map 'Second-Floor' took 0.158
[2017.02.21-22.50.00:571][963]LogEditorViewport: Clicking on Actor (LMB): StaticMeshActor (Cube)
[2017.02.21-22.50.30:835][158]LogAIModule: Creating AISystem for world FirstPersonExampleMap
[2017.02.21-22.50.45:253][809]LogSpawn:Warning: UWorld::DestroyActor: World has no context! World: FirstPersonExampleMap2, Actor: /Game/FirstPersonBP/Maps/FirstPersonExampleMap2.FirstPersonExampleMap2:PersistentLevel.FirstPersonExampleMap_C_1
[2017.02.21-22.50.45:305][809]LogAIModule: Creating AISystem for world FirstPersonExampleMap2
[2017.02.21-22.50.56:459][661]LogSpawn:Warning: UWorld::DestroyActor: World has no context! World: FirstPersonExampleMap2, Actor: /Game/FirstPersonBP/Maps/FirstPersonExampleMap2.FirstPersonExampleMap2:PersistentLevel.FirstPersonExampleMap2_C_0
[2017.02.21-22.50.56:875][661]LogSavePackage: Save=417.28ms
[2017.02.21-22.50.56:875][661]LogSavePackage: Moving 'C:/Users/Jeremy/Documents/GitHub/Project-lonesome/Project_lonesome/Saved/FirstPersonExampleMap2B737B29540DF05A5C921DFA476D1EB1F.tmp' to 'C:/Users/Jeremy/Documents/GitHub/Project-lonesome/Project_lonesome/Content/FirstPersonBP/Maps/FirstPersonExampleMap2.umap'
[2017.02.21-22.50.56:878][661]LogSavePackage:Display: Finished SavePackage C:/Users/Jeremy/Documents/GitHub/Project-lonesome/Project_lonesome/Content/FirstPersonBP/Maps/FirstPersonExampleMap2.umap
[2017.02.21-22.50.56:909][661]LogFileHelpers: Saving map 'FirstPersonExampleMap2' took 0.627
[2017.02.21-22.50.56:910][661]Cmd: MAP LOAD FILE="C:/Users/Jeremy/Documents/GitHub/Project-lonesome/Project_lonesome/Content/FirstPersonBP/Maps/FirstPersonExampleMap.umap" TEMPLATE=0 SHOWPROGRESS=1 FEATURELEVEL=3
[2017.02.21-22.50.56:910][661]LightingResults: New page: Lighting Build
[2017.02.21-22.50.56:911][661]LoadErrors: New page: Loading map: FirstPersonExampleMap.umap
[2017.02.21-22.50.56:915][661]MapCheck: New page: Map Check
[2017.02.21-22.50.56:915][661]LightingResults: New page: Lighting Build
[2017.02.21-22.51.00:554][661]LogEditorServer: Finished looking for orphan Actors (0.000 secs)
[2017.02.21-22.51.00:586][661]Cmd: MAP CHECKDEP NOCLEARLOG
[2017.02.21-22.51.00:680][661]MapCheck: Info Map check complete: 0 Error(s), 0 Warning(s), took 94.116ms to complete.
[2017.02.21-22.51.00:681][661]LogFileHelpers: Loading map 'FirstPersonExampleMap' took 3.771
[2017.02.21-22.51.07:058][135]LogSpawn:Warning: UWorld::DestroyActor: World has no context! World: FirstPersonExampleMap2, Actor: /Game/FirstPersonBP/Maps/FirstPersonExampleMap2.FirstPersonExampleMap2:PersistentLevel.FirstPersonExampleMap2_C_1
[2017.02.21-22.51.07:420][135]LogSavePackage: Save=364.04ms
[2017.02.21-22.51.07:420][135]LogSavePackage: Moving 'C:/Users/Jeremy/Documents/GitHub/Project-lonesome/Project_lonesome/Saved/FirstPersonExampleMap20910962E487CC3D736FEFE8EC8CED39C.tmp' to 'C:/Users/Jeremy/Documents/GitHub/Project-lonesome/Project_lonesome/Content/FirstPersonBP/Maps/FirstPersonExampleMap2.umap'
[2017.02.21-22.51.07:424][135]LogSavePackage:Display: Finished SavePackage C:/Users/Jeremy/Documents/GitHub/Project-lonesome/Project_lonesome/Content/FirstPersonBP/Maps/FirstPersonExampleMap2.umap
[2017.02.21-22.51.07:454][135]LogFileHelpers: Saving map 'FirstPersonExampleMap2' took 0.557
[2017.02.21-22.51.07:456][135]Cmd: MAP LOAD FILE="C:/Users/Jeremy/Documents/GitHub/Project-lonesome/Project_lonesome/Content/FirstPersonBP/Maps/FirstPersonExampleMap2.umap" TEMPLATE=0 SHOWPROGRESS=1 FEATURELEVEL=3
[2017.02.21-22.51.07:456][135]LightingResults: New page: Lighting Build
[2017.02.21-22.51.07:456][135]LoadErrors: New page: Loading map: FirstPersonExampleMap2.umap
[2017.02.21-22.51.07:460][135]MapCheck: New page: Map Check
[2017.02.21-22.51.07:460][135]LightingResults: New page: Lighting Build
[2017.02.21-22.51.07:521][135]LogEditorServer: Finished looking for orphan Actors (0.000 secs)
[2017.02.21-22.51.07:542][135]Cmd: MAP CHECKDEP NOCLEARLOG
[2017.02.21-22.51.07:634][135]MapCheck: Info Map check complete: 0 Error(s), 0 Warning(s), took 92.2ms to complete.
[2017.02.21-22.51.07:635][135]LogFileHelpers: Loading map 'FirstPersonExampleMap2' took 0.180
[2017.02.21-22.51.27:358][473]LogAIModule: Creating AISystem for world Second-Floor
[2017.02.21-22.51.33:552][178]LogSpawn:Warning: UWorld::DestroyActor: World has no context! World: Second-FloorCopy, Actor: /Game/Levels/Second-FloorCopy.Second-FloorCopy:PersistentLevel.Second-Floor_C_1
[2017.02.21-22.51.33:602][178]LogMetaData: Removing '/Game/Levels/Second-FloorCopy.Second-FloorCopy_C' ref from Metadata '/Game/Levels/Second-Floor.PackageMetaData'
[2017.02.21-22.51.33:602][178]LogMetaData: Removing '/Game/Levels/Second-FloorCopy.SKEL_Second-FloorCopy_C' ref from Metadata '/Game/Levels/Second-Floor.PackageMetaData'
[2017.02.21-22.51.33:793][178]LogSpawn:Warning: UWorld::DestroyActor: World has no context! World: Second-FloorCopy, Actor: /Game/Levels/Second-FloorCopy.Second-FloorCopy:PersistentLevel.Second-FloorCopy_C_0
[2017.02.21-22.51.34:417][178]LogSavePackage: Save=625.74ms
[2017.02.21-22.51.34:417][178]LogSavePackage: Moving 'C:/Users/Jeremy/Documents/GitHub/Project-lonesome/Project_lonesome/Saved/Second-FloorCopyFFC64FA04DD6110B753F739E593107C3.tmp' to 'C:/Users/Jeremy/Documents/GitHub/Project-lonesome/Project_lonesome/Content/Levels/Second-FloorCopy.umap'
[2017.02.21-22.51.34:419][178]LogSavePackage:Display: Finished SavePackage C:/Users/Jeremy/Documents/GitHub/Project-lonesome/Project_lonesome/Content/Levels/Second-FloorCopy.umap
[2017.02.21-22.51.34:435][178]LogFileHelpers: Saving map 'Second-FloorCopy' took 0.807
[2017.02.21-22.51.51:375][171]LogMetaData: Removing '/Game/Levels/FirstPersonExampleMap2.SKEL_FirstPersonExampleMap2_C' ref from Metadata '/Game/FirstPersonBP/Maps/FirstPersonExampleMap2.PackageMetaData'
[2017.02.21-22.51.51:375][171]LogMetaData: Removing '/Game/Levels/FirstPersonExampleMap2.FirstPersonExampleMap2_C' ref from Metadata '/Game/FirstPersonBP/Maps/FirstPersonExampleMap2.PackageMetaData'
[2017.02.21-22.51.51:923][171]LogSavePackage: Save=423.02ms
[2017.02.21-22.51.51:923][171]LogSavePackage: Moving 'C:/Users/Jeremy/Documents/GitHub/Project-lonesome/Project_lonesome/Saved/FirstPersonExampleMap263050CBE4F1ED5D8D3B72D9A2DB729F0.tmp' to 'C:/Users/Jeremy/Documents/GitHub/Project-lonesome/Project_lonesome/Content/Levels/FirstPersonExampleMap2.umap'
[2017.02.21-22.51.51:926][171]LogSavePackage:Display: Finished SavePackage C:/Users/Jeremy/Documents/GitHub/Project-lonesome/Project_lonesome/Content/Levels/FirstPersonExampleMap2.umap
[2017.02.21-22.51.51:944][171]LogFileHelpers: Saving map 'FirstPersonExampleMap2' took 0.547
[2017.02.21-22.52.00:173][107]LogMetaData: Removing '/Game/Levels/Second-Floor.Second-Floor_C' ref from Metadata '/Game/Levels/FirstPersonExampleMap2.PackageMetaData'
[2017.02.21-22.52.00:173][107]LogMetaData: Removing '/Game/Levels/Second-Floor.SKEL_Second-Floor_C' ref from Metadata '/Game/Levels/FirstPersonExampleMap2.PackageMetaData'
[2017.02.21-22.52.00:672][107]LogSavePackage: Save=352.19ms
[2017.02.21-22.52.00:673][107]LogSavePackage: Moving 'C:/Users/Jeremy/Documents/GitHub/Project-lonesome/Project_lonesome/Saved/Second-FloorAE727472405C9A65A83C10B8081AE568.tmp' to 'C:/Users/Jeremy/Documents/GitHub/Project-lonesome/Project_lonesome/Content/Levels/Second-Floor.umap'
[2017.02.21-22.52.00:676][107]LogSavePackage:Display: Finished SavePackage C:/Users/Jeremy/Documents/GitHub/Project-lonesome/Project_lonesome/Content/Levels/Second-Floor.umap
[2017.02.21-22.52.00:694][107]LogFileHelpers: Saving map 'Second-Floor' took 0.498
[2017.02.21-22.52.04:897][317]LogSpawn:Warning: UWorld::DestroyActor: World has no context! World: Second-FloorCopy, Actor: /Game/Levels/Second-FloorCopy.Second-FloorCopy:PersistentLevel.Second-FloorCopy_C_1
[2017.02.21-22.52.05:496][317]LogSavePackage: Save=600.44ms
[2017.02.21-22.52.05:496][317]LogSavePackage: Moving 'C:/Users/Jeremy/Documents/GitHub/Project-lonesome/Project_lonesome/Saved/Second-FloorCopyC514775B496BC10A22E81E96116F2385.tmp' to 'C:/Users/Jeremy/Documents/GitHub/Project-lonesome/Project_lonesome/Content/Levels/Second-FloorCopy.umap'
[2017.02.21-22.52.05:501][317]LogSavePackage:Display: Finished SavePackage C:/Users/Jeremy/Documents/GitHub/Project-lonesome/Project_lonesome/Content/Levels/Second-FloorCopy.umap
[2017.02.21-22.52.05:515][317]LogFileHelpers: Saving map 'Second-FloorCopy' took 0.759
[2017.02.21-22.52.05:518][317]Cmd: MAP LOAD FILE="C:/Users/Jeremy/Documents/GitHub/Project-lonesome/Project_lonesome/Content/Levels/Second-Floor.umap" TEMPLATE=0 SHOWPROGRESS=1 FEATURELEVEL=3
[2017.02.21-22.52.05:519][317]LightingResults: New page: Lighting Build
[2017.02.21-22.52.05:519][317]LoadErrors: New page: Loading map: Second-Floor.umap
[2017.02.21-22.52.05:523][317]MapCheck: New page: Map Check
[2017.02.21-22.52.05:523][317]LightingResults: New page: Lighting Build
[2017.02.21-22.52.09:291][317]LogAIModule: Creating AISystem for world Second-Floor
[2017.02.21-22.52.09:348][317]LogEditorServer: Finished looking for orphan Actors (0.000 secs)
[2017.02.21-22.52.09:375][317]Cmd: MAP CHECKDEP NOCLEARLOG
[2017.02.21-22.52.09:476][317]MapCheck: Info Map check complete: 0 Error(s), 0 Warning(s), took 101.179ms to complete.
[2017.02.21-22.52.09:477][317]LogFileHelpers: Loading map 'Second-Floor' took 3.959
[2017.02.21-22.52.27:706][485]LogEditorViewport: Clicking on Actor (LMB): TemplatePickup_C (Axe)
[2017.02.21-22.53.12:054][433]LogSavePackage: Save=400.27ms
[2017.02.21-22.53.12:054][433]LogSavePackage: Moving 'C:/Users/Jeremy/Documents/GitHub/Project-lonesome/Project_lonesome/Saved/Second-FloorD4B8C01245B4ED6C3510FA9F3B4EF26D.tmp' to 'C:/Users/Jeremy/Documents/GitHub/Project-lonesome/Project_lonesome/Content/Levels/Second-Floor.umap'
[2017.02.21-22.53.12:058][433]LogSavePackage:Display: Finished SavePackage C:/Users/Jeremy/Documents/GitHub/Project-lonesome/Project_lonesome/Content/Levels/Second-Floor.umap
[2017.02.21-22.54.38:264][347]LogSavePackage: Save=364.76ms
[2017.02.21-22.54.38:264][347]LogSavePackage: Moving 'C:/Users/Jeremy/Documents/GitHub/Project-lonesome/Project_lonesome/Saved/Second-FloorE6D78303448B99C0B318D3B948FB712B.tmp' to 'C:/Users/Jeremy/Documents/GitHub/Project-lonesome/Project_lonesome/Content/Levels/Second-Floor.umap'
[2017.02.21-22.54.38:267][347]LogSavePackage:Display: Finished SavePackage C:/Users/Jeremy/Documents/GitHub/Project-lonesome/Project_lonesome/Content/Levels/Second-Floor.umap
[2017.02.21-22.54.39:089][396]LogSavePackage: Save=358.28ms
[2017.02.21-22.54.39:089][396]LogSavePackage: Moving 'C:/Users/Jeremy/Documents/GitHub/Project-lonesome/Project_lonesome/Saved/Second-Floor8D51EB384E245424C18FB9B470508216.tmp' to 'C:/Users/Jeremy/Documents/GitHub/Project-lonesome/Project_lonesome/Content/Levels/Second-Floor.umap'
[2017.02.21-22.54.39:092][396]LogSavePackage:Display: Finished SavePackage C:/Users/Jeremy/Documents/GitHub/Project-lonesome/Project_lonesome/Content/Levels/Second-Floor.umap
[2017.02.21-22.54.41:759][680]LogAIModule: Creating AISystem for world First-Floor
[2017.02.21-22.54.45:407][680]LogSpawn:Warning: UWorld::DestroyActor: World has no context! World: Second-FloorCopy, Actor: /Game/Levels/Second-FloorCopy.Second-FloorCopy:PersistentLevel.Second-FloorCopy_C_0
[2017.02.21-22.54.45:984][680]LogSavePackage: Save=577.93ms
[2017.02.21-22.54.45:984][680]LogSavePackage: Moving 'C:/Users/Jeremy/Documents/GitHub/Project-lonesome/Project_lonesome/Saved/Second-FloorCopy75DCFF45477B6AE84DC9E7A4C387C029.tmp' to 'C:/Users/Jeremy/Documents/GitHub/Project-lonesome/Project_lonesome/Content/Levels/Second-FloorCopy.umap'
[2017.02.21-22.54.45:988][680]LogSavePackage:Display: Finished SavePackage C:/Users/Jeremy/Documents/GitHub/Project-lonesome/Project_lonesome/Content/Levels/Second-FloorCopy.umap
[2017.02.21-22.54.46:003][680]LogFileHelpers: Saving map 'Second-FloorCopy' took 0.726
[2017.02.21-22.54.46:004][680]Cmd: MAP LOAD FILE="C:/Users/Jeremy/Documents/GitHub/Project-lonesome/Project_lonesome/Content/Levels/First-Floor.umap" TEMPLATE=0 SHOWPROGRESS=1 FEATURELEVEL=3
[2017.02.21-22.54.46:004][680]LightingResults: New page: Lighting Build
[2017.02.21-22.54.46:005][680]LoadErrors: New page: Loading map: First-Floor.umap
[2017.02.21-22.54.46:009][680]MapCheck: New page: Map Check
[2017.02.21-22.54.46:009][680]LightingResults: New page: Lighting Build
[2017.02.21-22.54.54:312][680]LogEditorServer: Finished looking for orphan Actors (0.000 secs)
[2017.02.21-22.54.54:332][680]Cmd: MAP CHECKDEP NOCLEARLOG
[2017.02.21-22.54.54:425][680]MapCheck: Info Map check complete: 0 Error(s), 0 Warning(s), took 93.388ms to complete.
[2017.02.21-22.54.54:425][680]LogFileHelpers: Loading map 'First-Floor' took 8.422
[2017.02.21-22.55.02:004][580]LogPlayLevel: PlayLevel: No blueprints needed recompiling
[2017.02.21-22.55.02:004][580]PIE: New page: PIE session: First-Floor (Feb 21, 2017, 6:55:02 AM)
[2017.02.21-22.55.02:004][580]LogPlayLevel: Creating play world package: /Game/Levels/UEDPIE_0_First-Floor
[2017.02.21-22.55.02:012][580]LogPlayLevel: PIE: StaticDuplicateObject took: (0.007591s)
[2017.02.21-22.55.02:012][580]LogAIModule: Creating AISystem for world First-Floor
[2017.02.21-22.55.02:013][580]LogPlayLevel: PIE: World Init took: (0.001140s)
[2017.02.21-22.55.02:013][580]LogPlayLevel: PIE: Created PIE world by copying editor world from /Game/Levels/First-Floor.First-Floor to /Game/Levels/UEDPIE_0_First-Floor.First-Floor (0.009010s)
[2017.02.21-22.55.02:039][580]LogInit: XAudio2 using 'Headset Earphone (ASTRO MixAmp Pro           )' : 2 channels at 48 kHz using 16 bits per sample (channel mask 0x3)
[2017.02.21-22.55.02:048][580]LogInit: FAudioDevice initialized.
[2017.02.21-22.55.02:114][580]LogWorld: Game class is 'FirstPersonGameMode_C'
[2017.02.21-22.55.02:125][580]LogWorld: Bringing World /Game/Levels/UEDPIE_0_First-Floor.First-Floor up for play (max tick rate 0) at 2017.02.21-14.55.02
[2017.02.21-22.55.02:125][580]LogWorld: Bringing up level for play took: 0.009647
[2017.02.21-22.55.02:130][580]LogContentBrowser: Native class hierarchy updated for 'MovieSceneCapture' in 0.0006 seconds. Added 11 classes and 0 folders.
[2017.02.21-22.55.02:130][580]LogGameMode:Display: Match State Changed from EnteringMap to WaitingToStart
[2017.02.21-22.55.02:130][580]LogGameState: Match State Changed from EnteringMap to WaitingToStart
[2017.02.21-22.55.02:130][580]LogGameMode:Display: Match State Changed from WaitingToStart to InProgress
[2017.02.21-22.55.02:134][580]LogGameState: Match State Changed from WaitingToStart to InProgress
[2017.02.21-22.55.02:139][580]PIE: Info Play in editor start time for /Game/Levels/UEDPIE_0_First-Floor -0.014
[2017.02.21-22.55.02:173][580]LogRenderer: Reallocating scene render targets to support 1292x756 (Frame:27726).
[2017.02.21-22.55.21:151][474]LogPlayLevel: PlayLevel: No blueprints needed recompiling
[2017.02.21-22.55.21:151][474]PIE: New page: PIE session: First-Floor (Feb 21, 2017, 6:55:21 AM)
[2017.02.21-22.55.21:151][474]LogPlayLevel: Creating play world package: /Game/Levels/UEDPIE_0_First-Floor
[2017.02.21-22.55.21:159][474]LogPlayLevel: PIE: StaticDuplicateObject took: (0.007076s)
[2017.02.21-22.55.21:159][474]LogAIModule: Creating AISystem for world First-Floor
[2017.02.21-22.55.21:160][474]LogPlayLevel: PIE: World Init took: (0.001212s)
[2017.02.21-22.55.21:160][474]LogPlayLevel: PIE: Created PIE world by copying editor world from /Game/Levels/First-Floor.First-Floor to /Game/Levels/UEDPIE_0_First-Floor.First-Floor (0.008547s)
[2017.02.21-22.55.21:190][474]LogInit: XAudio2 using 'Headset Earphone (ASTRO MixAmp Pro           )' : 2 channels at 48 kHz using 16 bits per sample (channel mask 0x3)
[2017.02.21-22.55.21:199][474]LogInit: FAudioDevice initialized.
[2017.02.21-22.55.21:248][474]LogWorld: Game class is 'FirstPersonGameMode_C'
[2017.02.21-22.55.21:258][474]LogWorld: Bringing World /Game/Levels/UEDPIE_0_First-Floor.First-Floor up for play (max tick rate 0) at 2017.02.21-14.55.21
[2017.02.21-22.55.21:259][474]LogWorld: Bringing up level for play took: 0.009212
[2017.02.21-22.55.21:260][474]LogGameMode:Display: Match State Changed from EnteringMap to WaitingToStart
[2017.02.21-22.55.21:260][474]LogGameState: Match State Changed from EnteringMap to WaitingToStart
[2017.02.21-22.55.21:260][474]LogGameMode:Display: Match State Changed from WaitingToStart to InProgress
[2017.02.21-22.55.21:263][474]LogGameState: Match State Changed from WaitingToStart to InProgress
[2017.02.21-22.55.21:267][474]PIE: Info Play in editor start time for /Game/Levels/UEDPIE_0_First-Floor 1.114
[2017.02.21-23.00.48:188][503]LogAIModule: Creating AISystem for world Park
[2017.02.21-23.00.50:340][503]LogSpawn:Warning: UWorld::DestroyActor: World has no context! World: Second-FloorCopy, Actor: /Game/Levels/Second-FloorCopy.Second-FloorCopy:PersistentLevel.Second-FloorCopy_C_1
[2017.02.21-23.00.50:908][503]LogSavePackage: Save=569.53ms
[2017.02.21-23.00.50:908][503]LogSavePackage: Moving 'C:/Users/Jeremy/Documents/GitHub/Project-lonesome/Project_lonesome/Saved/Second-FloorCopy5C2347E14736484D6CD550BD51609138.tmp' to 'C:/Users/Jeremy/Documents/GitHub/Project-lonesome/Project_lonesome/Content/Levels/Second-FloorCopy.umap'
[2017.02.21-23.00.50:913][503]LogSavePackage:Display: Finished SavePackage C:/Users/Jeremy/Documents/GitHub/Project-lonesome/Project_lonesome/Content/Levels/Second-FloorCopy.umap
[2017.02.21-23.00.50:930][503]LogFileHelpers: Saving map 'Second-FloorCopy' took 0.735
[2017.02.21-23.00.50:931][503]Cmd: MAP LOAD FILE="C:/Users/Jeremy/Documents/GitHub/Project-lonesome/Project_lonesome/Content/Levels/Park.umap" TEMPLATE=0 SHOWPROGRESS=1 FEATURELEVEL=3
[2017.02.21-23.00.50:931][503]LightingResults: New page: Lighting Build
[2017.02.21-23.00.50:932][503]LoadErrors: New page: Loading map: Park.umap
[2017.02.21-23.00.50:933][503]MapCheck: New page: Map Check
[2017.02.21-23.00.50:933][503]LightingResults: New page: Lighting Build
[2017.02.21-23.00.52:052][503]LogEditorServer: Finished looking for orphan Actors (0.000 secs)
[2017.02.21-23.00.52:088][503]Cmd: MAP CHECKDEP NOCLEARLOG
[2017.02.21-23.00.52:187][503]MapCheck: Info Map check complete: 0 Error(s), 0 Warning(s), took 99.031ms to complete.
[2017.02.21-23.00.52:187][503]LogFileHelpers: Loading map 'Park' took 1.258
[2017.02.21-23.10.48:859][671]LogFileHelpers: Editor autosave (incl. sublevels) for '/Game/Levels/Park' took 0.012
[2017.02.21-23.20.49:624][319]LogFileHelpers: Editor autosave (incl. sublevels) for '/Game/Levels/Park' took 0.010
[2017.02.21-23.30.50:298][121]LogFileHelpers: Editor autosave (incl. sublevels) for '/Game/Levels/Park' took 0.013
[2017.02.21-23.40.51:146][490]LogFileHelpers: Editor autosave (incl. sublevels) for '/Game/Levels/Park' took 0.009
[2017.02.21-23.50.51:979][349]LogFileHelpers: Editor autosave (incl. sublevels) for '/Game/Levels/Park' took 0.011
[2017.02.22-00.00.52:661][151]LogFileHelpers: Editor autosave (incl. sublevels) for '/Game/Levels/Park' took 0.011
[2017.02.22-00.10.53:472][ 10]LogFileHelpers: Editor autosave (incl. sublevels) for '/Game/Levels/Park' took 0.012
[2017.02.22-00.20.54:142][812]LogFileHelpers: Editor autosave (incl. sublevels) for '/Game/Levels/Park' took 0.012
[2017.02.22-00.30.54:805][614]LogFileHelpers: Editor autosave (incl. sublevels) for '/Game/Levels/Park' took 0.009
[2017.02.22-00.40.55:476][416]LogFileHelpers: Editor autosave (incl. sublevels) for '/Game/Levels/Park' took 0.012
[2017.02.22-00.50.56:140][218]LogFileHelpers: Editor autosave (incl. sublevels) for '/Game/Levels/Park' took 0.009
[2017.02.22-01.00.56:808][ 20]LogFileHelpers: Editor autosave (incl. sublevels) for '/Game/Levels/Park' took 0.009
[2017.02.22-01.10.57:503][822]LogFileHelpers: Editor autosave (incl. sublevels) for '/Game/Levels/Park' took 0.011
[2017.02.22-01.20.58:143][624]LogFileHelpers: Editor autosave (incl. sublevels) for '/Game/Levels/Park' took 0.011
[2017.02.22-01.30.58:812][426]LogFileHelpers: Editor autosave (incl. sublevels) for '/Game/Levels/Park' took 0.012
[2017.02.22-01.40.59:476][228]LogFileHelpers: Editor autosave (incl. sublevels) for '/Game/Levels/Park' took 0.009
[2017.02.22-01.51.00:146][ 30]LogFileHelpers: Editor autosave (incl. sublevels) for '/Game/Levels/Park' took 0.010
[2017.02.22-02.01.00:811][832]LogFileHelpers: Editor autosave (incl. sublevels) for '/Game/Levels/Park' took 0.010
[2017.02.22-02.11.01:478][634]LogFileHelpers: Editor autosave (incl. sublevels) for '/Game/Levels/Park' took 0.008
[2017.02.22-02.21.02:147][436]LogFileHelpers: Editor autosave (incl. sublevels) for '/Game/Levels/Park' took 0.010
[2017.02.22-02.31.02:813][238]LogFileHelpers: Editor autosave (incl. sublevels) for '/Game/Levels/Park' took 0.009
[2017.02.22-02.41.03:482][ 40]LogFileHelpers: Editor autosave (incl. sublevels) for '/Game/Levels/Park' took 0.011
[2017.02.22-02.51.04:151][842]LogFileHelpers: Editor autosave (incl. sublevels) for '/Game/Levels/Park' took 0.013
[2017.02.22-03.01.04:813][644]LogFileHelpers: Editor autosave (incl. sublevels) for '/Game/Levels/Park' took 0.008
[2017.02.22-03.11.05:480][446]LogFileHelpers: Editor autosave (incl. sublevels) for '/Game/Levels/Park' took 0.008
[2017.02.22-03.21.06:157][248]LogFileHelpers: Editor autosave (incl. sublevels) for '/Game/Levels/Park' took 0.016
[2017.02.22-03.31.06:816][ 50]LogFileHelpers: Editor autosave (incl. sublevels) for '/Game/Levels/Park' took 0.010
[2017.02.22-03.41.07:484][852]LogFileHelpers: Editor autosave (incl. sublevels) for '/Game/Levels/Park' took 0.009
[2017.02.22-03.51.08:179][654]LogFileHelpers: Editor autosave (incl. sublevels) for '/Game/Levels/Park' took 0.012
[2017.02.22-04.01.08:821][456]LogFileHelpers: Editor autosave (incl. sublevels) for '/Game/Levels/Park' took 0.011
[2017.02.22-04.11.09:487][258]LogFileHelpers: Editor autosave (incl. sublevels) for '/Game/Levels/Park' took 0.010
[2017.02.22-04.21.10:208][ 60]LogFileHelpers: Editor autosave (incl. sublevels) for '/Game/Levels/Park' took 0.013
[2017.02.22-04.31.10:836][862]LogFileHelpers: Editor autosave (incl. sublevels) for '/Game/Levels/Park' took 0.012
[2017.02.22-04.41.11:501][664]LogFileHelpers: Editor autosave (incl. sublevels) for '/Game/Levels/Park' took 0.008
[2017.02.22-04.51.12:173][466]LogFileHelpers: Editor autosave (incl. sublevels) for '/Game/Levels/Park' took 0.012
[2017.02.22-05.01.12:849][268]LogFileHelpers: Editor autosave (incl. sublevels) for '/Game/Levels/Park' took 0.017
[2017.02.22-05.11.13:506][ 70]LogFileHelpers: Editor autosave (incl. sublevels) for '/Game/Levels/Park' took 0.011
[2017.02.22-05.21.14:198][872]LogFileHelpers: Editor autosave (incl. sublevels) for '/Game/Levels/Park' took 0.018
[2017.02.22-05.31.14:847][674]LogFileHelpers: Editor autosave (incl. sublevels) for '/Game/Levels/Park' took 0.012
[2017.02.22-05.41.15:510][476]LogFileHelpers: Editor autosave (incl. sublevels) for '/Game/Levels/Park' took 0.011
[2017.02.22-05.50.31:533][206]Cmd: OBJ SAVEPACKAGE PACKAGE="/Game/Levels/Park" FILE="C:/Users/Jeremy/Documents/GitHub/Project-lonesome/Project_lonesome/Content/Levels/Park.umap" SILENT=true AUTOSAVING=false KEEPDIRTY=false
[2017.02.22-05.50.31:565][206]LogSavePackage: Save=17.45ms
[2017.02.22-05.50.31:565][206]LogSavePackage: Moving 'C:/Users/Jeremy/Documents/GitHub/Project-lonesome/Project_lonesome/Saved/ParkA89448F94AE8E9947CB988A547E45A5A.tmp' to 'C:/Users/Jeremy/Documents/GitHub/Project-lonesome/Project_lonesome/Content/Levels/Park.umap'
[2017.02.22-05.50.31:566][206]LogSavePackage:Display: Finished SavePackage C:/Users/Jeremy/Documents/GitHub/Project-lonesome/Project_lonesome/Content/Levels/Park.umap
[2017.02.22-05.50.32:910][349]LogAIModule: Creating AISystem for world Second-Floor
[2017.02.22-05.50.34:954][349]LogSpawn:Warning: UWorld::DestroyActor: World has no context! World: Second-FloorCopy, Actor: /Game/Levels/Second-FloorCopy.Second-FloorCopy:PersistentLevel.Second-FloorCopy_C_0
[2017.02.22-05.50.35:535][349]LogSavePackage: Save=582.92ms
[2017.02.22-05.50.35:535][349]LogSavePackage: Moving 'C:/Users/Jeremy/Documents/GitHub/Project-lonesome/Project_lonesome/Saved/Second-FloorCopyCF4FE2AF48D07A6F25E892AF75105830.tmp' to 'C:/Users/Jeremy/Documents/GitHub/Project-lonesome/Project_lonesome/Content/Levels/Second-FloorCopy.umap'
[2017.02.22-05.50.35:540][349]LogSavePackage:Display: Finished SavePackage C:/Users/Jeremy/Documents/GitHub/Project-lonesome/Project_lonesome/Content/Levels/Second-FloorCopy.umap
[2017.02.22-05.50.35:555][349]LogFileHelpers: Saving map 'Second-FloorCopy' took 0.744
[2017.02.22-05.50.35:556][349]Cmd: MAP LOAD FILE="C:/Users/Jeremy/Documents/GitHub/Project-lonesome/Project_lonesome/Content/Levels/Second-Floor.umap" TEMPLATE=0 SHOWPROGRESS=1 FEATURELEVEL=3
[2017.02.22-05.50.35:556][349]LightingResults: New page: Lighting Build
[2017.02.22-05.50.35:557][349]LoadErrors: New page: Loading map: Second-Floor.umap
[2017.02.22-05.50.35:557][349]MapCheck: New page: Map Check
[2017.02.22-05.50.35:557][349]LightingResults: New page: Lighting Build
[2017.02.22-05.50.36:687][349]LogEditorServer: Finished looking for orphan Actors (0.000 secs)
[2017.02.22-05.50.36:710][349]Cmd: MAP CHECKDEP NOCLEARLOG
[2017.02.22-05.50.36:805][349]MapCheck: Info Map check complete: 0 Error(s), 0 Warning(s), took 94.433ms to complete.
[2017.02.22-05.50.36:805][349]LogFileHelpers: Loading map 'Second-Floor' took 1.250
[2017.02.22-05.51.47:842][941]LogEditorViewport: Clicking on Actor (LMB): Door_Blueprint_C (Door_Room216)
[2017.02.22-05.51.55:692][718]LogEditorViewport: Clicking on Actor (LMB): StaticMeshActor (Cube168)
[2017.02.22-05.51.57:417][882]LogEditorViewport: Clicking on Actor (LMB): Door_Blueprint_C (Door_Room217)
[2017.02.22-05.52.22:342][368]LogEditorViewport: Clicking on Actor (LMB): Door_Blueprint_C (Door_Room218)
[2017.02.22-05.52.30:524][186]LogEditorViewport: Clicking on Actor (LMB): Door_Blueprint_C (Door_Room209)
[2017.02.22-05.53.00:795][266]Cmd: SELECT NONE
[2017.02.22-05.53.51:301][432]Cmd: SELECT NONE
[2017.02.22-05.53.52:760][580]LogBlueprintUserMessages: Early PlayInEditor Detection: Level '/Game/Levels/Second-Floor.Second-Floor:PersistentLevel' has LevelScriptBlueprint '/Game/Levels/Second-Floor.Second-Floor:PersistentLevel.Second-Floor' with GeneratedClass '/Game/Levels/Second-Floor.Second-Floor_C' with ClassGeneratedBy '/Game/Levels/Second-Floor.Second-Floor:PersistentLevel.Second-Floor'
[2017.02.22-05.53.52:760][580]LogPlayLevel: PlayLevel: No blueprints needed recompiling
[2017.02.22-05.53.52:761][580]PIE: New page: PIE session: Second-Floor (Feb 21, 2017, 1:53:52 PM)
[2017.02.22-05.53.52:761][580]LogPlayLevel: Creating play world package: /Game/Levels/UEDPIE_0_Second-Floor
[2017.02.22-05.53.52:818][580]LogPlayLevel: PIE: StaticDuplicateObject took: (0.057316s)
[2017.02.22-05.53.52:819][580]LogAIModule: Creating AISystem for world Second-Floor
[2017.02.22-05.53.52:820][580]LogPlayLevel: PIE: World Init took: (0.001787s)
[2017.02.22-05.53.52:820][580]LogPlayLevel: PIE: Created PIE world by copying editor world from /Game/Levels/Second-Floor.Second-Floor to /Game/Levels/UEDPIE_0_Second-Floor.Second-Floor (0.059713s)
[2017.02.22-05.53.52:853][580]LogInit: XAudio2 using 'Headset Earphone (ASTRO MixAmp Pro           )' : 2 channels at 48 kHz using 16 bits per sample (channel mask 0x3)
[2017.02.22-05.53.52:863][580]LogInit: FAudioDevice initialized.
[2017.02.22-05.53.52:920][580]LogWorld: Game class is 'FirstPersonGameMode_C'
[2017.02.22-05.53.52:966][580]LogWorld: Bringing World /Game/Levels/UEDPIE_0_Second-Floor.Second-Floor up for play (max tick rate 0) at 2017.02.21-21.53.52
[2017.02.22-05.53.52:969][580]LogWorld: Bringing up level for play took: 0.047855
[2017.02.22-05.53.52:971][580]LogGameMode:Display: Match State Changed from EnteringMap to WaitingToStart
[2017.02.22-05.53.52:971][580]LogGameState: Match State Changed from EnteringMap to WaitingToStart
[2017.02.22-05.53.52:971][580]LogGameMode:Display: Match State Changed from WaitingToStart to InProgress
[2017.02.22-05.53.52:997][580]LogGameState: Match State Changed from WaitingToStart to InProgress
[2017.02.22-05.53.53:002][580]PIE: Info Play in editor start time for /Game/Levels/UEDPIE_0_Second-Floor 0.849
[2017.02.22-05.53.53:002][580]LogBlueprintUserMessages: Late PlayInEditor Detection: Level '/Game/Levels/Second-Floor.Second-Floor:PersistentLevel' has LevelScriptBlueprint '/Game/Levels/Second-Floor.Second-Floor:PersistentLevel.Second-Floor' with GeneratedClass '/Game/Levels/Second-Floor.Second-Floor_C' with ClassGeneratedBy '/Game/Levels/Second-Floor.Second-Floor:PersistentLevel.Second-Floor'
[2017.02.22-05.54.41:835][265]LogBlueprintUserMessages: Early EndPlayMap Detection: Level '/Game/Levels/Second-Floor.Second-Floor:PersistentLevel' has LevelScriptBlueprint '/Game/Levels/Second-Floor.Second-Floor:PersistentLevel.Second-Floor' with GeneratedClass '/Game/Levels/Second-Floor.Second-Floor_C' with ClassGeneratedBy '/Game/Levels/Second-Floor.Second-Floor:PersistentLevel.Second-Floor'
[2017.02.22-05.54.41:882][265]LogBlueprintUserMessages: Late EndPlayMap Detection: Level '/Game/Levels/Second-Floor.Second-Floor:PersistentLevel' has LevelScriptBlueprint '/Game/Levels/Second-Floor.Second-Floor:PersistentLevel.Second-Floor' with GeneratedClass '/Game/Levels/Second-Floor.Second-Floor_C' with ClassGeneratedBy '/Game/Levels/Second-Floor.Second-Floor:PersistentLevel.Second-Floor'
[2017.02.22-05.54.48:300][999]LogEditorViewport: Clicking on Actor (LMB): Door_Blueprint_C (Door_CorpsesRoom)
[2017.02.22-05.54.56:899][838]LogSavePackage: Save=406.86ms
[2017.02.22-05.54.56:899][838]LogSavePackage: Moving 'C:/Users/Jeremy/Documents/GitHub/Project-lonesome/Project_lonesome/Saved/Second-Floor250AF0DB4EA3F84533BA19AEB95A00DB.tmp' to 'C:/Users/Jeremy/Documents/GitHub/Project-lonesome/Project_lonesome/Content/Levels/Second-Floor.umap'
[2017.02.22-05.54.56:903][838]LogSavePackage:Display: Finished SavePackage C:/Users/Jeremy/Documents/GitHub/Project-lonesome/Project_lonesome/Content/Levels/Second-Floor.umap
[2017.02.22-05.55.43:045][311]LogEditorViewport: Clicking on Actor (LMB): StaticMeshActor (Cube282)
[2017.02.22-05.55.54:369][459]LogSavePackage: Save=364.54ms
[2017.02.22-05.55.54:369][459]LogSavePackage: Moving 'C:/Users/Jeremy/Documents/GitHub/Project-lonesome/Project_lonesome/Saved/Second-Floor8EE63CB049349896AE8755BD588D91A0.tmp' to 'C:/Users/Jeremy/Documents/GitHub/Project-lonesome/Project_lonesome/Content/Levels/Second-Floor.umap'
[2017.02.22-05.55.54:372][459]LogSavePackage:Display: Finished SavePackage C:/Users/Jeremy/Documents/GitHub/Project-lonesome/Project_lonesome/Content/Levels/Second-Floor.umap
[2017.02.22-05.57.37:812][190]LogSavePackage: Save=345.80ms
[2017.02.22-05.57.37:812][190]LogSavePackage: Moving 'C:/Users/Jeremy/Documents/GitHub/Project-lonesome/Project_lonesome/Saved/Second-Floor5D674A3C407FD69573A66EBCBF6ED148.tmp' to 'C:/Users/Jeremy/Documents/GitHub/Project-lonesome/Project_lonesome/Content/Levels/Second-Floor.umap'
[2017.02.22-05.57.37:815][190]LogSavePackage:Display: Finished SavePackage C:/Users/Jeremy/Documents/GitHub/Project-lonesome/Project_lonesome/Content/Levels/Second-Floor.umap
[2017.02.22-05.57.50:602][507]LogEditorViewport: Clicking on Actor (LMB): Door_Blueprint_C (Door_Room216)
[2017.02.22-05.57.56:813][ 88]LogSavePackage: Save=353.83ms
[2017.02.22-05.57.56:813][ 88]LogSavePackage: Moving 'C:/Users/Jeremy/Documents/GitHub/Project-lonesome/Project_lonesome/Saved/Second-FloorD112975349CA666A426233BD6A7E15FA.tmp' to 'C:/Users/Jeremy/Documents/GitHub/Project-lonesome/Project_lonesome/Content/Levels/Second-Floor.umap'
[2017.02.22-05.57.56:816][ 88]LogSavePackage:Display: Finished SavePackage C:/Users/Jeremy/Documents/GitHub/Project-lonesome/Project_lonesome/Content/Levels/Second-Floor.umap
[2017.02.22-05.58.00:147][195]LogSpawn:Warning: UWorld::DestroyActor: World has no context! World: Second-FloorCopy, Actor: /Game/Levels/Second-FloorCopy.Second-FloorCopy:PersistentLevel.Second-FloorCopy_C_1
[2017.02.22-05.58.00:728][195]LogSavePackage: Save=582.13ms
[2017.02.22-05.58.00:728][195]LogSavePackage: Moving 'C:/Users/Jeremy/Documents/GitHub/Project-lonesome/Project_lonesome/Saved/Second-FloorCopyFCBE44F946BE34F3F6BDE4A618D5157D.tmp' to 'C:/Users/Jeremy/Documents/GitHub/Project-lonesome/Project_lonesome/Content/Levels/Second-FloorCopy.umap'
[2017.02.22-05.58.00:733][195]LogSavePackage:Display: Finished SavePackage C:/Users/Jeremy/Documents/GitHub/Project-lonesome/Project_lonesome/Content/Levels/Second-FloorCopy.umap
[2017.02.22-05.58.00:749][195]LogFileHelpers: Saving map 'Second-FloorCopy' took 0.744
[2017.02.22-05.58.00:997][196]Cmd: QUIT_EDITOR
[2017.02.22-05.58.02:051][196]LogWindowsTextInputMethodSystem:Display: IME system now deactivated.
[2017.02.22-05.58.02:076][196]LogExit: Preparing to exit.
[2017.02.22-05.58.02:882][196]LogExit: Editor shut down
[2017.02.22-05.58.02:883][196]LogExit: Transaction tracking system shut down
[2017.02.22-05.58.03:050][196]LogObj: Freed 0b from 0 cluster array pools.
[2017.02.22-05.58.03:050][196]LogExit: Object subsystem successfully closed.
[2017.02.22-05.58.03:073][196]LogD3D11RHI: Shutdown
[2017.02.22-05.58.03:073][196]LogD3D11RHI: CleanupD3DDevice
[2017.02.22-05.58.03:155][196]LogD3D11RHI: ~FD3D11DynamicRHI
[2017.02.22-05.58.03:163][196]LogModuleManager: Shutting down and abandoning module MovieSceneCapture (234)
[2017.02.22-05.58.03:163][196]LogModuleManager: Shutting down and abandoning module HierarchicalLODOutliner (233)
[2017.02.22-05.58.03:163][196]LogModuleManager: Shutting down and abandoning module CrashTracker (232)
[2017.02.22-05.58.03:163][196]LogModuleManager: Shutting down and abandoning module SceneOutliner (231)
[2017.02.22-05.58.03:163][196]LogModuleManager: Shutting down and abandoning module WidgetCarousel (230)
[2017.02.22-05.58.03:163][196]LogModuleManager: Shutting down and abandoning module AddContentDialog (229)
[2017.02.22-05.58.03:163][196]LogDirectoryWatcher: A directory notification for 'D:/Program Files (x86)/Epic Games/4.13/FeaturePacks/' was aborted.
[2017.02.22-05.58.03:167][196]LogModuleManager: Shutting down and abandoning module GameplayTags (228)
[2017.02.22-05.58.03:167][196]LogModuleManager: Shutting down and abandoning module EditorWidgets (227)
[2017.02.22-05.58.03:167][196]LogModuleManager: Shutting down and abandoning module CollectionManager (226)
[2017.02.22-05.58.03:167][196]LogDirectoryWatcher: A directory notification for 'C:/Users/Jeremy/Documents/GitHub/Project-lonesome/Project_lonesome/Content/Collections/' was aborted.
[2017.02.22-05.58.03:167][196]LogDirectoryWatcher: A directory notification for 'C:/Users/Jeremy/Documents/GitHub/Project-lonesome/Project_lonesome/Content/Developers/Jeremy/Collections/' was aborted.
[2017.02.22-05.58.03:167][196]LogDirectoryWatcher: A directory notification for 'C:/Users/Jeremy/Documents/GitHub/Project-lonesome/Project_lonesome/Saved/Collections/' was aborted.
[2017.02.22-05.58.03:167][196]LogModuleManager: Shutting down and abandoning module StatsViewer (225)
[2017.02.22-05.58.03:167][196]LogModuleManager: Shutting down and abandoning module FoliageEdit (224)
[2017.02.22-05.58.03:167][196]LogModuleManager: Shutting down and abandoning module LandscapeEditor (223)
[2017.02.22-05.58.03:167][196]LogModuleManager: Shutting down and abandoning module SceneDepthPickerMode (222)
[2017.02.22-05.58.03:168][196]LogModuleManager: Shutting down and abandoning module ActorPickerMode (221)
[2017.02.22-05.58.03:168][196]LogModuleManager: Shutting down and abandoning module GeometryMode (220)
[2017.02.22-05.58.03:168][196]LogModuleManager: Shutting down and abandoning module TextureAlignMode (219)
[2017.02.22-05.58.03:168][196]LogModuleManager: Shutting down and abandoning module BspMode (218)
[2017.02.22-05.58.03:168][196]LogModuleManager: Shutting down and abandoning module HardwareSurvey (217)
[2017.02.22-05.58.03:168][196]LogModuleManager: Shutting down and abandoning module SequenceRecorderSections (216)
[2017.02.22-05.58.03:168][196]LogModuleManager: Shutting down and abandoning module SequenceRecorder (215)
[2017.02.22-05.58.03:168][196]LogModuleManager: Shutting down and abandoning module AutomationWorker (214)
[2017.02.22-05.58.03:168][196]LogModuleManager: Shutting down and abandoning module MatineeToLevelSequence (213)
[2017.02.22-05.58.03:168][196]LogModuleManager: Shutting down and abandoning module PlacementMode (212)
[2017.02.22-05.58.03:168][196]LogModuleManager: Shutting down and abandoning module LevelSequenceEditor (211)
[2017.02.22-05.58.03:168][196]LogModuleManager: Shutting down and abandoning module WmfMediaFactory (210)
[2017.02.22-05.58.03:168][196]LogModuleManager: Shutting down and abandoning module WmfMediaEditor (209)
[2017.02.22-05.58.03:168][196]LogModuleManager: Shutting down and abandoning module AvfMediaFactory (208)
[2017.02.22-05.58.03:168][196]LogModuleManager: Shutting down and abandoning module AvfMediaEditor (207)
[2017.02.22-05.58.03:168][196]LogModuleManager: Shutting down and abandoning module Media (206)
[2017.02.22-05.58.03:168][196]LogModuleManager: Shutting down and abandoning module AndroidMediaFactory (205)
[2017.02.22-05.58.03:168][196]LogModuleManager: Shutting down and abandoning module AndroidMediaEditor (204)
[2017.02.22-05.58.03:168][196]LogModuleManager: Shutting down and abandoning module CharacterAI (203)
[2017.02.22-05.58.03:168][196]LogModuleManager: Shutting down and abandoning module SmartSnapping (202)
[2017.02.22-05.58.03:168][196]LogModuleManager: Shutting down and abandoning module SessionServices (201)
[2017.02.22-05.58.03:168][196]LogModuleManager: Shutting down and abandoning module ViewportSnapping (200)
[2017.02.22-05.58.03:168][196]LogModuleManager: Shutting down and abandoning module ViewportInteraction (199)
[2017.02.22-05.58.03:168][196]LogModuleManager: Shutting down and abandoning module LogVisualizer (198)
[2017.02.22-05.58.03:168][196]LogModuleManager: Shutting down and abandoning module GameProjectGeneration (197)
[2017.02.22-05.58.03:168][196]LogModuleManager: Shutting down and abandoning module IntroTutorials (196)
[2017.02.22-05.58.03:168][196]LogModuleManager: Shutting down and abandoning module EditorLiveStreaming (195)
[2017.02.22-05.58.03:168][196]LogModuleManager: Shutting down and abandoning module IOSPlatformEditor (194)
[2017.02.22-05.58.03:168][196]LogModuleManager: Shutting down and abandoning module HTML5PlatformEditor (193)
[2017.02.22-05.58.03:168][196]LogModuleManager: Shutting down and abandoning module AndroidDeviceDetection (192)
[2017.02.22-05.58.03:813][196]LogModuleManager: Shutting down and abandoning module AndroidPlatformEditor (191)
[2017.02.22-05.58.03:813][196]LogModuleManager: Shutting down and abandoning module IOSRuntimeSettings (190)
[2017.02.22-05.58.03:813][196]LogModuleManager: Shutting down and abandoning module AndroidRuntimeSettings (189)
[2017.02.22-05.58.03:813][196]LogModuleManager: Shutting down and abandoning module NiagaraEditor (188)
[2017.02.22-05.58.03:813][196]LogModuleManager: Shutting down and abandoning module MergeActors (187)
[2017.02.22-05.58.03:813][196]LogModuleManager: Shutting down and abandoning module SizeMap (186)
[2017.02.22-05.58.03:813][196]LogModuleManager: Shutting down and abandoning module TreeMap (185)
[2017.02.22-05.58.03:813][196]LogModuleManager: Shutting down and abandoning module ReferenceViewer (184)
[2017.02.22-05.58.03:813][196]LogModuleManager: Shutting down and abandoning module LocalizationService (183)
[2017.02.22-05.58.03:813][196]LogModuleManager: Shutting down and abandoning module LocalizationDashboard (182)
[2017.02.22-05.58.03:813][196]LogModuleManager: Shutting down and abandoning module HardwareTargeting (181)
[2017.02.22-05.58.03:813][196]LogModuleManager: Shutting down and abandoning module DeviceProfileEditor (180)
[2017.02.22-05.58.03:813][196]LogModuleManager: Shutting down and abandoning module UndoHistory (179)
[2017.02.22-05.58.03:813][196]LogModuleManager: Shutting down and abandoning module UserFeedback (178)
[2017.02.22-05.58.03:813][196]LogModuleManager: Shutting down and abandoning module XmlParser (177)
[2017.02.22-05.58.03:813][196]LogModuleManager: Shutting down and abandoning module Blutility (176)
[2017.02.22-05.58.03:813][196]LogModuleManager: Shutting down and abandoning module ProjectTargetPlatformEditor (175)
[2017.02.22-05.58.03:814][196]LogModuleManager: Shutting down and abandoning module ProjectSettingsViewer (174)
[2017.02.22-05.58.03:814][196]LogModuleManager: Shutting down and abandoning module InputBindingEditor (173)
[2017.02.22-05.58.03:814][196]LogModuleManager: Shutting down and abandoning module EditorSettingsViewer (172)
[2017.02.22-05.58.03:814][196]LogModuleManager: Shutting down and abandoning module SettingsEditor (171)
[2017.02.22-05.58.03:814][196]LogModuleManager: Shutting down and abandoning module ProjectLauncher (170)
[2017.02.22-05.58.03:814][196]LogModuleManager: Shutting down and abandoning module SessionFrontend (169)
[2017.02.22-05.58.03:814][196]LogModuleManager: Shutting down and abandoning module ProfilerClient (168)
[2017.02.22-05.58.03:814][196]LogModuleManager: Shutting down and abandoning module TargetDeviceServices (167)
[2017.02.22-05.58.03:814][196]LogModuleManager: Shutting down and abandoning module DeviceManager (166)
[2017.02.22-05.58.03:869][196]LogModuleManager: Shutting down and abandoning module AutomationController (165)
[2017.02.22-05.58.03:869][196]LogModuleManager: Shutting down and abandoning module AutomationWindow (164)
[2017.02.22-05.58.03:869][196]LogModuleManager: Shutting down and abandoning module Layers (163)
[2017.02.22-05.58.03:869][196]LogModuleManager: Shutting down and abandoning module ComponentVisualizers (162)
[2017.02.22-05.58.03:869][196]LogModuleManager: Shutting down and abandoning module DetailCustomizations (161)
[2017.02.22-05.58.03:869][196]LogModuleManager: Shutting down and abandoning module PackagesDialog (160)
[2017.02.22-05.58.03:869][196]LogModuleManager: Shutting down and abandoning module AnimGraph (159)
[2017.02.22-05.58.03:869][196]LogModuleManager: Shutting down and abandoning module Persona (158)
[2017.02.22-05.58.03:869][196]LogModuleManager: Shutting down and abandoning module Kismet (157)
[2017.02.22-05.58.03:870][196]LogModuleManager: Shutting down and abandoning module GraphEditor (156)
[2017.02.22-05.58.03:870][196]LogModuleManager: Shutting down and abandoning module ClassViewer (155)
[2017.02.22-05.58.03:870][196]LogModuleManager: Shutting down and abandoning module Toolbox (154)
[2017.02.22-05.58.03:870][196]LogModuleManager: Shutting down and abandoning module ModuleUI (153)
[2017.02.22-05.58.03:870][196]LogModuleManager: Shutting down and abandoning module MovieSceneTools (152)
[2017.02.22-05.58.03:870][196]LogModuleManager: Shutting down and abandoning module OutputLog (151)
[2017.02.22-05.58.03:870][196]LogModuleManager: Shutting down and abandoning module GammaUI (150)
[2017.02.22-05.58.03:870][196]LogModuleManager: Shutting down and abandoning module Documentation (149)
[2017.02.22-05.58.03:870][196]LogModuleManager: Shutting down and abandoning module Niagara (148)
[2017.02.22-05.58.03:870][196]LogModuleManager: Shutting down and abandoning module StreamingPauseRendering (147)
[2017.02.22-05.58.03:870][196]LogModuleManager: Shutting down and abandoning module AnalyticsET (146)
[2017.02.22-05.58.03:870][196]LogModuleManager: Shutting down and abandoning module PortalServices (145)
[2017.02.22-05.58.03:870][196]LogModuleManager: Shutting down and abandoning module PortalRpc (144)
[2017.02.22-05.58.03:870][196]LogModuleManager: Shutting down and abandoning module MessagingRpc (143)
[2017.02.22-05.58.03:870][196]LogModuleManager: Shutting down and abandoning module GameplayDebugger (142)
[2017.02.22-05.58.03:870][196]LogModuleManager: Shutting down and abandoning module AITestSuite (141)
[2017.02.22-05.58.03:870][196]LogModuleManager: Shutting down and abandoning module AIModule (140)
[2017.02.22-05.58.03:870][196]LogModuleManager: Shutting down and abandoning module ProfilerService (139)
[2017.02.22-05.58.04:065][196]LogModuleManager: Shutting down and abandoning module TaskGraph (138)
[2017.02.22-05.58.04:065][196]LogModuleManager: Shutting down and abandoning module SlateRemote (137)
[2017.02.22-05.58.04:065][196]LogModuleManager: Shutting down and abandoning module SteamVRController (136)
[2017.02.22-05.58.04:065][196]LogModuleManager: Shutting down and abandoning module SteamVR (135)
[2017.02.22-05.58.04:065][196]LogModuleManager: Shutting down and abandoning module ProceduralMeshComponentEditor (134)
[2017.02.22-05.58.04:065][196]LogModuleManager: Shutting down and abandoning module ProceduralMeshComponent (133)
[2017.02.22-05.58.04:065][196]LogModuleManager: Shutting down and abandoning module OculusLibrary (132)
[2017.02.22-05.58.04:065][196]LogModuleManager: Shutting down and abandoning module OculusInput (131)
[2017.02.22-05.58.04:065][196]LogModuleManager: Shutting down and abandoning module CustomMeshComponent (130)
[2017.02.22-05.58.04:065][196]LogModuleManager: Shutting down and abandoning module CableComponent (129)
[2017.02.22-05.58.04:065][196]LogModuleManager: Shutting down and abandoning module ArchVisCharacter (128)
[2017.02.22-05.58.04:065][196]LogModuleManager: Shutting down and abandoning module MediaPlayerEditor (126)
[2017.02.22-05.58.04:065][196]LogModuleManager: Shutting down and abandoning module HTML5Networking (125)
[2017.02.22-05.58.04:065][196]LogModuleManager: Shutting down and abandoning module GeometryCacheEd (124)
[2017.02.22-05.58.04:065][196]LogModuleManager: Shutting down and abandoning module GeometryCache (123)
[2017.02.22-05.58.04:065][196]LogModuleManager: Shutting down and abandoning module AlembicLibrary (122)
[2017.02.22-05.58.04:065][196]LogModuleManager: Shutting down and abandoning module AlembicImporter (121)
[2017.02.22-05.58.04:066][196]LogModuleManager: Shutting down and abandoning module SuperSearch (120)
[2017.02.22-05.58.04:066][196]LogModuleManager: Shutting down and abandoning module SuperSearchEditor (119)
[2017.02.22-05.58.04:066][196]LogModuleManager: Shutting down and abandoning module SpeedTreeImporter (118)
[2017.02.22-05.58.04:066][196]LogModuleManager: Shutting down and abandoning module PluginBrowser (117)
[2017.02.22-05.58.04:066][196]LogModuleManager: Shutting down and abandoning module MobileLauncherProfileWizard (116)
[2017.02.22-05.58.04:066][196]LogModuleManager: Shutting down and abandoning module EpicSurvey (115)
[2017.02.22-05.58.04:066][196]LogModuleManager: Shutting down and abandoning module DesktopPlatform (114)
[2017.02.22-05.58.04:066][196]LogModuleManager: Shutting down and abandoning module VisualStudioSourceCodeAccess (113)
[2017.02.22-05.58.04:066][196]LogModuleManager: Shutting down and abandoning module UObjectPlugin (112)
[2017.02.22-05.58.04:066][196]LogModuleManager: Shutting down and abandoning module SubversionSourceControl (111)
[2017.02.22-05.58.04:066][196]LogModuleManager: Shutting down and abandoning module PerforceSourceControl (110)
[2017.02.22-05.58.04:066][196]LogModuleManager: Shutting down and abandoning module SourceControl (109)
[2017.02.22-05.58.04:066][196]LogModuleManager: Shutting down and abandoning module GitSourceControl (108)
[2017.02.22-05.58.04:066][196]LogModuleManager: Shutting down and abandoning module LightPropagationVolumeEditor (107)
[2017.02.22-05.58.04:066][196]LogModuleManager: Shutting down and abandoning module PaperTiledImporter (106)
[2017.02.22-05.58.04:066][196]LogModuleManager: Shutting down and abandoning module PaperSpriteSheetImporter (105)
[2017.02.22-05.58.04:066][196]LogModuleManager: Shutting down and abandoning module MeshPaint (104)
[2017.02.22-05.58.04:066][196]LogModuleManager: Shutting down and abandoning module FbxAutomationBuilderModule (103)
[2017.02.22-05.58.04:066][196]LogModuleManager: Shutting down and abandoning module PixelInspectorModule (102)
[2017.02.22-05.58.04:066][196]LogModuleManager: Shutting down and abandoning module HotReload (101)
[2017.02.22-05.58.04:066][196]LogModuleManager: Shutting down and abandoning module MainFrame (100)
[2017.02.22-05.58.04:066][196]LogModuleManager: Shutting down and abandoning module LevelEditor (99)
[2017.02.22-05.58.04:067][196]LogModuleManager: Shutting down and abandoning module ContentBrowser (98)
[2017.02.22-05.58.04:068][196]LogModuleManager: Shutting down and abandoning module Paper2DEditor (97)
[2017.02.22-05.58.04:068][196]LogModuleManager: Shutting down and abandoning module UdpMessaging (96)
[2017.02.22-05.58.04:169][196]LogModuleManager: Shutting down and abandoning module TcpMessaging (95)
[2017.02.22-05.58.04:270][196]LogModuleManager: Shutting down and abandoning module LightPropagationVolumeRuntime (94)
[2017.02.22-05.58.04:270][196]LogModuleManager: Shutting down and abandoning module Paper2D (93)
[2017.02.22-05.58.04:270][196]LogModuleManager: Shutting down and abandoning module WindowsMoviePlayer (92)
[2017.02.22-05.58.04:270][196]LogModuleManager: Shutting down and abandoning module WmfMedia (91)
[2017.02.22-05.58.04:270][196]LogModuleManager: Shutting down and abandoning module MediaAssets (90)
[2017.02.22-05.58.04:270][196]LogModuleManager: Shutting down and abandoning module GameLiveStreaming (89)
[2017.02.22-05.58.04:270][196]LogModuleManager: Shutting down and abandoning module GameplayTagsEditor (88)
[2017.02.22-05.58.04:270][196]LogModuleManager: Shutting down and abandoning module VREditor (87)
[2017.02.22-05.58.04:270][196]LogModuleManager: Shutting down and abandoning module GameplayTasksEditor (86)
[2017.02.22-05.58.04:270][196]LogModuleManager: Shutting down and abandoning module PropertyEditor (85)
[2017.02.22-05.58.04:270][196]LogModuleManager: Shutting down and abandoning module BehaviorTreeEditor (84)
[2017.02.22-05.58.04:270][196]LogModuleManager: Shutting down and abandoning module FunctionalTesting (83)
[2017.02.22-05.58.04:270][196]LogModuleManager: Shutting down and abandoning module CollisionAnalyzer (82)
[2017.02.22-05.58.04:270][196]LogModuleManager: Shutting down and abandoning module Sequencer (81)
[2017.02.22-05.58.04:270][196]LogModuleManager: Shutting down and abandoning module WorkspaceMenuStructure (80)
[2017.02.22-05.58.04:270][196]LogModuleManager: Shutting down and abandoning module MessageLog (79)
[2017.02.22-05.58.04:270][196]LogModuleManager: Shutting down and abandoning module AssetTools (78)
[2017.02.22-05.58.04:270][196]LogModuleManager: Shutting down and abandoning module UMGEditor (77)
[2017.02.22-05.58.04:270][196]LogModuleManager: Shutting down and abandoning module UMG (76)
[2017.02.22-05.58.04:270][196]LogModuleManager: Shutting down and abandoning module SlateReflector (75)
[2017.02.22-05.58.04:270][196]LogModuleManager: Shutting down and abandoning module Slate (74)
[2017.02.22-05.58.04:270][196]LogModuleManager: Shutting down and abandoning module EditorStyle (73)
[2017.02.22-05.58.04:272][196]LogModuleManager: Shutting down and abandoning module SourceCodeAccess (72)
[2017.02.22-05.58.04:272][196]LogModuleManager: Shutting down and abandoning module HeadMountedDisplay (71)
[2017.02.22-05.58.04:272][196]LogModuleManager: Shutting down and abandoning module XAudio2 (70)
[2017.02.22-05.58.04:272][196]LogModuleManager: Shutting down and abandoning module Networking (68)
[2017.02.22-05.58.04:272][196]LogModuleManager: Shutting down and abandoning module Core (67)
[2017.02.22-05.58.04:272][196]LogModuleManager: Shutting down and abandoning module DirectoryWatcher (66)
[2017.02.22-05.58.04:272][196]LogDirectoryWatcher: A directory notification for '../../../Engine/Content/' was aborted.
[2017.02.22-05.58.04:272][196]LogDirectoryWatcher: A directory notification for 'C:/Users/Jeremy/Documents/GitHub/Project-lonesome/Project_lonesome/Content/' was aborted.
[2017.02.22-05.58.04:273][196]LogDirectoryWatcher: A directory notification for '../../../Engine/Plugins/2D/Paper2D/Content/' was aborted.
[2017.02.22-05.58.04:273][196]LogModuleManager: Shutting down and abandoning module AssetRegistry (65)
[2017.02.22-05.58.04:377][196]LogModuleManager: Shutting down and abandoning module KismetCompiler (64)
[2017.02.22-05.58.04:377][196]LogModuleManager: Shutting down and abandoning module PhysXFormats (63)
[2017.02.22-05.58.04:377][196]LogModuleManager: Shutting down and abandoning module MeshUtilities (62)
[2017.02.22-05.58.04:377][196]LogModuleManager: Shutting down and abandoning module DerivedDataCache (61)
[2017.02.22-05.58.04:387][196]LogDerivedDataCache: Shutdown
[2017.02.22-05.58.04:387][196]LogModuleManager: Shutting down and abandoning module VulkanShaderFormat (60)
[2017.02.22-05.58.04:387][196]LogModuleManager: Shutting down and abandoning module ShaderFormatOpenGL (59)
[2017.02.22-05.58.04:387][196]LogModuleManager: Shutting down and abandoning module ShaderFormatD3D (58)
[2017.02.22-05.58.04:387][196]LogModuleManager: Shutting down and abandoning module MetalShaderFormat (57)
[2017.02.22-05.58.04:387][196]LogModuleManager: Shutting down and abandoning module TextureFormatUncompressed (56)
[2017.02.22-05.58.04:387][196]LogModuleManager: Shutting down and abandoning module TextureFormatPVR (55)
[2017.02.22-05.58.04:387][196]LogModuleManager: Shutting down and abandoning module TextureFormatDXT (54)
[2017.02.22-05.58.04:387][196]LogModuleManager: Shutting down and abandoning module TextureFormatIntelISPCTexComp (53)
[2017.02.22-05.58.04:387][196]LogModuleManager: Shutting down and abandoning module ImageWrapper (52)
[2017.02.22-05.58.04:387][196]LogModuleManager: Shutting down and abandoning module TextureFormatASTC (51)
[2017.02.22-05.58.04:387][196]LogModuleManager: Shutting down and abandoning module TextureFormatAndroid (50)
[2017.02.22-05.58.04:387][196]LogModuleManager: Shutting down and abandoning module AudioFormatOpus (49)
[2017.02.22-05.58.04:387][196]LogModuleManager: Shutting down and abandoning module AudioFormatOgg (48)
[2017.02.22-05.58.04:387][196]LogModuleManager: Shutting down and abandoning module AudioFormatADPCM (47)
[2017.02.22-05.58.04:387][196]LogModuleManager: Shutting down and abandoning module LinuxTargetPlatform (46)
[2017.02.22-05.58.04:387][196]LogModuleManager: Shutting down and abandoning module LinuxServerTargetPlatform (45)
[2017.02.22-05.58.04:387][196]LogModuleManager: Shutting down and abandoning module LinuxNoEditorTargetPlatform (44)
[2017.02.22-05.58.04:387][196]LogModuleManager: Shutting down and abandoning module LinuxClientTargetPlatform (43)
[2017.02.22-05.58.04:387][196]LogModuleManager: Shutting down and abandoning module TVOSTargetPlatform (42)
[2017.02.22-05.58.04:387][196]LogModuleManager: Shutting down and abandoning module Messaging (41)
[2017.02.22-05.58.04:387][196]LogModuleManager: Shutting down and abandoning module IOSTargetPlatform (40)
[2017.02.22-05.58.04:387][196]LogModuleManager: Shutting down and abandoning module HTML5TargetPlatform (39)
[2017.02.22-05.58.04:388][196]LogModuleManager: Shutting down and abandoning module Android_PVRTCTargetPlatform (38)
[2017.02.22-05.58.04:388][196]LogModuleManager: Shutting down and abandoning module Android_MultiTargetPlatform (37)
[2017.02.22-05.58.04:388][196]LogModuleManager: Shutting down and abandoning module Android_ETC2TargetPlatform (36)
[2017.02.22-05.58.04:388][196]LogModuleManager: Shutting down and abandoning module Android_ETC1TargetPlatform (35)
[2017.02.22-05.58.04:388][196]LogModuleManager: Shutting down and abandoning module Android_DXTTargetPlatform (34)
[2017.02.22-05.58.04:388][196]LogModuleManager: Shutting down and abandoning module Android_ATCTargetPlatform (33)
[2017.02.22-05.58.04:388][196]LogModuleManager: Shutting down and abandoning module Android_ASTCTargetPlatform (32)
[2017.02.22-05.58.04:388][196]LogModuleManager: Shutting down and abandoning module AndroidTargetPlatform (31)
[2017.02.22-05.58.04:388][196]LogModuleManager: Shutting down and abandoning module WindowsTargetPlatform (30)
[2017.02.22-05.58.04:388][196]LogModuleManager: Shutting down and abandoning module WindowsServerTargetPlatform (29)
[2017.02.22-05.58.04:388][196]LogModuleManager: Shutting down and abandoning module WindowsNoEditorTargetPlatform (28)
[2017.02.22-05.58.04:388][196]LogModuleManager: Shutting down and abandoning module WindowsClientTargetPlatform (27)
[2017.02.22-05.58.04:388][196]LogModuleManager: Shutting down and abandoning module AllDesktopTargetPlatform (26)
[2017.02.22-05.58.04:388][196]LogModuleManager: Shutting down and abandoning module TargetPlatform (25)
[2017.02.22-05.58.04:388][196]LogModuleManager: Shutting down and abandoning module InputCore (24)
[2017.02.22-05.58.04:388][196]LogModuleManager: Shutting down and abandoning module Settings (23)
[2017.02.22-05.58.04:388][196]LogModuleManager: Shutting down and abandoning module OculusRift (22)
[2017.02.22-05.58.04:388][196]LogModuleManager: Shutting down and abandoning module GearVR (21)
[2017.02.22-05.58.04:388][196]LogModuleManager: Shutting down and abandoning module ExampleDeviceProfileSelector (20)
[2017.02.22-05.58.04:388][196]LogModuleManager: Shutting down and abandoning module OnlineBlueprintSupport (19)
[2017.02.22-05.58.04:388][196]LogModuleManager: Shutting down and abandoning module OnlineSubsystem (17)
[2017.02.22-05.58.04:388][196]LogOnline:Display: Unloading online subsystem: NULL
[2017.02.22-05.58.04:388][196]LogModuleManager: Shutting down and abandoning module HTTP (16)
[2017.02.22-05.58.04:388][196]LogHttp:Display: Http module shutting down, but needs to wait on 1 outstanding Http requests:
[2017.02.22-05.58.04:388][196]LogHttp:Display: 	verb=[POST] url=[https://datarouter.ol.epicgames.com/datarouter/api/v1/public/data?SessionID=%7BAC559FEB-4E33-EFFC-CCB3-19839793DA0A%7D&AppID=UEEditor.Rocket.Release&AppVersion=4.13.1-3142249%2B%2B%2BUE4%2BRelease-4.13&UserID=c44897874c53e68159c833aad6b4a091%7Ca2f4d8b11bd94ef99664b9abb109ceb7%7C2b738531-6d61-486b-930d-189a825896e7&AppEnvironment=datacollector-binary&UploadType=eteventstream] status=Processing
[2017.02.22-05.58.04:399][196]LogModuleManager: Shutting down and abandoning module XMPP (15)
[2017.02.22-05.58.04:399][196]LogModuleManager: Shutting down and abandoning module TextureCompressor (14)
[2017.02.22-05.58.04:399][196]LogModuleManager: Shutting down and abandoning module ShaderCore (13)
[2017.02.22-05.58.04:399][196]LogModuleManager: Shutting down and abandoning module Landscape (12)
[2017.02.22-05.58.04:399][196]LogModuleManager: Shutting down and abandoning module SlateRHIRenderer (11)
[2017.02.22-05.58.04:400][196]LogModuleManager: Shutting down and abandoning module OpenGLDrv (10)
[2017.02.22-05.58.04:400][196]LogModuleManager: Shutting down and abandoning module D3D11RHI (9)
[2017.02.22-05.58.04:400][196]LogModuleManager: Shutting down and abandoning module AnimGraphRuntime (8)
[2017.02.22-05.58.04:400][196]LogModuleManager: Shutting down and abandoning module Renderer (7)
[2017.02.22-05.58.04:400][196]LogModuleManager: Shutting down and abandoning module Engine (6)
[2017.02.22-05.58.04:400][196]LogModuleManager: Shutting down and abandoning module CoreUObject (5)
[2017.02.22-05.58.04:400][196]LogModuleManager: Shutting down and abandoning module NetworkFile (4)
[2017.02.22-05.58.04:400][196]LogModuleManager: Shutting down and abandoning module StreamingFile (3)
[2017.02.22-05.58.04:400][196]LogModuleManager: Shutting down and abandoning module SandboxFile (2)
[2017.02.22-05.58.04:400][196]LogModuleManager: Shutting down and abandoning module PakFile (1)
[2017.02.22-05.58.04:402][196]LogExit: Exiting.
[2017.02.22-05.58.04:403][196]Log file closed, 02/21/17 21:58:04
